10:32:25: 	Системное сообщение	Программный комплекс включен
10:35:40: 	Системное сообщение	Программный комплекс включен
11:02:47: 	Системное сообщение	Программный комплекс включен
11:03:05: 	Действие оператора	Изменение настроек поезда: 7324 Крюково ЛАСТОЧКА: Путь:  -> 1; 
11:08:13: 	Системное сообщение	Программный комплекс включен
11:08:20: 	Действие оператора	Изменение настроек поезда: 7324 Крюково ЛАСТОЧКА: Путь:  -> 1; 
11:11:31: 	Действие оператора	Изменение настроек поезда: 757 СанктПетербург - Москва: Путь:  -> 2; 
11:50:51: 	Системное сообщение	Программный комплекс включен
11:50:58: 	Действие оператора	Изменение настроек поезда: 6342 Крюково: Путь:  -> 1; 
11:51:19: 	Действие оператора	Изменение настроек поезда: 6342 Крюково: Отправление: 12:11 -> 14:15; 
11:51:48: 	Действие оператора	Изменение настроек поезда: 6342 Крюково: Путь: 1 -> ; 
11:51:49: 	Действие оператора	Изменение настроек поезда: 6342 Крюково: Путь:  -> 1; 
11:55:28: 	Системное сообщение	Программный комплекс включен
11:55:36: 	Действие оператора	Изменение настроек поезда: 6342 Крюково: Путь:  -> 1; 
11:55:42: 	Действие оператора	Изменение настроек поезда: 6342 Крюково: Отправление: 12:11 -> 12:13; 
11:58:06: 	Действие оператора	Изменение настроек поезда: 6342 Крюково: Отправление: 12:13 -> 12:15; 
12:01:45: 	Системное сообщение	Программный комплекс включен
12:01:53: 	Действие оператора	Изменение настроек поезда: 6342 Крюково: Путь:  -> 1; 
12:01:58: 	Действие оператора	Изменение настроек поезда: 6342 Крюково: Отправление: 12:11 -> 12:13; 
12:04:05: 	Системное сообщение	Программный комплекс включен
12:04:11: 	Действие оператора	Изменение настроек поезда: 6342 Крюково: Путь:  -> 1; 
12:04:14: 	Действие оператора	Изменение настроек поезда: 6342 Крюково: Отправление: 12:11 -> 12:13; 
12:04:43: 	Действие оператора	Изменение настроек поезда: 6342 Крюково: Отправление: 12:11 -> 12:13; 
12:05:48: 	Системное сообщение	Программный комплекс включен
12:05:55: 	Действие оператора	Изменение настроек поезда: 6344 Крюково: Путь:  -> 1; 
12:06:00: 	Действие оператора	Изменение настроек поезда: 6344 Крюково: Отправление: 12:20 -> 13:20; 
12:07:52: 	Системное сообщение	Программный комплекс включен
12:08:00: 	Действие оператора	Изменение настроек поезда: 6342 Крюково: Путь:  -> 1; 
12:08:04: 	Действие оператора	Изменение настроек поезда: 6342 Крюково: Отправление: 12:11 -> 12:13; 
12:08:11: 	Действие оператора	Изменение настроек поезда: 6727 Тверь - Москва: Прибытие: 01:16 -> 01:18; 
12:10:27: 	Системное сообщение	Программный комплекс включен
12:10:35: 	Действие оператора	Изменение настроек поезда: 6346 Крюково: Путь:  -> 1; 
12:10:38: 	Действие оператора	Изменение настроек поезда: 6346 Крюково: Отправление: 12:35 -> 12:37; 
12:11:05: 	Действие оператора	Изменение настроек поезда: 6346 Крюково: Отправление: 12:37 -> 15:50; 
12:36:19: 	Системное сообщение	Программный комплекс включен
12:36:35: 	Действие оператора	Изменение настроек поезда: 759 СанктПетербург - Москва: Путь:  -> 1; 
12:36:37: 	Действие оператора	Изменение настроек поезда: 766 Москва - СанктПетербург: Путь:  -> 2; 
12:36:39: 	Действие оператора	Изменение настроек поезда: 768 Москва - СанктПетербург: Путь:  -> 1; 
12:36:48: 	Действие оператора	Изменение настроек поезда: 748 Москва - С.Петербург: Путь:  -> 3; 
12:36:55: 	Действие оператора	Изменение настроек поезда: 30 Москва - СанктПетербург: Путь:  -> 2; 
12:36:58: 	Действие оператора	Изменение настроек поезда: 6300 Крюково: Путь:  -> 1; 
12:37:00: 	Действие оператора	Изменение настроек поезда: 30 Москва - СанктПетербург: Путь: 2 -> 3; 
12:37:06: 	Действие оператора	Изменение настроек поезда: 6300 Крюково: Путь: 1 -> 2; 
12:38:54: 	Системное сообщение	Программный комплекс включен
12:39:13: 	Системное сообщение	Программный комплекс включен
12:39:17: 	Действие оператора	Изменение настроек поезда: 6348 Крюково: Путь:  -> 1; 
12:39:19: 	Действие оператора	Изменение настроек поезда: 759 СанктПетербург - Москва: Путь:  -> 2; 
12:39:21: 	Действие оператора	Изменение настроек поезда: 766 Москва - СанктПетербург: Путь:  -> 3; 
12:39:49: 	Системное сообщение	Программный комплекс включен
12:40:11: 	Действие оператора	Изменение настроек поезда: 757 СанктПетербург - Москва: Путь:  -> 1; 
12:40:12: 	Действие оператора	Изменение настроек поезда: 6348 Крюково: Путь:  -> 2; 
12:40:14: 	Действие оператора	Изменение настроек поезда: 759 СанктПетербург - Москва: Путь:  -> 3; 
12:40:19: 	Действие оператора	Изменение настроек поезда: 6396 Крюково: Путь:  -> 2; 
12:40:21: 	Действие оператора	Изменение настроек поезда: 16 Москва - Мурманск "Арктика": Путь:  -> 3; 
12:40:23: 	Действие оператора	Изменение настроек поезда: 6398 Крюково: Путь:  -> 1; 
12:40:26: 	Действие оператора	Изменение настроек поезда: 6727 Тверь - Москва: Путь:  -> 3; 
