13:35:53: 	Системное сообщение	Программный комплекс включен
13:36:38: 	Действие оператора	Изменение настроек поезда: 6615 Нахабино: Поезд: Нахабино -> ; Ст.Назн.: Нахабино -> ; Отправление: 16:35 -> 16:44; 
13:41:19: 	Системное сообщение	Программный комплекс включен
14:11:29: 	Системное сообщение	Программный комплекс включен
14:13:20: 	Системное сообщение	Программный комплекс включен
14:15:40: 	Системное сообщение	Программный комплекс включен
14:16:13: 	Системное сообщение	Программный комплекс включен
14:16:37: 	Системное сообщение	Программный комплекс включен
14:18:51: 	Действие оператора	Изменение настроек поезда: 6115 Волоколамск: Путь: 4 -> 7; 
14:20:19: 	Системное сообщение	Программный комплекс включен
14:23:31: 	Системное сообщение	Программный комплекс включен
14:25:41: 	Системное сообщение	Программный комплекс включен
14:28:30: 	Системное сообщение	Программный комплекс включен
14:30:36: 	Действие оператора	Изменение настроек поезда: 6617 Нахабино: Путь: 3 -> 10; 
14:32:37: 	Действие оператора	Изменение настроек поезда: 6217 Румянцево: Путь: 4 -> 1т; 
14:34:44: 	Системное сообщение	Программный комплекс включен
14:35:24: 	Действие оператора	Изменение настроек поезда: 6611 Нахабино: Путь: 3 -> ; 
14:36:01: 	Действие оператора	Изменение настроек поезда: 6613 Нахабино: Путь: 3 -> 7; 
14:36:32: 	Действие оператора	Изменение настроек поезда: 6613 Нахабино: Путь: 7 -> 8; 
14:36:37: 	Действие оператора	Изменение настроек поезда: 6613 Нахабино: Путь: 8 -> 9; 
14:36:40: 	Действие оператора	Изменение настроек поезда: 6613 Нахабино: Путь: 9 -> ; 
14:38:07: 	Действие оператора	Изменение настроек поезда: 6613 Нахабино: Путь:  -> 9; 
14:38:15: 	Действие оператора	Изменение настроек поезда: 6613 Нахабино: Путь: 9 -> 10; 
14:39:01: 	Действие оператора	Изменение настроек поезда: 6011 Шаховская: Путь: 4 -> 1; 
14:39:51: 	Действие оператора	Изменение настроек поезда: 6615 Нахабино: Путь: 4 -> 3; 
14:44:34: 	Системное сообщение	Программный комплекс включен
14:45:11: 	Действие оператора	Изменение настроек поезда: 6611 Нахабино: Путь: 3 -> 4; 
14:45:34: 	Действие оператора	Изменение настроек поезда: 6611 Нахабино: Путь: 4 -> 3; 
