10:35:02: 	Системное сообщение	Программный комплекс включен
16:13:52: 	Системное сообщение	Программный комплекс включен
16:21:53: 	Системное сообщение	Программный комплекс включен
16:22:04: 	Действие оператора	Изменение настроек поезда: 7344 Крюково ЛАСТОЧКА: Путь:  -> 1; 
16:23:24: 	Системное сообщение	Программный комплекс включен
16:23:28: 	Действие оператора	Изменение настроек поезда: 7124 Тверь ЛАСТОЧКА: Путь:  -> 1; 
16:23:30: 	Действие оператора	Изменение настроек поезда: 6358 Крюково: Путь:  -> 2; 
16:24:20: 	Действие оператора	Изменение настроек поезда: 7124 Тверь ЛАСТОЧКА: Путь: 1 -> ; 
16:24:21: 	Действие оператора	Изменение настроек поезда: 6358 Крюково: Путь: 2 -> ; 
16:24:46: 	Действие оператора	Изменение настроек поезда: 7342 Крюково ЛАСТОЧКА: Путь:  -> 4; 
16:55:09: 	Системное сообщение	Программный комплекс включен
16:56:49: 	Системное сообщение	Программный комплекс включен
16:58:54: 	Системное сообщение	Программный комплекс включен
16:59:16: 	Системное сообщение	Программный комплекс включен
16:59:37: 	Системное сообщение	Программный комплекс включен
16:59:59: 	Системное сообщение	Программный комплекс включен
17:01:08: 	Действие оператора	Работа разрешена
17:01:09: 	Действие оператора	Работа запрещена
17:02:17: 	Системное сообщение	Программный комплекс включен
17:02:52: 	Системное сообщение	Программный комплекс включен
17:03:34: 	Системное сообщение	Программный комплекс включен
17:05:00: 	Системное сообщение	Программный комплекс включен
17:09:32: 	Системное сообщение	Программный комплекс включен
17:12:44: 	Системное сообщение	Программный комплекс включен
17:13:31: 	Системное сообщение	Программный комплекс включен
17:13:42: 	Системное сообщение	Программный комплекс включен
