09:42:02: 	Системное сообщение	Программный комплекс включен
09:42:28: 	Действие оператора	Изменение настроек поезда: 6727 Тверь - Москва: Путь:  -> 1; 
09:42:39: 	Действие оператора	Изменение настроек поезда: 6727 Тверь - Москва: Путь: 1 -> ; 
09:42:42: 	Действие оператора	Изменение настроек поезда: 6606 Конаково: Путь:  -> 2; 
09:45:41: 	Системное сообщение	Программный комплекс включен
09:45:49: 	Действие оператора	Работа разрешена
09:46:00: 	Действие оператора	Изменение настроек поезда: 6510 Подсолнечная: Путь:  -> 1; 
09:47:30: 	Автоматическое воспроизведение звукового сообщения	Объявления по громкой связи
10:01:21: 	Действие оператора	Изменение настроек поезда: 6510 Подсолнечная: Путь: 1 -> ; 
10:01:29: 	Действие оператора	Изменение настроек поезда: 7322 Крюково ЛАСТОЧКА: Путь:  -> 1; 
10:02:34: 	Системное сообщение	Программный комплекс включен
10:02:41: 	Действие оператора	Изменение настроек поезда: 6334 Крюково: Путь:  -> 1; 
10:02:55: 	Действие оператора	Работа разрешена
10:03:41: 	Системное сообщение	Программный комплекс включен
10:03:56: 	Действие оператора	Изменение настроек поезда: 91 Мурманск - Москва: Путь:  -> 2; 
10:04:04: 	Действие оператора	Работа разрешена
10:04:52: 	Системное сообщение	Программный комплекс включен
10:04:55: 	Действие оператора	Работа разрешена
10:05:20: 	Действие оператора	Изменение настроек поезда: 7322 Крюково ЛАСТОЧКА: Путь:  -> 5; 
10:05:46: 	Автоматическое воспроизведение звукового сообщения	Выход через турникеты
10:05:46: 	Автоматическое воспроизведение звукового сообщения	Пожарная безопастность
10:06:06: 	Действие оператора	Изменение настроек поезда: 91 Мурманск - Москва: Путь:  -> 7; 
10:06:29: 	Действие оператора	Работа запрещена
10:06:55: 	Действие оператора	Работа разрешена
10:06:57: 	Действие оператора	Работа запрещена
10:06:58: 	Действие оператора	Работа разрешена
10:10:20: 	Действие оператора	Изменение настроек поезда: 6334 Крюково: Путь:  -> 1; 
10:10:30: 	Автоматическое воспроизведение звукового сообщения	Курение Табака
10:22:00: 	Автоматическое воспроизведение расписания	Формирование звукового сообщения: уважаемые пассажиры Пригородный электропоезд до ст 6334 Отправлением Время отправления: 10:42 будет подан под посадку На 1ый путь уважаемые пассажиры Пригородный электропоезд до ст 6334 Отправлением Время отправления: 10:42 будет подан под посадку На 1ый путь Электропоезд движется с остановками кроме станций: Малино . Повтор 1 раз.
10:25:30: 	Автоматическое воспроизведение звукового сообщения	Маломабильные пассажиры зал
10:43:26: 	Системное сообщение	Программный комплекс включен
10:43:33: 	Действие оператора	Изменение настроек поезда: 755 СанктПетербург - Москва: Путь:  -> 1; 
11:14:24: 	Системное сообщение	Программный комплекс включен
11:14:44: 	Действие оператора	Работа разрешена
11:14:50: 	Действие оператора	Изменение настроек поезда: 7326 Крюково ЛАСТОЧКА: Путь:  -> 2; 
11:15:31: 	Автоматическое воспроизведение звукового сообщения	КХР
11:19:48: 	Системное сообщение	Программный комплекс включен
11:19:58: 	Действие оператора	Изменение настроек поезда: 7326 Крюково ЛАСТОЧКА: Путь:  -> 2; 
11:22:57: 	Системное сообщение	Программный комплекс включен
11:23:03: 	Действие оператора	Изменение настроек поезда: 7326 Крюково ЛАСТОЧКА: Путь:  -> 2; 
11:24:44: 	Автоматическое воспроизведение сообщения о внештатной ситуации	Формирование звукового сообщения: уважаемые пассажиры ускор. ласточка до ст 7326 Отправлением Время отправления: 11:40 будет подан под посадку На 2ой путь ускор. ласточка до ст 7326 Отправлением Время отправления: 11:40 будет подан под посадку На 2ой путь Электропоезд движется с остановками на станциях: Химки Сходня . Повтор 1 раз.
11:49:17: 	Системное сообщение	Программный комплекс включен
11:49:23: 	Действие оператора	Изменение настроек поезда: 6344 Крюково: Путь:  -> 2; 
12:57:38: 	Системное сообщение	Программный комплекс включен
12:57:45: 	Действие оператора	Изменение настроек поезда: 768 Москва - СанктПетербург: Путь:  -> 2; 
12:58:31: 	Действие оператора	Работа разрешена
12:59:08: 	Действие оператора	Изменение настроек поезда: 768 Москва - СанктПетербург: Путь:  -> 2; 
13:00:31: 	Системное сообщение	Программный комплекс включен
13:00:37: 	Действие оператора	Изменение настроек поезда: 768 Москва - СанктПетербург: Путь:  -> 2; 
13:00:51: 	Действие оператора	Работа разрешена
13:02:42: 	Автоматическое воспроизведение звукового сообщения	Видео наблюдение
13:02:59: 	Действие оператора	Изменение настроек поезда: 6512 Клин: Поезд: Клин -> Ховрино - Клин; Путь:  -> 3; Ст.Отпр.:  -> Ховрино; 
13:10:57: 	Автоматическое воспроизведение звукового сообщения	Курение Табака
13:11:25: 	Автоматическое воспроизведение сообщения о внештатной ситуации	Формирование звукового сообщения: уважаемые пассажиры Пригородный электропоезд до ст 768 Отправлением Время отправления: 13:40 будет подан под посадку На 2ой путь уважаемые пассажиры Пригородный электропоезд до ст 768 Отправлением Время отправления: 13:40 будет подан под посадку На 2ой путь . Повтор 1 раз.
13:12:29: 	Системное сообщение	Программный комплекс включен
13:12:36: 	Действие оператора	Изменение настроек поезда: 768 Москва - СанктПетербург: Путь:  -> 1; 
13:13:38: 	Действие оператора	Работа разрешена
13:13:55: 	Автоматическое воспроизведение сообщения о внештатной ситуации	Формирование звукового сообщения: уважаемые пассажиры Пригородный электропоезд до ст 768 Отправлением Время отправления: 13:40 будет подан под посадку На 1ый путь уважаемые пассажиры Пригородный электропоезд до ст 768 Отправлением Время отправления: 13:40 будет подан под посадку На 1ый путь . Повтор 1 раз.
13:14:28: 	Системное сообщение	Программный комплекс включен
13:14:35: 	Действие оператора	Изменение настроек поезда: 6512 Клин: Путь:  -> 4; 
13:15:45: 	Автоматическое воспроизведение сообщения о внештатной ситуации	Формирование звукового сообщения: Внимание Встречающие скорый поезд 6512 Ожидается прибытием На 4ый путь Внимание Встречающие скорый поезд 6512 Ожидается прибытием На 4ый путь Благодарим за внимание . Повтор 1 раз.
13:16:46: 	Автоматическое воспроизведение сообщения о внештатной ситуации	Формирование звукового сообщения: Внимание Встречающие скорый поезд 6512 Ожидается прибытием На 4ый путь Внимание Встречающие скорый поезд 6512 Ожидается прибытием На 4ый путь Благодарим за внимание . Повтор 1 раз.
13:17:47: 	Автоматическое воспроизведение сообщения о внештатной ситуации	Формирование звукового сообщения: Внимание Встречающие скорый поезд 6512 Ожидается прибытием На 4ый путь Внимание Встречающие скорый поезд 6512 Ожидается прибытием На 4ый путь Благодарим за внимание . Повтор 1 раз.
13:18:47: 	Автоматическое воспроизведение сообщения о внештатной ситуации	Формирование звукового сообщения: Внимание Встречающие скорый поезд 6512 Ожидается прибытием На 4ый путь Внимание Встречающие скорый поезд 6512 Ожидается прибытием На 4ый путь Благодарим за внимание . Повтор 1 раз.
13:19:46: 	Автоматическое воспроизведение сообщения о внештатной ситуации	Формирование звукового сообщения: Внимание Встречающие скорый поезд 6512 Ожидается прибытием На 4ый путь Внимание Встречающие скорый поезд 6512 Ожидается прибытием На 4ый путь Благодарим за внимание . Повтор 1 раз.
13:26:05: 	Системное сообщение	Программный комплекс включен
13:26:12: 	Действие оператора	Изменение настроек поезда: 768 Москва - СанктПетербург: Путь:  -> 1; 
13:26:17: 	Действие оператора	Работа разрешена
13:28:04: 	Системное сообщение	Программный комплекс включен
13:28:10: 	Действие оператора	Изменение настроек поезда: 6512 Клин: Путь:  -> 2; 
13:28:25: 	Действие оператора	Работа разрешена
13:29:25: 	Автоматическое воспроизведение сообщения о внештатной ситуации	Формирование звукового сообщения: Внимание Встречающие скорый поезд 6512 Ожидается прибытием На 2ой путь Внимание Встречающие скорый поезд 6512 Ожидается прибытием На 2ой путь Благодарим за внимание . Повтор 1 раз.
13:30:28: 	Автоматическое воспроизведение сообщения о внештатной ситуации	Формирование звукового сообщения: Внимание Встречающие скорый поезд 6512 Ожидается прибытием На 2ой путь Внимание Встречающие скорый поезд 6512 Ожидается прибытием На 2ой путь Благодарим за внимание . Повтор 1 раз.
13:30:30: 	Автоматическое воспроизведение звукового сообщения	Залы ожидания
13:31:28: 	Автоматическое воспроизведение сообщения о внештатной ситуации	Формирование звукового сообщения: Внимание Встречающие скорый поезд 6512 Ожидается прибытием На 2ой путь Внимание Встречающие скорый поезд 6512 Ожидается прибытием На 2ой путь Благодарим за внимание . Повтор 1 раз.
13:32:28: 	Автоматическое воспроизведение сообщения о внештатной ситуации	Формирование звукового сообщения: Внимание Встречающие скорый поезд 6512 Ожидается прибытием На 2ой путь Внимание Встречающие скорый поезд 6512 Ожидается прибытием На 2ой путь Благодарим за внимание . Повтор 1 раз.
13:33:28: 	Автоматическое воспроизведение сообщения о внештатной ситуации	Формирование звукового сообщения: Внимание Встречающие скорый поезд 6512 Ожидается прибытием На 2ой путь Внимание Встречающие скорый поезд 6512 Ожидается прибытием На 2ой путь Благодарим за внимание . Повтор 1 раз.
13:33:30: 	Автоматическое воспроизведение звукового сообщения	Мост Тонель
13:34:28: 	Автоматическое воспроизведение сообщения о внештатной ситуации	Формирование звукового сообщения: Внимание Встречающие скорый поезд 6512 Ожидается прибытием На 2ой путь Внимание Встречающие скорый поезд 6512 Ожидается прибытием На 2ой путь Благодарим за внимание . Повтор 1 раз.
13:35:28: 	Автоматическое воспроизведение сообщения о внештатной ситуации	Формирование звукового сообщения: Внимание Встречающие скорый поезд 6512 Ожидается прибытием На 2ой путь Внимание Встречающие скорый поезд 6512 Ожидается прибытием На 2ой путь Благодарим за внимание . Повтор 1 раз.
13:35:30: 	Автоматическое воспроизведение звукового сообщения	Пожарная безопастность
13:36:28: 	Автоматическое воспроизведение сообщения о внештатной ситуации	Формирование звукового сообщения: Внимание Встречающие скорый поезд 6512 Ожидается прибытием На 2ой путь Внимание Встречающие скорый поезд 6512 Ожидается прибытием На 2ой путь Благодарим за внимание . Повтор 1 раз.
13:37:28: 	Автоматическое воспроизведение сообщения о внештатной ситуации	Формирование звукового сообщения: Внимание Встречающие скорый поезд 6512 Ожидается прибытием На 2ой путь Внимание Встречающие скорый поезд 6512 Ожидается прибытием На 2ой путь Благодарим за внимание . Повтор 1 раз.
13:38:28: 	Автоматическое воспроизведение сообщения о внештатной ситуации	Формирование звукового сообщения: Внимание Встречающие скорый поезд 6512 Ожидается прибытием На 2ой путь Внимание Встречающие скорый поезд 6512 Ожидается прибытием На 2ой путь Благодарим за внимание . Повтор 1 раз.
13:39:28: 	Автоматическое воспроизведение сообщения о внештатной ситуации	Формирование звукового сообщения: Внимание Встречающие скорый поезд 6512 Ожидается прибытием На 2ой путь Внимание Встречающие скорый поезд 6512 Ожидается прибытием На 2ой путь Благодарим за внимание . Повтор 1 раз.
13:40:28: 	Автоматическое воспроизведение сообщения о внештатной ситуации	Формирование звукового сообщения: Внимание Встречающие скорый поезд 6512 Ожидается прибытием На 2ой путь Внимание Встречающие скорый поезд 6512 Ожидается прибытием На 2ой путь Благодарим за внимание . Повтор 1 раз.
13:40:30: 	Автоматическое воспроизведение звукового сообщения	Пригородные билеты
13:41:28: 	Автоматическое воспроизведение сообщения о внештатной ситуации	Формирование звукового сообщения: Внимание Встречающие скорый поезд 6512 Ожидается прибытием На 2ой путь Внимание Встречающие скорый поезд 6512 Ожидается прибытием На 2ой путь Благодарим за внимание . Повтор 1 раз.
13:42:28: 	Автоматическое воспроизведение сообщения о внештатной ситуации	Формирование звукового сообщения: Внимание Встречающие скорый поезд 6512 Ожидается прибытием На 2ой путь Внимание Встречающие скорый поезд 6512 Ожидается прибытием На 2ой путь Благодарим за внимание . Повтор 1 раз.
13:43:28: 	Автоматическое воспроизведение сообщения о внештатной ситуации	Формирование звукового сообщения: Внимание Встречающие скорый поезд 6512 Ожидается прибытием На 2ой путь Внимание Встречающие скорый поезд 6512 Ожидается прибытием На 2ой путь Благодарим за внимание . Повтор 1 раз.
13:43:30: 	Автоматическое воспроизведение звукового сообщения	Пункт срочной помои детям
13:44:28: 	Автоматическое воспроизведение сообщения о внештатной ситуации	Формирование звукового сообщения: Внимание Встречающие скорый поезд 6512 Ожидается прибытием На 2ой путь Внимание Встречающие скорый поезд 6512 Ожидается прибытием На 2ой путь Благодарим за внимание . Повтор 1 раз.
13:45:28: 	Автоматическое воспроизведение сообщения о внештатной ситуации	Формирование звукового сообщения: Внимание Встречающие скорый поезд 6512 Ожидается прибытием На 2ой путь Внимание Встречающие скорый поезд 6512 Ожидается прибытием На 2ой путь Благодарим за внимание . Повтор 1 раз.
13:45:30: 	Автоматическое воспроизведение звукового сообщения	Сбор мусора
13:46:28: 	Автоматическое воспроизведение сообщения о внештатной ситуации	Формирование звукового сообщения: Внимание Встречающие скорый поезд 6512 Ожидается прибытием На 2ой путь Внимание Встречающие скорый поезд 6512 Ожидается прибытием На 2ой путь Благодарим за внимание . Повтор 1 раз.
13:47:28: 	Автоматическое воспроизведение сообщения о внештатной ситуации	Формирование звукового сообщения: Внимание Встречающие скорый поезд 6512 Ожидается прибытием На 2ой путь Внимание Встречающие скорый поезд 6512 Ожидается прибытием На 2ой путь Благодарим за внимание . Повтор 1 раз.
13:48:28: 	Автоматическое воспроизведение сообщения о внештатной ситуации	Формирование звукового сообщения: Внимание Встречающие скорый поезд 6512 Ожидается прибытием На 2ой путь Внимание Встречающие скорый поезд 6512 Ожидается прибытием На 2ой путь Благодарим за внимание . Повтор 1 раз.
13:49:28: 	Автоматическое воспроизведение сообщения о внештатной ситуации	Формирование звукового сообщения: Внимание Встречающие скорый поезд 6512 Ожидается прибытием На 2ой путь Внимание Встречающие скорый поезд 6512 Ожидается прибытием На 2ой путь Благодарим за внимание . Повтор 1 раз.
13:50:28: 	Автоматическое воспроизведение сообщения о внештатной ситуации	Формирование звукового сообщения: Внимание Встречающие скорый поезд 6512 Ожидается прибытием На 2ой путь Внимание Встречающие скорый поезд 6512 Ожидается прибытием На 2ой путь Благодарим за внимание . Повтор 1 раз.
13:50:30: 	Автоматическое воспроизведение звукового сообщения	Безхозные весчи
13:51:28: 	Автоматическое воспроизведение сообщения о внештатной ситуации	Формирование звукового сообщения: Внимание Встречающие скорый поезд 6512 Ожидается прибытием На 2ой путь Внимание Встречающие скорый поезд 6512 Ожидается прибытием На 2ой путь Благодарим за внимание . Повтор 1 раз.
13:52:28: 	Автоматическое воспроизведение сообщения о внештатной ситуации	Формирование звукового сообщения: Внимание Встречающие скорый поезд 6512 Ожидается прибытием На 2ой путь Внимание Встречающие скорый поезд 6512 Ожидается прибытием На 2ой путь Благодарим за внимание . Повтор 1 раз.
13:53:28: 	Автоматическое воспроизведение сообщения о внештатной ситуации	Формирование звукового сообщения: Внимание Встречающие скорый поезд 6512 Ожидается прибытием На 2ой путь Внимание Встречающие скорый поезд 6512 Ожидается прибытием На 2ой путь Благодарим за внимание . Повтор 1 раз.
13:53:30: 	Автоматическое воспроизведение звукового сообщения	Услуги носильиков
13:54:28: 	Автоматическое воспроизведение сообщения о внештатной ситуации	Формирование звукового сообщения: Внимание Встречающие скорый поезд 6512 Ожидается прибытием На 2ой путь Внимание Встречающие скорый поезд 6512 Ожидается прибытием На 2ой путь Благодарим за внимание . Повтор 1 раз.
13:55:28: 	Автоматическое воспроизведение сообщения о внештатной ситуации	Формирование звукового сообщения: Внимание Встречающие скорый поезд 6512 Ожидается прибытием На 2ой путь Внимание Встречающие скорый поезд 6512 Ожидается прибытием На 2ой путь Благодарим за внимание . Повтор 1 раз.
13:56:28: 	Автоматическое воспроизведение сообщения о внештатной ситуации	Формирование звукового сообщения: Внимание Встречающие скорый поезд 6512 Ожидается прибытием На 2ой путь Внимание Встречающие скорый поезд 6512 Ожидается прибытием На 2ой путь Благодарим за внимание . Повтор 1 раз.
13:57:28: 	Автоматическое воспроизведение сообщения о внештатной ситуации	Формирование звукового сообщения: Внимание Встречающие скорый поезд 6512 Ожидается прибытием На 2ой путь Внимание Встречающие скорый поезд 6512 Ожидается прибытием На 2ой путь Благодарим за внимание . Повтор 1 раз.
13:58:28: 	Автоматическое воспроизведение сообщения о внештатной ситуации	Формирование звукового сообщения: Внимание Встречающие скорый поезд 6512 Ожидается прибытием На 2ой путь Внимание Встречающие скорый поезд 6512 Ожидается прибытием На 2ой путь Благодарим за внимание . Повтор 1 раз.
13:59:28: 	Автоматическое воспроизведение сообщения о внештатной ситуации	Формирование звукового сообщения: Внимание Встречающие скорый поезд 6512 Ожидается прибытием На 2ой путь Внимание Встречающие скорый поезд 6512 Ожидается прибытием На 2ой путь Благодарим за внимание . Повтор 1 раз.
14:00:28: 	Автоматическое воспроизведение сообщения о внештатной ситуации	Формирование звукового сообщения: Внимание Встречающие скорый поезд 6512 Ожидается прибытием На 2ой путь Внимание Встречающие скорый поезд 6512 Ожидается прибытием На 2ой путь Благодарим за внимание . Повтор 1 раз.
14:01:28: 	Автоматическое воспроизведение сообщения о внештатной ситуации	Формирование звукового сообщения: Внимание Встречающие скорый поезд 6512 Ожидается прибытием На 2ой путь Внимание Встречающие скорый поезд 6512 Ожидается прибытием На 2ой путь Благодарим за внимание . Повтор 1 раз.
14:02:28: 	Автоматическое воспроизведение сообщения о внештатной ситуации	Формирование звукового сообщения: Внимание Встречающие скорый поезд 6512 Ожидается прибытием На 2ой путь Внимание Встречающие скорый поезд 6512 Ожидается прибытием На 2ой путь Благодарим за внимание . Повтор 1 раз.
14:03:28: 	Автоматическое воспроизведение сообщения о внештатной ситуации	Формирование звукового сообщения: Внимание Встречающие скорый поезд 6512 Ожидается прибытием На 2ой путь Внимание Встречающие скорый поезд 6512 Ожидается прибытием На 2ой путь Благодарим за внимание . Повтор 1 раз.
14:04:28: 	Автоматическое воспроизведение сообщения о внештатной ситуации	Формирование звукового сообщения: Внимание Встречающие скорый поезд 6512 Ожидается прибытием На 2ой путь Внимание Встречающие скорый поезд 6512 Ожидается прибытием На 2ой путь Благодарим за внимание . Повтор 1 раз.
14:05:28: 	Автоматическое воспроизведение сообщения о внештатной ситуации	Формирование звукового сообщения: Внимание Встречающие скорый поезд 6512 Ожидается прибытием На 2ой путь Внимание Встречающие скорый поезд 6512 Ожидается прибытием На 2ой путь Благодарим за внимание . Повтор 1 раз.
14:05:30: 	Автоматическое воспроизведение звукового сообщения	Выход через турникеты
14:05:31: 	Автоматическое воспроизведение звукового сообщения	Пожарная безопастность
14:06:28: 	Автоматическое воспроизведение сообщения о внештатной ситуации	Формирование звукового сообщения: Внимание Встречающие скорый поезд 6512 Ожидается прибытием На 2ой путь Внимание Встречающие скорый поезд 6512 Ожидается прибытием На 2ой путь Благодарим за внимание . Повтор 1 раз.
14:06:30: 	Автоматическое воспроизведение звукового сообщения	Документы при посадке
14:07:28: 	Автоматическое воспроизведение сообщения о внештатной ситуации	Формирование звукового сообщения: Внимание Встречающие скорый поезд 6512 Ожидается прибытием На 2ой путь Внимание Встречающие скорый поезд 6512 Ожидается прибытием На 2ой путь Благодарим за внимание . Повтор 1 раз.
14:08:28: 	Автоматическое воспроизведение сообщения о внештатной ситуации	Формирование звукового сообщения: Внимание Встречающие скорый поезд 6512 Ожидается прибытием На 2ой путь Внимание Встречающие скорый поезд 6512 Ожидается прибытием На 2ой путь Благодарим за внимание . Повтор 1 раз.
14:09:28: 	Автоматическое воспроизведение сообщения о внештатной ситуации	Формирование звукового сообщения: Внимание Встречающие скорый поезд 6512 Ожидается прибытием На 2ой путь Внимание Встречающие скорый поезд 6512 Ожидается прибытием На 2ой путь Благодарим за внимание . Повтор 1 раз.
14:10:28: 	Автоматическое воспроизведение сообщения о внештатной ситуации	Формирование звукового сообщения: Внимание Встречающие скорый поезд 6512 Ожидается прибытием На 2ой путь Внимание Встречающие скорый поезд 6512 Ожидается прибытием На 2ой путь Благодарим за внимание . Повтор 1 раз.
14:10:30: 	Автоматическое воспроизведение звукового сообщения	Курение Табака
14:11:28: 	Автоматическое воспроизведение сообщения о внештатной ситуации	Формирование звукового сообщения: Внимание Встречающие скорый поезд 6512 Ожидается прибытием На 2ой путь Внимание Встречающие скорый поезд 6512 Ожидается прибытием На 2ой путь Благодарим за внимание . Повтор 1 раз.
14:12:28: 	Автоматическое воспроизведение сообщения о внештатной ситуации	Формирование звукового сообщения: Внимание Встречающие скорый поезд 6512 Ожидается прибытием На 2ой путь Внимание Встречающие скорый поезд 6512 Ожидается прибытием На 2ой путь Благодарим за внимание . Повтор 1 раз.
14:13:28: 	Автоматическое воспроизведение сообщения о внештатной ситуации	Формирование звукового сообщения: Внимание Встречающие скорый поезд 6512 Ожидается прибытием На 2ой путь Внимание Встречающие скорый поезд 6512 Ожидается прибытием На 2ой путь Благодарим за внимание . Повтор 1 раз.
14:14:28: 	Автоматическое воспроизведение сообщения о внештатной ситуации	Формирование звукового сообщения: Внимание Встречающие скорый поезд 6512 Ожидается прибытием На 2ой путь Внимание Встречающие скорый поезд 6512 Ожидается прибытием На 2ой путь Благодарим за внимание . Повтор 1 раз.
14:15:28: 	Автоматическое воспроизведение сообщения о внештатной ситуации	Формирование звукового сообщения: Внимание Встречающие скорый поезд 6512 Ожидается прибытием На 2ой путь Внимание Встречающие скорый поезд 6512 Ожидается прибытием На 2ой путь Благодарим за внимание . Повтор 1 раз.
14:15:30: 	Автоматическое воспроизведение звукового сообщения	КХР
14:16:28: 	Автоматическое воспроизведение сообщения о внештатной ситуации	Формирование звукового сообщения: Внимание Встречающие скорый поезд 6512 Ожидается прибытием На 2ой путь Внимание Встречающие скорый поезд 6512 Ожидается прибытием На 2ой путь Благодарим за внимание . Повтор 1 раз.
14:17:28: 	Автоматическое воспроизведение сообщения о внештатной ситуации	Формирование звукового сообщения: Внимание Встречающие скорый поезд 6512 Ожидается прибытием На 2ой путь Внимание Встречающие скорый поезд 6512 Ожидается прибытием На 2ой путь Благодарим за внимание . Повтор 1 раз.
14:17:30: 	Автоматическое воспроизведение звукового сообщения	Объявления по громкой связи
14:18:28: 	Автоматическое воспроизведение сообщения о внештатной ситуации	Формирование звукового сообщения: Внимание Встречающие скорый поезд 6512 Ожидается прибытием На 2ой путь Внимание Встречающие скорый поезд 6512 Ожидается прибытием На 2ой путь Благодарим за внимание . Повтор 1 раз.
14:19:28: 	Автоматическое воспроизведение сообщения о внештатной ситуации	Формирование звукового сообщения: Внимание Встречающие скорый поезд 6512 Ожидается прибытием На 2ой путь Внимание Встречающие скорый поезд 6512 Ожидается прибытием На 2ой путь Благодарим за внимание . Повтор 1 раз.
14:20:28: 	Автоматическое воспроизведение сообщения о внештатной ситуации	Формирование звукового сообщения: Внимание Встречающие скорый поезд 6512 Ожидается прибытием На 2ой путь Внимание Встречающие скорый поезд 6512 Ожидается прибытием На 2ой путь Благодарим за внимание . Повтор 1 раз.
14:21:28: 	Автоматическое воспроизведение сообщения о внештатной ситуации	Формирование звукового сообщения: Внимание Встречающие скорый поезд 6512 Ожидается прибытием На 2ой путь Внимание Встречающие скорый поезд 6512 Ожидается прибытием На 2ой путь Благодарим за внимание . Повтор 1 раз.
14:22:28: 	Автоматическое воспроизведение сообщения о внештатной ситуации	Формирование звукового сообщения: Внимание Встречающие скорый поезд 6512 Ожидается прибытием На 2ой путь Внимание Встречающие скорый поезд 6512 Ожидается прибытием На 2ой путь Благодарим за внимание . Повтор 1 раз.
14:23:28: 	Автоматическое воспроизведение сообщения о внештатной ситуации	Формирование звукового сообщения: Внимание Встречающие скорый поезд 6512 Ожидается прибытием На 2ой путь Внимание Встречающие скорый поезд 6512 Ожидается прибытием На 2ой путь Благодарим за внимание . Повтор 1 раз.
14:24:28: 	Автоматическое воспроизведение сообщения о внештатной ситуации	Формирование звукового сообщения: Внимание Встречающие скорый поезд 6512 Ожидается прибытием На 2ой путь Внимание Встречающие скорый поезд 6512 Ожидается прибытием На 2ой путь Благодарим за внимание . Повтор 1 раз.
14:25:28: 	Автоматическое воспроизведение сообщения о внештатной ситуации	Формирование звукового сообщения: Внимание Встречающие скорый поезд 6512 Ожидается прибытием На 2ой путь Внимание Встречающие скорый поезд 6512 Ожидается прибытием На 2ой путь Благодарим за внимание . Повтор 1 раз.
14:25:30: 	Автоматическое воспроизведение звукового сообщения	Маломабильные пассажиры зал
14:26:28: 	Автоматическое воспроизведение сообщения о внештатной ситуации	Формирование звукового сообщения: Внимание Встречающие скорый поезд 6512 Ожидается прибытием На 2ой путь Внимание Встречающие скорый поезд 6512 Ожидается прибытием На 2ой путь Благодарим за внимание . Повтор 1 раз.
14:27:28: 	Автоматическое воспроизведение сообщения о внештатной ситуации	Формирование звукового сообщения: Внимание Встречающие скорый поезд 6512 Ожидается прибытием На 2ой путь Внимание Встречающие скорый поезд 6512 Ожидается прибытием На 2ой путь Благодарим за внимание . Повтор 1 раз.
14:28:28: 	Автоматическое воспроизведение сообщения о внештатной ситуации	Формирование звукового сообщения: Внимание Встречающие скорый поезд 6512 Ожидается прибытием На 2ой путь Внимание Встречающие скорый поезд 6512 Ожидается прибытием На 2ой путь Благодарим за внимание . Повтор 1 раз.
14:29:28: 	Автоматическое воспроизведение сообщения о внештатной ситуации	Формирование звукового сообщения: Внимание Встречающие скорый поезд 6512 Ожидается прибытием На 2ой путь Внимание Встречающие скорый поезд 6512 Ожидается прибытием На 2ой путь Благодарим за внимание . Повтор 1 раз.
14:30:28: 	Автоматическое воспроизведение сообщения о внештатной ситуации	Формирование звукового сообщения: Внимание Встречающие скорый поезд 6512 Ожидается прибытием На 2ой путь Внимание Встречающие скорый поезд 6512 Ожидается прибытием На 2ой путь Благодарим за внимание . Повтор 1 раз.
14:30:30: 	Автоматическое воспроизведение звукового сообщения	Залы ожидания
14:30:31: 	Автоматическое воспроизведение звукового сообщения	Места для инвалидов с коляской
14:31:28: 	Автоматическое воспроизведение сообщения о внештатной ситуации	Формирование звукового сообщения: Внимание Встречающие скорый поезд 6512 Ожидается прибытием На 2ой путь Внимание Встречающие скорый поезд 6512 Ожидается прибытием На 2ой путь Благодарим за внимание . Повтор 1 раз.
14:56:43: 	Системное сообщение	Программный комплекс включен
16:20:08: 	Системное сообщение	Программный комплекс включен
16:20:20: 	Действие оператора	Изменение настроек поезда: 7344 Крюково ЛАСТОЧКА: Путь:  -> 1; 
16:51:54: 	Системное сообщение	Программный комплекс включен
16:52:02: 	Действие оператора	Изменение настроек поезда: 765 СанктПетербург - Москва: Путь:  -> 1; 
16:52:20: 	Действие оператора	Работа разрешена
16:53:08: 	Автоматическое воспроизведение сообщения о внештатной ситуации	Формирование звукового сообщения: уважаемые пассажиры Пригородный электропоезд до ст 765 Отправлением Время отправления: 16:51 будет подан под посадку На 1ый путь уважаемые пассажиры Пригородный электропоезд до ст 765 Отправлением Время отправления: 16:51 будет подан под посадку На 1ый путь . Повтор 1 раз.
16:53:30: 	Автоматическое воспроизведение звукового сообщения	Услуги носильиков
16:54:08: 	Автоматическое воспроизведение сообщения о внештатной ситуации	Формирование звукового сообщения: уважаемые пассажиры Пригородный электропоезд до ст 765 Отправлением Время отправления: 16:51 будет подан под посадку На 1ый путь уважаемые пассажиры Пригородный электропоезд до ст 765 Отправлением Время отправления: 16:51 будет подан под посадку На 1ый путь . Повтор 1 раз.
16:55:08: 	Автоматическое воспроизведение сообщения о внештатной ситуации	Формирование звукового сообщения: уважаемые пассажиры Пригородный электропоезд до ст 765 Отправлением Время отправления: 16:51 будет подан под посадку На 1ый путь уважаемые пассажиры Пригородный электропоезд до ст 765 Отправлением Время отправления: 16:51 будет подан под посадку На 1ый путь . Повтор 1 раз.
16:55:30: 	Автоматическое воспроизведение звукового сообщения	ЧС
16:56:08: 	Автоматическое воспроизведение сообщения о внештатной ситуации	Формирование звукового сообщения: уважаемые пассажиры Пригородный электропоезд до ст 765 Отправлением Время отправления: 16:51 будет подан под посадку На 1ый путь уважаемые пассажиры Пригородный электропоезд до ст 765 Отправлением Время отправления: 16:51 будет подан под посадку На 1ый путь . Повтор 1 раз.
16:57:08: 	Автоматическое воспроизведение сообщения о внештатной ситуации	Формирование звукового сообщения: уважаемые пассажиры Пригородный электропоезд до ст 765 Отправлением Время отправления: 16:51 будет подан под посадку На 1ый путь уважаемые пассажиры Пригородный электропоезд до ст 765 Отправлением Время отправления: 16:51 будет подан под посадку На 1ый путь . Повтор 1 раз.
16:58:08: 	Автоматическое воспроизведение сообщения о внештатной ситуации	Формирование звукового сообщения: уважаемые пассажиры Пригородный электропоезд до ст 765 Отправлением Время отправления: 16:51 будет подан под посадку На 1ый путь уважаемые пассажиры Пригородный электропоезд до ст 765 Отправлением Время отправления: 16:51 будет подан под посадку На 1ый путь . Повтор 1 раз.
16:59:08: 	Автоматическое воспроизведение сообщения о внештатной ситуации	Формирование звукового сообщения: уважаемые пассажиры Пригородный электропоезд до ст 765 Отправлением Время отправления: 16:51 будет подан под посадку На 1ый путь уважаемые пассажиры Пригородный электропоезд до ст 765 Отправлением Время отправления: 16:51 будет подан под посадку На 1ый путь . Повтор 1 раз.
17:00:30: 	Автоматическое воспроизведение звукового сообщения	Алкогольное опьянение
17:01:30: 	Автоматическое воспроизведение звукового сообщения	Видео наблюдение
17:02:54: 	Действие оператора	Изменение настроек поезда: 765 СанктПетербург - Москва: Прибытие: 17:00 -> 17:10; 
17:04:17: 	Автоматическое воспроизведение сообщения о внештатной ситуации	Формирование звукового сообщения: уважаемые пассажиры Пригородный электропоезд до ст 765 Отправлением Время отправления: 16:51 будет подан под посадку На 1ый путь уважаемые пассажиры Пригородный электропоезд до ст 765 Отправлением Время отправления: 16:51 будет подан под посадку На 1ый путь . Повтор 1 раз.
17:05:17: 	Автоматическое воспроизведение сообщения о внештатной ситуации	Формирование звукового сообщения: уважаемые пассажиры Пригородный электропоезд до ст 765 Отправлением Время отправления: 16:51 будет подан под посадку На 1ый путь уважаемые пассажиры Пригородный электропоезд до ст 765 Отправлением Время отправления: 16:51 будет подан под посадку На 1ый путь . Повтор 1 раз.
17:05:30: 	Автоматическое воспроизведение звукового сообщения	Пожарная безопастность
17:06:17: 	Автоматическое воспроизведение сообщения о внештатной ситуации	Формирование звукового сообщения: уважаемые пассажиры Пригородный электропоезд до ст 765 Отправлением Время отправления: 16:51 будет подан под посадку На 1ый путь уважаемые пассажиры Пригородный электропоезд до ст 765 Отправлением Время отправления: 16:51 будет подан под посадку На 1ый путь . Повтор 1 раз.
17:07:17: 	Автоматическое воспроизведение сообщения о внештатной ситуации	Формирование звукового сообщения: уважаемые пассажиры Пригородный электропоезд до ст 765 Отправлением Время отправления: 16:51 будет подан под посадку На 1ый путь уважаемые пассажиры Пригородный электропоезд до ст 765 Отправлением Время отправления: 16:51 будет подан под посадку На 1ый путь . Повтор 1 раз.
17:08:17: 	Автоматическое воспроизведение сообщения о внештатной ситуации	Формирование звукового сообщения: уважаемые пассажиры Пригородный электропоезд до ст 765 Отправлением Время отправления: 16:51 будет подан под посадку На 1ый путь уважаемые пассажиры Пригородный электропоезд до ст 765 Отправлением Время отправления: 16:51 будет подан под посадку На 1ый путь . Повтор 1 раз.
17:09:17: 	Автоматическое воспроизведение сообщения о внештатной ситуации	Формирование звукового сообщения: уважаемые пассажиры Пригородный электропоезд до ст 765 Отправлением Время отправления: 16:51 будет подан под посадку На 1ый путь уважаемые пассажиры Пригородный электропоезд до ст 765 Отправлением Время отправления: 16:51 будет подан под посадку На 1ый путь . Повтор 1 раз.
17:10:30: 	Автоматическое воспроизведение звукового сообщения	Курение Табака
