09:40:33: 	Системное сообщение	Программный комплекс включен
09:40:42: 	Действие оператора	Изменение настроек поезда: 760 Москва - СанктПетербург: Путь:  -> 1; 
09:40:44: 	Действие оператора	Изменение настроек поезда: 33 Таллинн - Москва "Таллинн": Путь:  -> 3; 
09:40:46: 	Действие оператора	Изменение настроек поезда: 6606 Конаково: Путь:  -> 2; 
10:50:01: 	Системное сообщение	Программный комплекс включен
10:50:08: 	Действие оператора	Изменение настроек поезда: 16 Москва - Мурманск "Арктика": Путь:  -> 3; 
10:54:49: 	Системное сообщение	Программный комплекс включен
10:54:56: 	Действие оператора	Формирование звукового сообщения: уважаемые пассажиры скорый поезд 20 Отправлением Время отправления: 00:20 будет подан под посадку На 1ом пути уважаемые пассажиры скорый поезд 20 Отправлением Время отправления: 00:20 будет подан под посадку На 1ом пути Нумерация с хвоста Благодарим за внимание . Повтор 1 раз.
10:55:12: 	Действие оператора	Изменение настроек поезда: 31 Хельсинки - Москва "Лев Толстой": Путь:  -> 1; 
10:55:16: 	Действие оператора	Изменение настроек поезда: 33 Таллинн - Москва "Таллинн": Путь:  -> 3; 
10:55:29: 	Действие оператора	Формирование звукового сообщения: Внимание Встречающие Фирм. Поезд № 31 Ожидается прибытием На 1ый путь Внимание Встречающие Фирм. Поезд № 31 Ожидается прибытием На 1ый путь Нумерация с хвоста Благодарим за внимание . Повтор 1 раз.
10:56:09: 	Действие оператора	Формирование звукового сообщения: Внимание Встречающие Фирм. Поезд № 31 Прибывает На 1ый путь Внимание Встречающие Фирм. Поезд № 31 Прибывает На 1ый путь Нумерация с хвоста Благодарим за внимание . Повтор 1 раз.
10:56:40: 	Действие оператора	Формирование звукового сообщения: Внимание Встречающие Фирм. Поезд № 31 Прибыл На 1ый путь Внимание Встречающие Фирм. Поезд № 31 Прибыл На 1ый путь Нумерация с хвоста Благодарим за внимание . Повтор 1 раз.
10:57:18: 	Действие оператора	Изменение настроек поезда: 10 Москва - Псков: Путь:  -> 7; 
10:57:21: 	Действие оператора	Формирование звукового сообщения: уважаемые пассажиры Фирм. Поезд № 10 Отправлением Время отправления: 20:23 будет подан под посадку На 7ой путь уважаемые пассажиры Фирм. Поезд № 10 Отправлением Время отправления: 20:23 будет подан под посадку На 7ой путь Нумерация с головы Благодарим за внимание . Повтор 1 раз.
10:57:54: 	Действие оператора	Формирование звукового сообщения: уважаемые пассажиры начинается посадка на фирменный 10 Отправлением Время отправления: 20:23 Поезд Находится На 7ом пути уважаемые пассажиры начинается посадка на фирменный 10 Отправлением Время отправления: 20:23 Поезд Находится На 7ом пути Нумерация с головы Благодарим за внимание . Повтор 1 раз.
10:58:05: 	Действие оператора	Формирование звукового сообщения: уважаемые пассажиры продолжается посадка на фирменный 10 Отправлением Время отправления: 20:23 Поезд Находится На 7ом пути уважаемые пассажиры продолжается посадка на фирменный 10 Отправлением Время отправления: 20:23 Поезд Находится На 7ом пути Нумерация с головы Благодарим за внимание . Повтор 1 раз.
10:58:06: 	Действие оператора	Формирование звукового сообщения: уважаемые пассажиры продолжается посадка на фирменный 10 Отправлением Время отправления: 20:23 Поезд Находится На 7ом пути уважаемые пассажиры продолжается посадка на фирменный 10 Отправлением Время отправления: 20:23 Поезд Находится На 7ом пути Нумерация с головы Благодарим за внимание . Повтор 1 раз.
10:58:07: 	Действие оператора	Формирование звукового сообщения: уважаемые пассажиры до отпр ф п 10 остается 5 минут Поезд Находится На 7ом пути Просим занять места уважаемые пассажиры до отпр ф п 10 остается 5 минут Поезд Находится На 7ом пути Просим занять места Нумерация с головы . Повтор 1 раз.
10:58:08: 	Действие оператора	Формирование звукового сообщения: уважаемые пассажиры заканчивается посадка на фирменный 10 Отправлением Время отправления: 20:23 Поезд Находится На 7ом пути Просим занять места уважаемые пассажиры заканчивается посадка на фирменный 10 Отправлением Время отправления: 20:23 Поезд Находится На 7ом пути Просим занять места Нумерация с головы желаем вам счастливого пути . Повтор 1 раз.
12:53:49: 	Системное сообщение	Программный комплекс включен
12:54:02: 	Действие оператора	Изменение настроек поезда: 6348 Крюково: Путь:  -> 2; 
12:54:04: 	Действие оператора	Изменение настроек поезда: 6710 Тверь: Путь:  -> 4; 
12:54:08: 	Действие оператора	Изменение настроек поезда: 7118 Тверь ''Ласточка'': Путь:  -> 8; 
12:54:12: 	Действие оператора	Изменение настроек поезда: 7336 Крюково ''Ласточка'': Путь:  -> 6; 
15:04:52: 	Системное сообщение	Программный комплекс включен
15:05:01: 	Действие оператора	Изменение настроек поезда: 756 Москва - СанктПетербург: Путь:  -> 5; 
15:05:04: 	Действие оператора	Формирование звукового сообщения: уважаемые пассажиры до отправления высокоскоростного поезда Сапсан1 756 остается 5 минут Поезд Находится На 5ом пути Просим занять места уважаемые пассажиры до отправления высокоскоростного поезда Сапсан1 756 остается 5 минут Поезд Находится На 5ом пути Просим занять места Нумерация с головы желаем вам счастливого пути . Повтор 1 раз.
15:05:53: 	Действие оператора	Формирование звукового сообщения: уважаемые пассажиры продолжается посадка на высок п сапсан 756 Отправлением Время отправления: 07:40 Поезд Находится На 5ом пути уважаемые пассажиры продолжается посадка на высок п сапсан 756 Отправлением Время отправления: 07:40 Поезд Находится На 5ом пути Нумерация с головы Благодарим за внимание . Повтор 1 раз.
15:10:18: 	Системное сообщение	Программный комплекс включен
15:10:25: 	Действие оператора	Изменение настроек поезда: 756 Москва - СанктПетербург: Путь:  -> 1; 
15:10:28: 	Действие оператора	Формирование звукового сообщения: уважаемые пассажиры до отправления высок п сапсан 756 остается 5 минут Поезд Находится На 1ом пути Просим занять места уважаемые пассажиры до отправления высок п сапсан 756 остается 5 минут Поезд Находится На 1ом пути Просим занять места Нумерация с головы желаем вам счастливого пути . Повтор 1 раз.
15:11:13: 	Действие оператора	Изменение настроек поезда: 756 Москва - СанктПетербург: Путь: 1 -> ; 
17:18:20: 	Системное сообщение	Программный комплекс включен
17:18:28: 	Действие оператора	Изменение настроек поезда: 7102 Тверь ЛАСТОЧКА: Путь:  -> 3; 
17:18:33: 	Действие оператора	Формирование звукового сообщения: уважаемые пассажиры скоростной эл ласточка Тверь ЛАСТОЧКА Отправлением Время отправления: 05:44 будет подан под посадку На 3ий путь скоростной эл ласточка Тверь ЛАСТОЧКА Отправлением Время отправления: 05:44 будет подан под посадку На 3ий путь Электропоезд движется с остановками на станциях: Химки Крюково Подсолнечная Клин Завидово Редкино Чуприяновка . Повтор 1 раз.
17:19:00: 	Действие оператора	Изменение настроек поезда: 7306 Крюково ЛАСТОЧКА: Путь:  -> 4; 
17:19:05: 	Действие оператора	Формирование звукового сообщения: уважаемые пассажиры продолжается посадка на скоростной эл ласточка Крюково ЛАСТОЧКА Отправлением Время отправления: 06:20 продолжается посадка на скоростной эл ласточка Крюково ЛАСТОЧКА Отправлением Время отправления: 06:20 Электропоезд находится На 4ом пути Электропоезд движется с остановками на станциях: Химки Сходня . Повтор 1 раз.
17:19:21: 	Действие оператора	Формирование звукового сообщения: уважаемые пассажиры заканчивается посадка на скоростной эл ласточка Крюково ЛАСТОЧКА Отправлением Время отправления: 06:20 Электропоезд находится На 4ом пути заканчивается посадка на скоростной эл ласточка Крюково ЛАСТОЧКА Отправлением Время отправления: 06:20 Электропоезд находится На 4ом пути Электропоезд движется с остановками на станциях: Химки Сходня желаем вам счастливого пути . Повтор 1 раз.
17:57:49: 	Системное сообщение	Программный комплекс включен
17:57:51: 	Действие оператора	Работа разрешена
17:58:37: 	Действие оператора	Изменение настроек поезда: 769 СанктПетербург - Москва: Путь:  -> 1; 
17:58:55: 	Действие оператора	Изменение настроек поезда: 778 Москва - СанктПетербург: Путь:  -> 3; 
17:59:01: 	Действие оператора	Формирование звукового сообщения: уважаемые пассажиры заканчивается посадка на высок скор сапсан 778 Отправлением Время отправления: 19:30 Поезд Находится На 3ем пути Просим занять места уважаемые пассажиры заканчивается посадка на высок скор сапсан 778 Отправлением Время отправления: 19:30 Поезд Находится На 3ем пути Просим занять места Нумерация с головы желаем вам счастливого пути . Повтор 1 раз.
17:59:29: 	Действие оператора	Изменение настроек поезда: 778 Москва - СанктПетербург: Путь:  -> 5; 
17:59:36: 	Действие оператора	Формирование звукового сообщения: уважаемые пассажиры заканчивается посадка на высок скор сапсан 778 Отправлением Время отправления: 19:30 Поезд Находится На 5ом пути Просим занять места уважаемые пассажиры заканчивается посадка на высок скор сапсан 778 Отправлением Время отправления: 19:30 Поезд Находится На 5ом пути Просим занять места Нумерация с головы желаем вам счастливого пути . Повтор 1 раз.
18:00:06: 	Системное сообщение	Программный комплекс включен
18:00:08: 	Действие оператора	Работа разрешена
18:00:19: 	Действие оператора	Изменение настроек поезда: 778 Москва - СанктПетербург: Путь:  -> 1; 
18:00:24: 	Действие оператора	Формирование звукового сообщения: уважаемые пассажиры заканчивается посадка на высок скор сапсан 778 Отправлением Время отправления: 19:30 Поезд Находится На 1ом пути Просим занять места уважаемые пассажиры заканчивается посадка на высок скор сапсан 778 Отправлением Время отправления: 19:30 Поезд Находится На 1ом пути Просим занять места Нумерация с головы желаем вам счастливого пути . Повтор 1 раз.
18:01:25: 	Системное сообщение	Программный комплекс включен
18:01:27: 	Действие оператора	Работа разрешена
18:01:38: 	Действие оператора	Изменение настроек поезда: 778 Москва - СанктПетербург: Путь:  -> 3; 
18:01:43: 	Действие оператора	Формирование звукового сообщения: уважаемые пассажиры заканчивается посадка на высок п сапсан 778 Отправлением Время отправления: 19:30 Поезд Находится На 3ем пути Просим занять места уважаемые пассажиры заканчивается посадка на высок скор сапсан 778 Отправлением Время отправления: 19:30 Поезд Находится На 3ем пути Просим занять места Нумерация с головы желаем вам счастливого пути . Повтор 1 раз.
18:04:32: 	Действие оператора	Формирование звукового сообщения: уважаемые пассажиры заканчивается посадка на высок п сапсан 778 Отправлением Время отправления: 19:30 Поезд Находится На 3ем пути Просим занять места уважаемые пассажиры заканчивается посадка на высок скор сапсан 778 Отправлением Время отправления: 19:30 Поезд Находится На 3ем пути Просим занять места Нумерация с головы желаем вам счастливого пути . Повтор 1 раз.
18:05:12: 	Действие оператора	Формирование звукового сообщения: уважаемые пассажиры заканчивается посадка на высок п сапсан 778 Отправлением Время отправления: 19:30 Поезд Находится На 3ем пути Просим занять места уважаемые пассажиры заканчивается посадка на высок скор сапсан 778 Отправлением Время отправления: 19:30 Поезд Находится На 3ем пути Просим занять места Нумерация с головы желаем вам счастливого пути . Повтор 1 раз.
18:05:30: 	Автоматическое воспроизведение звукового сообщения	Пожарная безопастность
