10:13:56: 	Системное сообщение	Программный комплекс включен
10:33:30: 	Системное сообщение	Программный комплекс включен
10:34:12: 	Действие оператора	Работа разрешена
10:40:52: 	Системное сообщение	Программный комплекс включен
10:41:17: 	Действие оператора	Формирование звукового сообщения: уважаемые пассажиры Пригородный электропоезд до ст Тверь Отправлением Время отправления: 05:26 будет подан под посадку уважаемые пассажиры Пригородный электропоезд до ст Тверь Отправлением Время отправления: 05:26 будет подан под посадку Электропоезд движется с остановками кроме станций: Поваровка Сенеж Лазурная уважаемые пассажиры Пригородный электропоезд до ст Тверь Отправлением Время отправления: 05:26 будет подан под посадку уважаемые пассажиры Пригородный электропоезд до ст Тверь Отправлением Время отправления: 05:26 будет подан под посадку Электропоезд движется с остановками кроме станций: Поваровка Сенеж Лазурная . Повтор 1 раз.
10:44:50: 	Системное сообщение	Программный комплекс включен
10:44:54: 	Действие оператора	Формирование звукового сообщения: уважаемые пассажиры Пригородный электропоезд до ст Клин Отправлением Время отправления: 05:32 будет подан под посадку уважаемые пассажиры Пригородный электропоезд до ст Клин Отправлением Время отправления: 05:32 будет подан под посадку Электропоезд движется с остановками кроме станций: Берёзки уважаемые пассажиры Пригородный электропоезд до ст Клин Отправлением Время отправления: 05:32 будет подан под посадку уважаемые пассажиры Пригородный электропоезд до ст Клин Отправлением Время отправления: 05:32 будет подан под посадку Электропоезд движется с остановками кроме станций: Берёзки . Повтор 1 раз.
10:46:01: 	Действие оператора	Формирование звукового сообщения: уважаемые пассажиры заканчивается посадка на пригород э.п Клин Отправлением Время отправления: 05:32 Электропоезд находится заканчивается посадка на пригород э.п Клин Отправлением Время отправления: 05:32 Электропоезд находится Электропоезд движется с остановками кроме станций: Берёзки желаем вам счастливого пути уважаемые пассажиры заканчивается посадка на пригород э.п Клин Отправлением Время отправления: 05:32 Электропоезд находится заканчивается посадка на пригород э.п Клин Отправлением Время отправления: 05:32 Электропоезд находится Электропоезд движется с остановками кроме станций: Берёзки желаем вам счастливого пути . Повтор 1 раз.
10:46:59: 	Действие оператора	Формирование звукового сообщения: Внимание Встречающие Фирм. Поезд № 7 сообщением СанктПетербург Москва Ожидается прибытием Внимание Встречающие Фирм. Поезд № 7 сообщением СанктПетербург Москва Ожидается прибытием Нумерация с головы Благодарим за внимание Внимание Встречающие Фирм. Поезд № 7 сообщением СанктПетербург Москва Ожидается прибытием Внимание Встречающие Фирм. Поезд № 7 сообщением СанктПетербург Москва Ожидается прибытием Нумерация с головы Благодарим за внимание . Повтор 1 раз.
10:47:54: 	Действие оператора	Формирование звукового сообщения: уважаемые пассажиры продолжается посадка на пригород э.п Крюково Отправлением Время отправления: 06:41 продолжается посадка на пригород э.п Крюково Отправлением Время отправления: 06:41 Электропоезд находится Электропоезд движется со всеми остановками уважаемые пассажиры продолжается посадка на пригород э.п Крюково Отправлением Время отправления: 06:41 продолжается посадка на пригород э.п Крюково Отправлением Время отправления: 06:41 Электропоезд находится Электропоезд движется со всеми остановками . Повтор 1 раз.
10:48:28: 	Действие оператора	Формирование звукового сообщения: уважаемые пассажиры продолжается посадка на высок п сапсан 766 Отправлением Время отправления: 13:30 Поезд Находится уважаемые пассажиры продолжается посадка на высок п сапсан 766 Отправлением Время отправления: 13:30 Поезд Находится Нумерация с головы Благодарим за внимание уважаемые пассажиры продолжается посадка на высок п сапсан 766 Отправлением Время отправления: 13:30 Поезд Находится уважаемые пассажиры продолжается посадка на высок п сапсан 766 Отправлением Время отправления: 13:30 Поезд Находится Нумерация с головы Благодарим за внимание . Повтор 1 раз.
10:49:16: 	Действие оператора	Формирование звукового сообщения: уважаемые пассажиры заканчивается посадка на скорый поезд 20 Отправлением Время отправления: 00:20 Поезд Находится Просим занять места уважаемые пассажиры заканчивается посадка на скорый поезд 20 Отправлением Время отправления: 00:20 Поезд Находится Просим занять места Нумерация с хвоста желаем вам счастливого пути уважаемые пассажиры заканчивается посадка на скорый поезд 20 Отправлением Время отправления: 00:20 Поезд Находится Просим занять места уважаемые пассажиры заканчивается посадка на скорый поезд 20 Отправлением Время отправления: 00:20 Поезд Находится Просим занять места Нумерация с хвоста желаем вам счастливого пути . Повтор 1 раз.
10:58:05: 	Системное сообщение	Программный комплекс включен
10:59:13: 	Действие оператора	Формирование звукового сообщения: уважаемые пассажиры продолжается посадка на скорый поезд 20 Отправлением Время отправления: 00:20 Поезд Находится уважаемые пассажиры продолжается посадка на скорый поезд 20 Отправлением Время отправления: 00:20 Поезд Находится Нумерация с хвоста Благодарим за внимание уважаемые пассажиры продолжается посадка на скорый поезд 20 Отправлением Время отправления: 00:20 Поезд Находится уважаемые пассажиры продолжается посадка на скорый поезд 20 Отправлением Время отправления: 00:20 Поезд Находится Нумерация с хвоста Благодарим за внимание . Повтор 1 раз.
11:01:22: 	Системное сообщение	Программный комплекс включен
11:02:10: 	Действие оператора	Формирование звукового сообщения: уважаемые пассажиры скорый поезд 20 Отправлением Время отправления: 00:20 будет подан под посадку уважаемые пассажиры скорый поезд 20 Отправлением Время отправления: 00:20 будет подан под посадку Нумерация с хвоста Благодарим за внимание уважаемые пассажиры скорый поезд 20 Отправлением Время отправления: 00:20 будет подан под посадку уважаемые пассажиры скорый поезд 20 Отправлением Время отправления: 00:20 будет подан под посадку Нумерация с хвоста Благодарим за внимание . Повтор 1 раз.
11:05:38: 	Системное сообщение	Программный комплекс включен
11:08:50: 	Системное сообщение	Программный комплекс включен
11:09:24: 	Действие оператора	Формирование звукового сообщения: уважаемые пассажиры продолжается посадка на скорый поезд 20 Отправлением Время отправления: 00:20 Поезд Находится уважаемые пассажиры продолжается посадка на скорый поезд 20 Отправлением Время отправления: 00:20 Поезд Находится Нумерация с хвоста Благодарим за внимание уважаемые пассажиры продолжается посадка на скорый поезд 20 Отправлением Время отправления: 00:20 Поезд Находится уважаемые пассажиры продолжается посадка на скорый поезд 20 Отправлением Время отправления: 00:20 Поезд Находится Нумерация с хвоста Благодарим за внимание . Повтор 1 раз.
11:13:57: 	Системное сообщение	Программный комплекс включен
11:14:01: 	Действие оператора	Формирование звукового сообщения: уважаемые пассажиры скорый поезд 20 Отправлением Время отправления: 00:20 будет подан под посадку уважаемые пассажиры скорый поезд 20 Отправлением Время отправления: 00:20 будет подан под посадку Нумерация с хвоста Благодарим за внимание уважаемые пассажиры скорый поезд 20 Отправлением Время отправления: 00:20 будет подан под посадку уважаемые пассажиры скорый поезд 20 Отправлением Время отправления: 00:20 будет подан под посадку Нумерация с хвоста Благодарим за внимание . Повтор 1 раз.
11:16:13: 	Системное сообщение	Программный комплекс включен
11:16:20: 	Действие оператора	Формирование звукового сообщения: уважаемые пассажиры Пригородный электропоезд до ст Тверь Отправлением Время отправления: 05:26 будет подан под посадку На 1ый путь уважаемые пассажиры Пригородный электропоезд до ст Тверь Отправлением Время отправления: 05:26 будет подан под посадку На 1ый путь Электропоезд движется с остановками кроме станций: Поваровка Сенеж Лазурная уважаемые пассажиры Пригородный электропоезд до ст Тверь Отправлением Время отправления: 05:26 будет подан под посадку На 1ый путь уважаемые пассажиры Пригородный электропоезд до ст Тверь Отправлением Время отправления: 05:26 будет подан под посадку На 1ый путь Электропоезд движется с остановками кроме станций: Поваровка Сенеж Лазурная . Повтор 1 раз.
11:17:06: 	Действие оператора	Формирование звукового сообщения: ув пасс по тех причинам эл до ст Тверь Отправлением Время отправления: 05:26 отменяется ув пасс по тех причинам эл до ст Тверь Отправлением Время отправления: 05:26 отменяется Приносим извинения . Повтор 1 раз.
11:19:55: 	Системное сообщение	Программный комплекс включен
11:20:00: 	Действие оператора	Изменение настроек поезда: 6396 Крюково: Путь:  -> 20; 
11:20:37: 	Действие оператора	Изменение настроек поезда: 6396 Крюково: Путь: 20 -> ; 
11:20:40: 	Действие оператора	Изменение настроек поезда: 6398 Крюково: Путь:  -> 19; 
11:20:47: 	Действие оператора	Изменение настроек поезда: 6398 Крюково: Путь: 19 -> ; 
11:20:49: 	Действие оператора	Изменение настроек поезда: 6396 Крюково: Путь:  -> 18; 
11:20:55: 	Действие оператора	Формирование звукового сообщения: уважаемые пассажиры Пригородный электропоезд до ст Крюково Отправлением Время отправления: 00:34 будет подан под посадку На 18ый путь уважаемые пассажиры Пригородный электропоезд до ст Крюково Отправлением Время отправления: 00:34 будет подан под посадку На 18ый путь Электропоезд движется с остановками кроме станций: Моссельмаш Планерная Подрезково Фирсановская Малино уважаемые пассажиры Пригородный электропоезд до ст Крюково Отправлением Время отправления: 00:34 будет подан под посадку На 18ый путь уважаемые пассажиры Пригородный электропоезд до ст Крюково Отправлением Время отправления: 00:34 будет подан под посадку На 18ый путь Электропоезд движется с остановками кроме станций: Моссельмаш Планерная Подрезково Фирсановская Малино . Повтор 1 раз.
11:21:50: 	Системное сообщение	Программный комплекс включен
11:21:54: 	Действие оператора	Изменение настроек поезда: 6396 Крюково: Путь:  -> 18; 
11:21:57: 	Действие оператора	Формирование звукового сообщения: уважаемые пассажиры Пригородный электропоезд до ст Крюково Отправлением Время отправления: 00:34 будет подан под посадку На 18ый путь уважаемые пассажиры Пригородный электропоезд до ст Крюково Отправлением Время отправления: 00:34 будет подан под посадку На 18ый путь Электропоезд движется с остановками кроме станций: Моссельмаш Планерная Подрезково Фирсановская Малино уважаемые пассажиры Пригородный электропоезд до ст Крюково Отправлением Время отправления: 00:34 будет подан под посадку На 18ый путь уважаемые пассажиры Пригородный электропоезд до ст Крюково Отправлением Время отправления: 00:34 будет подан под посадку На 18ый путь Электропоезд движется с остановками кроме станций: Моссельмаш Планерная Подрезково Фирсановская Малино . Повтор 1 раз.
11:22:41: 	Системное сообщение	Программный комплекс включен
11:23:12: 	Системное сообщение	Программный комплекс включен
11:24:15: 	Системное сообщение	Программный комплекс включен
11:24:48: 	Системное сообщение	Программный комплекс включен
11:25:22: 	Системное сообщение	Программный комплекс включен
11:26:10: 	Системное сообщение	Программный комплекс включен
11:28:59: 	Системное сообщение	Программный комплекс включен
11:31:27: 	Системное сообщение	Программный комплекс включен
11:31:34: 	Действие оператора	Работа разрешена
11:31:49: 	Действие оператора	Изменение настроек поезда: 7326 Крюково ЛАСТОЧКА: Путь:  -> 1; 
11:32:44: 	Автоматическое воспроизведение звукового сообщения	Пункт досмотра
11:35:00: 	Автоматическое воспроизведение расписания	Формирование звукового сообщения: уважаемые пассажиры продолжается посадка на скоростной эл ласточка Крюково ЛАСТОЧКА Отправлением Время отправления: 11:40 продолжается посадка на скоростной эл ласточка Крюково ЛАСТОЧКА Отправлением Время отправления: 11:40 Электропоезд находится На 1ом пути Электропоезд движется с остановками на станциях: Химки Сходня уважаемые пассажиры продолжается посадка на скоростной эл ласточка Крюково ЛАСТОЧКА Отправлением Время отправления: 11:40 продолжается посадка на скоростной эл ласточка Крюково ЛАСТОЧКА Отправлением Время отправления: 11:40 Электропоезд находится На 1ом пути Электропоезд движется с остановками на станциях: Химки Сходня . Повтор 1 раз.
11:35:30: 	Автоматическое воспроизведение звукового сообщения	Пожарная безопастность
11:35:56: 	Автоматическое воспроизведение звукового сообщения	Возможны изменения в расписании
11:35:57: 	Автоматическое воспроизведение звукового сообщения	Возможны изменения в расписании
11:38:00: 	Автоматическое воспроизведение расписания	Формирование звукового сообщения: уважаемые пассажиры заканчивается посадка на скоростной эл ласточка Крюково ЛАСТОЧКА Отправлением Время отправления: 11:40 Электропоезд находится На 1ом пути заканчивается посадка на скоростной эл ласточка Крюково ЛАСТОЧКА Отправлением Время отправления: 11:40 Электропоезд находится На 1ом пути Электропоезд движется с остановками на станциях: Химки Сходня желаем вам счастливого пути уважаемые пассажиры заканчивается посадка на скоростной эл ласточка Крюково ЛАСТОЧКА Отправлением Время отправления: 11:40 Электропоезд находится На 1ом пути заканчивается посадка на скоростной эл ласточка Крюково ЛАСТОЧКА Отправлением Время отправления: 11:40 Электропоезд находится На 1ом пути Электропоезд движется с остановками на станциях: Химки Сходня желаем вам счастливого пути . Повтор 1 раз.
11:39:28: 	Действие оператора	Работа запрещена
13:02:47: 	Системное сообщение	Программный комплекс включен
13:04:10: 	Системное сообщение	Программный комплекс включен
13:04:45: 	Действие оператора	Изменение настроек поезда: 7118 Тверь ЛАСТОЧКА: Путь:  -> AA; 
13:06:08: 	Системное сообщение	Программный комплекс включен
13:07:12: 	Системное сообщение	Программный комплекс включен
13:36:16: 	Системное сообщение	Программный комплекс включен
13:48:17: 	Системное сообщение	Программный комплекс включен
14:06:24: 	Системное сообщение	Программный комплекс включен
14:06:53: 	Системное сообщение	Программный комплекс включен
14:07:40: 	Системное сообщение	Программный комплекс включен
14:08:36: 	Системное сообщение	Программный комплекс включен
14:10:04: 	Системное сообщение	Программный комплекс включен
17:36:52: 	Системное сообщение	Программный комплекс включен
