11:04:43: 	Системное сообщение	Программный комплекс включен
11:05:05: 	Действие оператора	Изменение настроек поезда: 7324 Крюково ЛАСТОЧКА: Путь:  -> 1; 
11:05:44: 	Системное сообщение	Программный комплекс включен
11:05:50: 	Действие оператора	Изменение настроек поезда: 755 СанктПетербург - Москва: Путь:  -> 3; 
11:05:53: 	Действие оператора	Изменение настроек поезда: 755 СанктПетербург - Москва: Путь: 3 -> 5; 
11:05:55: 	Действие оператора	Изменение настроек поезда: 755 СанктПетербург - Москва: Путь: 5 -> 6; 
11:11:53: 	Системное сообщение	Программный комплекс включен
11:12:21: 	Системное сообщение	Программный комплекс включен
11:12:29: 	Действие оператора	Изменение настроек поезда: 62 Москва - СанктПетербург: Путь:  -> 5; 
11:13:45: 	Системное сообщение	Программный комплекс включен
11:13:50: 	Действие оператора	Изменение настроек поезда: 6300 Крюково: Путь:  -> 6; 
11:14:46: 	Системное сообщение	Программный комплекс включен
11:16:12: 	Системное сообщение	Программный комплекс включен
11:16:17: 	Действие оператора	Изменение настроек поезда: 7324 Крюково ЛАСТОЧКА: Путь:  -> 2; 
11:16:19: 	Действие оператора	Изменение настроек поезда: 7324 Крюково ЛАСТОЧКА: Путь: 2 -> 3; 
11:16:23: 	Действие оператора	Изменение настроек поезда: 7324 Крюково ЛАСТОЧКА: Путь: 3 -> 4; 
11:16:25: 	Действие оператора	Изменение настроек поезда: 7324 Крюково ЛАСТОЧКА: Путь: 4 -> ; 
11:16:27: 	Действие оператора	Изменение настроек поезда: 7324 Крюково ЛАСТОЧКА: Путь:  -> 5; 
11:16:28: 	Действие оператора	Изменение настроек поезда: 7324 Крюково ЛАСТОЧКА: Путь: 5 -> 3; 
11:16:32: 	Действие оператора	Изменение настроек поезда: 7324 Крюково ЛАСТОЧКА: Путь: 3 -> 4; 
11:17:17: 	Системное сообщение	Программный комплекс включен
11:19:22: 	Системное сообщение	Программный комплекс включен
11:19:27: 	Действие оператора	Изменение настроек поезда: 6300 Крюково: Путь:  -> 2; 
11:19:50: 	Действие оператора	Изменение настроек поезда: 6300 Крюково: Путь: 2 -> 3; 
11:20:35: 	Системное сообщение	Программный комплекс включен
11:20:39: 	Действие оператора	Изменение настроек поезда: 6312 Крюково: Путь:  -> 2; 
11:20:41: 	Действие оператора	Изменение настроек поезда: 6312 Крюково: Путь: 2 -> 3; 
11:20:42: 	Действие оператора	Изменение настроек поезда: 6312 Крюково: Путь: 3 -> 4; 
11:20:44: 	Действие оператора	Изменение настроек поезда: 6312 Крюково: Путь: 4 -> 1; 
11:20:46: 	Действие оператора	Изменение настроек поезда: 6312 Крюково: Путь: 1 -> 5; 
11:20:47: 	Действие оператора	Изменение настроек поезда: 6312 Крюково: Путь: 5 -> 3; 
11:20:49: 	Действие оператора	Изменение настроек поезда: 6312 Крюково: Путь: 3 -> 2; 
11:20:50: 	Действие оператора	Изменение настроек поезда: 6312 Крюково: Путь: 2 -> 4; 
11:20:53: 	Действие оператора	Изменение настроек поезда: 6312 Крюково: Путь: 4 -> 3; 
11:21:19: 	Системное сообщение	Программный комплекс включен
11:21:25: 	Действие оператора	Изменение настроек поезда: 7326 Крюково ЛАСТОЧКА: Путь:  -> 10; 
11:21:27: 	Действие оператора	Изменение настроек поезда: 7326 Крюково ЛАСТОЧКА: Путь: 10 -> 13; 
11:21:32: 	Действие оператора	Изменение настроек поезда: 7326 Крюково ЛАСТОЧКА: Путь: 13 -> 8; 
11:21:36: 	Действие оператора	Изменение настроек поезда: 7326 Крюково ЛАСТОЧКА: Путь: 8 -> 11; 
11:21:38: 	Действие оператора	Изменение настроек поезда: 7326 Крюково ЛАСТОЧКА: Путь: 11 -> 1; 
11:21:40: 	Действие оператора	Изменение настроек поезда: 7326 Крюково ЛАСТОЧКА: Путь: 1 -> ; 
11:21:43: 	Действие оператора	Изменение настроек поезда: 7326 Крюково ЛАСТОЧКА: Путь:  -> 4; 
11:22:07: 	Системное сообщение	Программный комплекс включен
11:22:13: 	Действие оператора	Изменение настроек поезда: 15 Мурманск - Москва "Арктика": Путь:  -> 10; 
11:22:15: 	Действие оператора	Изменение настроек поезда: 15 Мурманск - Москва "Арктика": Путь: 10 -> 13; 
11:22:34: 	Действие оператора	Изменение настроек поезда: 15 Мурманск - Москва "Арктика": Путь: 13 -> 14; 
11:22:37: 	Действие оператора	Изменение настроек поезда: 15 Мурманск - Москва "Арктика": Путь: 14 -> 13; 
11:23:47: 	Системное сообщение	Программный комплекс включен
11:23:52: 	Действие оператора	Изменение настроек поезда: 6502 Клин: Путь:  -> 13; 
10:54:18: 	Системное сообщение	Программный комплекс включен
10:54:21: 	Действие оператора	Изменение настроек поезда: 7102 Тверь ЛАСТОЧКА: Путь:  -> 3; 
10:54:25: 	Действие оператора	Изменение настроек поезда: 7102 Тверь ЛАСТОЧКА: Путь: 3 -> 7; 
10:54:27: 	Действие оператора	Изменение настроек поезда: 7102 Тверь ЛАСТОЧКА: Путь: 7 -> 5; 
10:54:28: 	Действие оператора	Изменение настроек поезда: 7102 Тверь ЛАСТОЧКА: Путь: 5 -> 7; 
10:54:30: 	Действие оператора	Изменение настроек поезда: 7102 Тверь ЛАСТОЧКА: Путь: 7 -> 9; 
10:55:29: 	Системное сообщение	Программный комплекс включен
10:56:02: 	Действие оператора	Изменение настроек поезда: 6727 Тверь - Москва: Путь:  -> 5; 
10:56:43: 	Действие оператора	Изменение настроек поезда: 6727 Тверь - Москва: Путь: 5 -> 8; 
10:58:20: 	Системное сообщение	Программный комплекс включен
10:58:22: 	Действие оператора	Изменение настроек поезда: 6502 Клин: Путь:  -> 5; 
10:58:24: 	Действие оператора	Изменение настроек поезда: 6502 Клин: Путь: 5 -> 8; 
10:58:26: 	Действие оператора	Изменение настроек поезда: 6502 Клин: Путь: 8 -> 7; 
10:59:58: 	Системное сообщение	Программный комплекс включен
11:00:01: 	Действие оператора	Изменение настроек поезда: 6404 Подсолнечная: Путь:  -> 4; 
11:00:03: 	Действие оператора	Изменение настроек поезда: 6404 Подсолнечная: Путь: 4 -> 8; 
11:00:08: 	Действие оператора	Изменение настроек поезда: 6404 Подсолнечная: Путь: 8 -> 13; 
11:00:26: 	Системное сообщение	Программный комплекс включен
11:00:30: 	Действие оператора	Изменение настроек поезда: 6300 Крюково: Путь:  -> 13; 
11:01:06: 	Системное сообщение	Программный комплекс включен
11:01:26: 	Действие оператора	Изменение настроек поезда: 6506 Клин: Путь:  -> 13; 
11:04:56: 	Действие оператора	Изменение настроек поезда: 6506 Клин: Путь: 13 -> 12; 
11:05:23: 	Действие оператора	Изменение настроек поезда: 6506 Клин: Путь: 12 -> 13; 
11:07:44: 	Системное сообщение	Программный комплекс включен
11:07:46: 	Действие оператора	Изменение настроек поезда: 6702 Тверь: Путь:  -> 14; 
11:07:48: 	Действие оператора	Изменение настроек поезда: 6702 Тверь: Путь: 14 -> 13; 
11:07:50: 	Действие оператора	Изменение настроек поезда: 6702 Тверь: Путь: 13 -> 12; 
11:07:51: 	Действие оператора	Изменение настроек поезда: 6702 Тверь: Путь: 12 -> 11; 
11:07:53: 	Действие оператора	Изменение настроек поезда: 6702 Тверь: Путь: 11 -> 9; 
11:08:26: 	Системное сообщение	Программный комплекс включен
11:08:29: 	Действие оператора	Изменение настроек поезда: 41 В.Новгород - Москва: Путь:  -> 14; 
11:08:31: 	Действие оператора	Изменение настроек поезда: 41 В.Новгород - Москва: Путь: 14 -> 11; 
11:08:33: 	Действие оператора	Изменение настроек поезда: 41 В.Новгород - Москва: Путь: 11 -> ; 
11:08:35: 	Действие оператора	Изменение настроек поезда: 41 В.Новгород - Москва: Путь:  -> 8; 
11:08:41: 	Действие оператора	Изменение настроек поезда: 41 В.Новгород - Москва: Путь: 8 -> 7; 
11:11:36: 	Системное сообщение	Программный комплекс включен
11:11:39: 	Действие оператора	Изменение настроек поезда: 6398 Крюково: Путь:  -> 15; 
11:11:40: 	Действие оператора	Изменение настроек поезда: 6398 Крюково: Путь: 15 -> 14; 
11:11:42: 	Действие оператора	Изменение настроек поезда: 6398 Крюково: Путь: 14 -> 15; 
11:11:45: 	Действие оператора	Изменение настроек поезда: 6398 Крюково: Путь: 15 -> 9; 
11:11:48: 	Действие оператора	Изменение настроек поезда: 6398 Крюково: Путь: 9 -> ; 
11:11:51: 	Действие оператора	Изменение настроек поезда: 6398 Крюково: Путь:  -> 16; 
11:11:56: 	Действие оператора	Изменение настроек поезда: 6398 Крюково: Путь: 16 -> 15; 
11:26:14: 	Системное сообщение	Программный комплекс включен
11:37:32: 	Системное сообщение	Программный комплекс включен
11:37:36: 	Действие оператора	Изменение настроек поезда: 19 СанктПетербург - Москва "Мегаполис": Путь:  -> 15; 
11:37:38: 	Действие оператора	Изменение настроек поезда: 19 СанктПетербург - Москва "Мегаполис": Путь: 15 -> 16; 
11:37:40: 	Действие оператора	Изменение настроек поезда: 19 СанктПетербург - Москва "Мегаполис": Путь: 16 -> ; 
11:37:42: 	Действие оператора	Изменение настроек поезда: 19 СанктПетербург - Москва "Мегаполис": Путь:  -> 11; 
11:37:43: 	Действие оператора	Изменение настроек поезда: 19 СанктПетербург - Москва "Мегаполис": Путь: 11 -> 13; 
11:37:46: 	Действие оператора	Изменение настроек поезда: 19 СанктПетербург - Москва "Мегаполис": Путь: 13 -> 15; 
11:37:48: 	Действие оператора	Изменение настроек поезда: 19 СанктПетербург - Москва "Мегаполис": Путь: 15 -> 4; 
11:37:49: 	Действие оператора	Изменение настроек поезда: 19 СанктПетербург - Москва "Мегаполис": Путь: 4 -> 3; 
11:37:51: 	Действие оператора	Изменение настроек поезда: 19 СанктПетербург - Москва "Мегаполис": Путь: 3 -> 1; 
11:37:52: 	Действие оператора	Изменение настроек поезда: 19 СанктПетербург - Москва "Мегаполис": Путь: 1 -> 16; 
11:37:54: 	Действие оператора	Изменение настроек поезда: 19 СанктПетербург - Москва "Мегаполис": Путь: 16 -> 14; 
11:37:56: 	Действие оператора	Изменение настроек поезда: 19 СанктПетербург - Москва "Мегаполис": Путь: 14 -> 7; 
11:38:00: 	Действие оператора	Изменение настроек поезда: 19 СанктПетербург - Москва "Мегаполис": Путь: 7 -> 13; 
11:38:02: 	Действие оператора	Изменение настроек поезда: 19 СанктПетербург - Москва "Мегаполис": Путь: 13 -> 7; 
11:38:31: 	Системное сообщение	Программный комплекс включен
11:38:34: 	Действие оператора	Изменение настроек поезда: 7306 Крюково ЛАСТОЧКА: Путь:  -> 16тт; 
11:38:39: 	Действие оператора	Изменение настроек поезда: 7306 Крюково ЛАСТОЧКА: Путь: 16тт -> 16; 
11:38:41: 	Действие оператора	Изменение настроек поезда: 7306 Крюково ЛАСТОЧКА: Путь: 16 -> 15; 
11:38:43: 	Действие оператора	Изменение настроек поезда: 7306 Крюково ЛАСТОЧКА: Путь: 15 -> 9; 
11:39:36: 	Действие оператора	Изменение настроек поезда: 6402 Подсолнечная: Путь:  -> 8; 
11:41:50: 	Системное сообщение	Программный комплекс включен
11:41:55: 	Действие оператора	Изменение настроек поезда: 6344 Крюково: Путь:  -> 12; 
11:41:57: 	Действие оператора	Изменение настроек поезда: 6344 Крюково: Путь: 12 -> 16; 
11:42:00: 	Действие оператора	Изменение настроек поезда: 6344 Крюково: Путь: 16 -> 4; 
11:42:04: 	Действие оператора	Изменение настроек поезда: 6344 Крюково: Путь: 4 -> 2; 
11:42:06: 	Действие оператора	Изменение настроек поезда: 6344 Крюково: Путь: 2 -> 14; 
11:49:41: 	Системное сообщение	Программный комплекс включен
11:49:43: 	Действие оператора	Изменение настроек поезда: 6300 Крюково: Путь:  -> 6; 
11:49:45: 	Действие оператора	Изменение настроек поезда: 6300 Крюково: Путь: 6 -> 7; 
11:49:49: 	Действие оператора	Изменение настроек поезда: 6300 Крюково: Путь: 7 -> 5; 
11:49:55: 	Действие оператора	Изменение настроек поезда: 6300 Крюково: Путь: 5 -> 6; 
11:49:56: 	Действие оператора	Изменение настроек поезда: 6300 Крюково: Путь: 6 -> 7; 
11:50:00: 	Действие оператора	Изменение настроек поезда: 6300 Крюково: Путь: 7 -> 6; 
11:50:02: 	Действие оператора	Изменение настроек поезда: 6300 Крюково: Путь: 6 -> 5; 
11:50:03: 	Действие оператора	Изменение настроек поезда: 6300 Крюково: Путь: 5 -> 6; 
