00:00:14: 	Действие оператора	Работа разрешена
00:00:14: 	Действие оператора	Работа разрешена
00:04:08: 	Действие оператора	Изменение настроек поезда: 20 Москва - СанктПетербург "Мегаполис": Путь:  -> 1; 
00:04:10: 	Действие оператора	Изменение настроек поезда: 6396 Крюково: Путь:  -> 2; 
00:04:14: 	Действие оператора	Изменение настроек поезда: 16 Москва - Мурманск "Арктика": Путь:  -> 4; 
00:10:00: 	Автоматическое воспроизведение расписания	Формирование звукового сообщения: уважаемые пассажиры продолжается посадка на скорый поезд 20 Отправлением Время отправления: 00:20 Поезд Находится На 1ом пути уважаемые пассажиры продолжается посадка на скорый поезд 20 Отправлением Время отправления: 00:20 Поезд Находится На 1ом пути Нумерация с хвоста Благодарим за внимание . Повтор 1 раз.
00:10:15: 	Системное сообщение	Программный комплекс включен
00:15:57: 	Системное сообщение	Программный комплекс включен
00:37:31: 	Системное сообщение	Программный комплекс включен
00:58:41: 	Системное сообщение	Программный комплекс включен
00:58:49: 	Действие оператора	Изменение настроек поезда: 6377 Крюково - Москва: Путь:  -> 2; 
00:59:09: 	Действие оператора	Изменение настроек поезда: 20 Москва - СанктПетербург "Мегаполис": Путь:  -> 3; 
00:59:15: 	Действие оператора	Изменение настроек поезда: 6300 Крюково: Путь:  -> 3; 
00:59:28: 	Действие оператора	Работа разрешена
15:17:11: 	Системное сообщение	Программный комплекс включен
15:17:16: 	Действие оператора	Изменение настроек поезда: 41 В.Новгород - Москва: Путь:  -> 2; 
15:21:44: 	Системное сообщение	Программный комплекс включен
15:21:55: 	Действие оператора	Изменение настроек поезда: 6712 Тверь: Путь:  -> 2; 
15:22:02: 	Действие оператора	Изменение настроек поезда: 770 Москва - СанктПетербург: Путь:  -> 4; 
15:22:20: 	Действие оператора	Изменение настроек поезда: 6514 Клин: Путь:  -> 3; 
15:22:37: 	Системное сообщение	Программный комплекс включен
15:22:44: 	Действие оператора	Изменение настроек поезда: 770 Москва - СанктПетербург: Путь:  -> 3; 
15:23:58: 	Системное сообщение	Программный комплекс включен
15:24:11: 	Действие оператора	Изменение настроек поезда: 770 Москва - СанктПетербург: Путь:  -> 3; 
15:24:12: 	Действие оператора	Изменение настроек поезда: 7122 Тверь ЛАСТОЧКА: Путь:  -> 6; 
