11:25:32: 	Системное сообщение	Программный комплекс включен
11:25:39: 	Системное сообщение	Программный комплекс включен
11:27:46: 	Системное сообщение	Программный комплекс включен
11:38:52: 	Системное сообщение	Программный комплекс включен
00:00:00: 	Автоматическое воспроизведение расписания	Формирование звукового сообщения: уважаемые пассажиры продолжается посадка на скорый поезд 20 Отправлением Время отправления: 00:20 Поезд Находится На 7ом пути уважаемые пассажиры продолжается посадка на скорый поезд 20 Отправлением Время отправления: 00:20 Поезд Находится На 7ом пути Нумерация с хвоста Благодарим за внимание . Повтор 1 раз.
00:09:25: 	Действие оператора	Изменение настроек поезда: 6396 Крюково: Путь:  -> 2; 
00:19:24: 	Действие оператора	Изменение настроек поезда: 6377 Крюково - Москва: Путь:  -> 2; 
00:19:42: 	Действие оператора	Изменение настроек поезда: 6396 Крюково: Путь:  -> 3; 
02:18:14: 	Системное сообщение	Программный комплекс включен
02:22:33: 	Системное сообщение	Программный комплекс включен
02:23:31: 	Системное сообщение	Программный комплекс включен
02:25:15: 	Системное сообщение	Программный комплекс включен
02:26:27: 	Системное сообщение	Программный комплекс включен
02:27:44: 	Системное сообщение	Программный комплекс включен
02:28:29: 	Системное сообщение	Программный комплекс включен
02:28:31: 	Действие оператора	Работа разрешена
02:30:30: 	Автоматическое воспроизведение звукового сообщения	Залы ожидания
02:30:33: 	Действие оператора	Работа запрещена
02:32:44: 	Системное сообщение	Программный комплекс включен
02:34:35: 	Системное сообщение	Программный комплекс включен
02:36:44: 	Системное сообщение	Программный комплекс включен
02:38:30: 	Системное сообщение	Программный комплекс включен
02:39:34: 	Системное сообщение	Программный комплекс включен
02:39:56: 	Действие оператора	Изменение настроек поезда: 6727 Тверь - Москва: Путь:  -> 1; 
00:35:04: 	Действие оператора	Изменение настроек поезда: 7102 Тверь ЛАСТОЧКА: Путь:  -> 3; 
00:35:09: 	Действие оператора	Изменение настроек поезда: 6398 Крюково: Путь:  -> 2; 
00:35:13: 	Действие оператора	Изменение настроек поезда: 6300 Крюково: Путь:  -> 2; 
00:35:15: 	Действие оператора	Изменение настроек поезда: 30 Москва - СанктПетербург: Путь:  -> 3; 
00:36:10: 	Действие оператора	Изменение настроек поезда: 6398 Крюково: Путь:  -> 2; 
00:36:11: 	Действие оператора	Изменение настроек поезда: 6300 Крюково: Путь:  -> 3; 
00:36:13: 	Действие оператора	Изменение настроек поезда: 30 Москва - СанктПетербург: Путь:  -> 3; 
00:53:21: 	Действие оператора	Изменение настроек поезда: 6300 Крюково: Путь:  -> 2; 
00:53:22: 	Действие оператора	Изменение настроек поезда: 30 Москва - СанктПетербург: Путь:  -> 1; 
00:53:23: 	Действие оператора	Изменение настроек поезда: 6727 Тверь - Москва: Путь:  -> 3; 
01:12:10: 	Действие оператора	Изменение настроек поезда: 6300 Крюково: Путь:  -> 2; 
01:12:11: 	Действие оператора	Изменение настроек поезда: 62 Москва - СанктПетербург: Путь:  -> 3; 
01:12:13: 	Действие оператора	Изменение настроек поезда: 6502 Клин: Путь:  -> 2; 
11:37:32: 	Системное сообщение	Программный комплекс включен
11:39:22: 	Системное сообщение	Программный комплекс включен
11:42:11: 	Системное сообщение	Программный комплекс включен
11:46:48: 	Системное сообщение	Программный комплекс включен
12:29:59: 	Системное сообщение	Программный комплекс включен
12:31:40: 	Системное сообщение	Программный комплекс включен
13:34:15: 	Системное сообщение	Программный комплекс включен
13:35:08: 	Системное сообщение	Программный комплекс включен
16:17:41: 	Системное сообщение	Программный комплекс включен
16:18:57: 	Действие оператора	Изменение настроек поезда: 6412 Подсолнечная: Путь:  -> 1; 
16:18:58: 	Действие оператора	Изменение настроек поезда: 7124 Тверь ЛАСТОЧКА: Путь:  -> 2; 
16:19:00: 	Действие оператора	Изменение настроек поезда: 6358 Крюково: Путь:  -> 2; 
16:19:03: 	Действие оператора	Изменение настроек поезда: 7342 Крюково ЛАСТОЧКА: Путь:  -> 2; 
16:26:43: 	Системное сообщение	Программный комплекс включен
16:26:49: 	Действие оператора	Изменение настроек поезда: 765 СанктПетербург - Москва: Путь:  -> 2; 
16:26:51: 	Действие оператора	Изменение настроек поезда: 7344 Крюково ЛАСТОЧКА: Путь:  -> 3; 
16:26:53: 	Действие оператора	Изменение настроек поезда: 6516 Клин: Путь:  -> 2; 
16:31:38: 	Системное сообщение	Программный комплекс включен
16:31:55: 	Действие оператора	Изменение настроек поезда: 774 Москва - СанктПетербург: Путь:  -> 1; 
17:40:29: 	Системное сообщение	Программный комплекс включен
17:44:06: 	Системное сообщение	Программный комплекс включен
18:10:09: 	Системное сообщение	Программный комплекс включен
18:16:55: 	Системное сообщение	Программный комплекс включен
18:24:25: 	Системное сообщение	Программный комплекс включен
18:28:08: 	Системное сообщение	Программный комплекс включен
18:32:52: 	Системное сообщение	Программный комплекс включен
18:45:29: 	Системное сообщение	Программный комплекс включен
18:48:55: 	Системное сообщение	Программный комплекс включен
