11:47:31: 	Системное сообщение	Программный комплекс включен
11:50:53: 	Системное сообщение	Программный комплекс включен
11:57:45: 	Системное сообщение	Программный комплекс включен
11:59:22: 	Действие оператора	Изменение настроек поезда: 20 Москва - СанктПетербург "Мегаполис": Отправление: 00:20 -> 00:36; 
11:59:25: 	Действие оператора	Работа разрешена
12:30:31: 	Автоматическое воспроизведение звукового сообщения	Залы ожидания
12:30:31: 	Автоматическое воспроизведение звукового сообщения	Места для инвалидов с коляской
13:29:16: 	Системное сообщение	Программный комплекс включен
13:32:37: 	Системное сообщение	Программный комплекс включен
13:52:52: 	Системное сообщение	Программный комплекс включен
13:58:12: 	Системное сообщение	Программный комплекс включен
14:06:31: 	Действие оператора	Изменение настроек поезда: 7336 Крюково ЛАСТОЧКА: Путь:  -> 2; 
14:07:37: 	Действие оператора	Работа разрешена
14:08:03: 	Действие оператора	Воспроизведение звукового сообщения: Курение Табака
14:08:20: 	Действие оператора	Формирование звукового сообщения: уважаемые пассажиры продолжается посадка на у.э. ласточка 7336 Отправлением Время отправления: 14:35 продолжается посадка на у.э. ласточка 7336 Отправлением Время отправления: 14:35 Электропоезд находится На 2ом пути Электропоезд движется с остановками на станциях: Химки Сходня . Повтор 1 раз.
14:09:09: 	Системное сообщение	Программный комплекс включен
14:09:10: 	Действие оператора	Работа разрешена
23:50:33: 	Автоматическое воспроизведение звукового сообщения	Безхозные весчи
23:50:47: 	Действие оператора	Изменение настроек поезда: 20 Москва - СанктПетербург: Путь:  -> 3; 
23:51:06: 	Действие оператора	Изменение настроек поезда: 20 Москва - СанктПетербург "Мегаполис": Путь:  -> 3; 
23:51:09: 	Действие оператора	Изменение настроек поезда: 6396 Крюково: Путь:  -> 5; 
23:51:46: 	Системное сообщение	Программный комплекс включен
23:20:12: 	Системное сообщение	Программный комплекс включен
23:20:34: 	Действие оператора	Изменение настроек поезда: 6524 Клин: Путь:  -> 3; 
23:20:49: 	Действие оператора	Изменение настроек поезда: 2 Москва - СанктПетербург "Красная Стрела": Путь:  -> 4; 
23:20:51: 	Действие оператора	Изменение настроек поезда: 6394 Крюково: Путь:  -> 6; 
23:20:54: 	Действие оператора	Изменение настроек поезда: 20 Москва - СанктПетербург: Путь:  -> 3; 
23:20:57: 	Действие оператора	Изменение настроек поезда: 6377 Крюково - Москва: Путь:  -> 5; 
23:21:00: 	Действие оператора	Изменение настроек поезда: 20 Москва - СанктПетербург "Мегаполис": Путь:  -> 6; 
23:59:43: 	Действие оператора	Изменение настроек поезда: 6396 Крюково: Путь:  -> 3; 
