09:47:03: 	Действие оператора	Изменение настроек поезда: 6606 Конаково: Путь:  -> 1; 
10:17:01: 	Системное сообщение	Программный комплекс включен
10:18:40: 	Действие оператора	Изменение настроек поезда: 6334 Крюково: Путь:  -> 2; 
10:18:42: 	Действие оператора	Изменение настроек поезда: 6338 Крюково: Путь:  -> 2; 
10:20:17: 	Действие оператора	Изменение настроек поезда: 6334 Крюково: Путь:  -> 1; 
10:20:18: 	Действие оператора	Изменение настроек поезда: 6338 Крюково: Путь:  -> 2; 
10:20:20: 	Действие оператора	Изменение настроек поезда: 753 СанктПетербург - Москва: Путь:  -> 4; 
10:35:22: 	Системное сообщение	Программный комплекс включен
10:35:44: 	Действие оператора	Изменение настроек поезда: 6338 Крюково: Путь:  -> 1; 
10:35:47: 	Действие оператора	Изменение настроек поезда: 753 СанктПетербург - Москва: Путь:  -> 2; 
10:36:08: 	Действие оператора	Изменение настроек поезда: 755 СанктПетербург - Москва: Путь:  -> 3; 
10:36:10: 	Действие оператора	Изменение настроек поезда: 7324 Крюково ЛАСТОЧКА: Путь:  -> 2; 
10:38:55: 	Системное сообщение	Программный комплекс включен
10:39:02: 	Действие оператора	Изменение настроек поезда: 753 СанктПетербург - Москва: Путь:  -> 2; 
10:39:29: 	Действие оператора	Изменение настроек поезда: 7324 Крюково ЛАСТОЧКА: Путь:  -> 3; 
10:42:44: 	Системное сообщение	Программный комплекс включен
10:42:56: 	Действие оператора	Изменение настроек поезда: 7324 Крюково ЛАСТОЧКА: Путь:  -> 3; 
10:43:01: 	Действие оператора	Изменение настроек поезда: 755 СанктПетербург - Москва: Путь:  -> 1; 
10:43:10: 	Действие оператора	Изменение настроек поезда: 753 СанктПетербург - Москва: Путь:  -> 1; 
11:05:28: 	Системное сообщение	Программный комплекс включен
12:40:36: 	Системное сообщение	Программный комплекс включен
12:40:44: 	Действие оператора	Изменение настроек поезда: 766 Москва - СанктПетербург: Путь:  -> 1; 
12:40:45: 	Действие оператора	Изменение настроек поезда: 6710 Тверь: Путь:  -> 2; 
12:44:03: 	Системное сообщение	Программный комплекс включен
12:44:09: 	Действие оператора	Изменение настроек поезда: 768 Москва - СанктПетербург: Путь:  -> 1; 
12:46:51: 	Системное сообщение	Программный комплекс включен
12:47:04: 	Действие оператора	Изменение настроек поезда: 766 Москва - СанктПетербург: Путь:  -> 1; 
12:47:59: 	Системное сообщение	Программный комплекс включен
12:48:05: 	Действие оператора	Изменение настроек поезда: 6348 Крюково: Путь:  -> 1; 
13:02:40: 	Системное сообщение	Программный комплекс включен
13:02:46: 	Системное сообщение	Программный комплекс включен
13:03:02: 	Действие оператора	Изменение настроек поезда: 62 Москва - СанктПетербург: Путь:  -> 2; 
13:26:30: 	Системное сообщение	Программный комплекс включен
13:26:34: 	Действие оператора	Изменение настроек поезда: 6610 Конаково: Путь:  -> 1; 
13:27:13: 	Системное сообщение	Программный комплекс включен
13:34:53: 	Системное сообщение	Программный комплекс включен
14:01:53: 	Системное сообщение	Программный комплекс включен
14:01:58: 	Действие оператора	Изменение настроек поезда: 7336 Крюково ЛАСТОЧКА: Путь:  -> 1; 
16:37:23: 	Системное сообщение	Программный комплекс включен
17:05:44: 	Системное сообщение	Программный комплекс включен
17:06:02: 	Действие оператора	Изменение настроек поезда: 774 Москва - СанктПетербург: Путь:  -> 2; 
