12:09:56: 	Системное сообщение	Программный комплекс включен
12:10:00: 	Действие оператора	Изменение настроек поезда: 6502 Клин: Путь:  -> 3; 
12:10:15: 	Действие оператора	Изменение настроек поезда: 33 Таллинн - Москва "Таллинн": Путь:  -> 5; Прибытие: 09:40 -> 15:40; 
14:25:42: 	Системное сообщение	Программный комплекс включен
14:35:27: 	Системное сообщение	Программный комплекс включен
14:37:01: 	Системное сообщение	Программный комплекс включен
15:28:44: 	Системное сообщение	Программный комплекс включен
15:36:14: 	Системное сообщение	Программный комплекс включен
15:38:17: 	Системное сообщение	Программный комплекс включен
15:51:18: 	Системное сообщение	Программный комплекс включен
15:58:37: 	Системное сообщение	Программный комплекс включен
15:59:21: 	Системное сообщение	Программный комплекс включен
16:11:18: 	Системное сообщение	Программный комплекс включен
16:13:07: 	Системное сообщение	Программный комплекс включен
16:14:21: 	Системное сообщение	Программный комплекс включен
16:15:11: 	Системное сообщение	Программный комплекс включен
16:15:41: 	Системное сообщение	Программный комплекс включен
16:17:34: 	Системное сообщение	Программный комплекс включен
16:20:19: 	Системное сообщение	Программный комплекс включен
16:21:13: 	Системное сообщение	Программный комплекс включен
16:24:25: 	Системное сообщение	Программный комплекс включен
17:04:49: 	Системное сообщение	Программный комплекс включен
17:06:23: 	Системное сообщение	Программный комплекс включен
17:08:22: 	Системное сообщение	Программный комплекс включен
17:09:01: 	Системное сообщение	Программный комплекс включен
17:10:38: 	Системное сообщение	Программный комплекс включен
17:11:29: 	Системное сообщение	Программный комплекс включен
17:12:15: 	Действие оператора	Изменение настроек поезда: 30 Москва - СанктПетербург: Путь:  -> 3; 
17:12:27: 	Системное сообщение	Программный комплекс включен
17:12:33: 	Действие оператора	Изменение настроек поезда: 19 СанктПетербург - Москва "Мегаполис": Путь:  -> 4; 
17:13:00: 	Действие оператора	Изменение настроек поезда: 7102 Тверь ЛАСТОЧКА: Путь:  -> 3; 
17:13:42: 	Действие оператора	Изменение настроек поезда: 7102 Тверь ЛАСТОЧКА: Отправление: 05:44 -> 05:51; 
17:14:51: 	Действие оператора	Изменение настроек поезда: 6398 Крюково: Путь:  -> 4; Отправление: 00:43 -> 01:43; 
17:33:26: 	Системное сообщение	Программный комплекс включен
17:33:38: 	Действие оператора	Изменение настроек поезда: 6714 Тверь: Путь:  -> 4; 
17:33:45: 	Действие оператора	Изменение настроек поезда: 6714 Тверь: Отправление: 17:35 -> 17:36; 
17:34:06: 	Действие оператора	Изменение настроек поезда: 6714 Тверь: Отправление: 17:36 -> 16:41; 
17:35:04: 	Действие оператора	Изменение настроек поезда: 6714 Тверь: Путь:  -> 4; 
17:35:15: 	Действие оператора	Изменение настроек поезда: 6714 Тверь: Отправление: 17:35 -> 17:36; 
17:35:33: 	Действие оператора	Изменение настроек поезда: 6714 Тверь: Отправление: 17:36 -> 17:42; 
17:37:43: 	Действие оператора	Изменение настроек поезда: 6714 Тверь: Отправление: 17:42 -> 17:40; 
17:40:03: 	Действие оператора	Работа разрешена
17:40:30: 	Автоматическое воспроизведение звукового сообщения	Пригородные билеты
17:44:12: 	Действие оператора	Изменение настроек поезда: 6414 Подсолнечная: Путь:  -> 4; 
