16:09:59: 	Системное сообщение	Ошибка загрузки настроек: Could not find file 'C:\Autodictor v1.0.8\Settings.ini'.
16:10:02: 	Системное сообщение	Программный комплекс включен
16:10:11: 	Системное сообщение	Программный комплекс включен
16:32:18: 	Системное сообщение	Программный комплекс включен
16:35:27: 	Системное сообщение	Программный комплекс включен
16:35:30: 	Действие оператора	Работа разрешена
17:04:05: 	Системное сообщение	Программный комплекс включен
17:05:04: 	Системное сообщение	Программный комплекс включен
17:10:26: 	Системное сообщение	Программный комплекс включен
17:10:28: 	Действие оператора	Работа разрешена
19:06:45: 	Системное сообщение	Программный комплекс включен
19:06:54: 	Действие оператора	Работа разрешена
19:18:40: 	Действие оператора	Формирование звукового сообщения: уважаемые пассажиры Пригородный электропоезд до ст Крюково Отправлением Время отправления: 19:22 будет подан под посадку На 4ый путь уважаемые пассажиры Пригородный электропоезд до ст Крюково Отправлением Время отправления: 19:22 будет подан под посадку На 4ый путь Электропоезд движется со всеми остановками . Повтор 1 раз.
19:19:07: 	Действие оператора	Изменение настроек поезда: 6374 Крюково: Путь:  -> 4; 
19:19:25: 	Действие оператора	Изменение настроек поезда: 6376 Крюково: Путь:  -> 6; 
19:19:32: 	Действие оператора	Изменение настроек поезда: 778 Москва - СанктПетербург: Путь:  -> 9; 
19:19:40: 	Действие оператора	Изменение настроек поезда: 6718 Тверь: Путь:  -> 10; 
19:20:00: 	Автоматическое воспроизведение звукового сообщения	1.1 Безопасность
19:20:00: 	Автоматическое воспроизведение расписания	Формирование звукового сообщения: уважаемые пассажиры заканчивается посадка на пригород э.п Крюково Отправлением Время отправления: 19:22 Электропоезд находится На 4ом пути заканчивается посадка на пригород э.п Крюково Отправлением Время отправления: 19:22 Электропоезд находится На 4ом пути Электропоезд движется со всеми остановками желаем вам счастливого пути . Повтор 1 раз.
19:20:09: 	Действие оператора	Изменение настроек поезда: 780 Москва - СанктПетербург: Путь:  -> 7; 
19:20:15: 	Действие оператора	Изменение настроек поезда: 7130 Тверь: Путь:  -> 2; 
19:20:38: 	Действие оператора	Изменение настроек поезда: 10Ф Москва - Псков "Псков": Путь:  -> 5; 
19:22:00: 	Автоматическое воспроизведение расписания	Формирование звукового сообщения: уважаемые пассажиры продолжается посадка на пригород э.п Тверь Отправлением Время отправления: 19:37 продолжается посадка на пригород э.п Тверь Отправлением Время отправления: 19:37 Электропоезд находится На 10ом пути Электропоезд движется с остановками кроме станций: Лазурная . Повтор 1 раз.
19:23:00: 	Автоматическое воспроизведение расписания	Формирование звукового сообщения: уважаемые пассажиры продолжается посадка на пригород э.п Крюково Отправлением Время отправления: 19:28 продолжается посадка на пригород э.п Крюково Отправлением Время отправления: 19:28 Электропоезд находится На 6ом пути Электропоезд движется со всеми остановками . Повтор 1 раз.
19:25:00: 	Автоматическое воспроизведение расписания	Формирование звукового сообщения: уважаемые пассажиры до отправления скорого поезда Сапсан1 778 остается 5 минут Поезд Находится На 9ом пути Просим занять места уважаемые пассажиры до отправления скорого поезда Сапсан1 778 остается 5 минут Поезд Находится На 9ом пути Просим занять места Нумерация с головы . Повтор 1 раз.
19:25:00: 	Автоматическое воспроизведение расписания	Формирование звукового сообщения: уважаемые пассажиры ускор. ласточка до ст Тверь Отправлением Время отправления: 19:45 будет подан под посадку На 2ой путь ускор. ласточка до ст Тверь Отправлением Время отправления: 19:45 будет подан под посадку На 2ой путь Электропоезд движется с остановками на станциях: Химки Сходня Крюково Подсолнечная Клин . Повтор 1 раз.
19:26:00: 	Автоматическое воспроизведение расписания	Формирование звукового сообщения: уважаемые пассажиры заканчивается посадка на пригород э.п Крюково Отправлением Время отправления: 19:28 Электропоезд находится На 6ом пути заканчивается посадка на пригород э.п Крюково Отправлением Время отправления: 19:28 Электропоезд находится На 6ом пути Электропоезд движется со всеми остановками желаем вам счастливого пути . Повтор 1 раз.
19:27:00: 	Автоматическое воспроизведение расписания	Формирование звукового сообщения: уважаемые пассажиры продолжается посадка на пригород э.п Тверь Отправлением Время отправления: 19:37 продолжается посадка на пригород э.п Тверь Отправлением Время отправления: 19:37 Электропоезд находится На 10ом пути Электропоезд движется с остановками кроме станций: Лазурная . Повтор 1 раз.
19:28:00: 	Автоматическое воспроизведение расписания	Формирование звукового сообщения: уважаемые пассажиры заканчивается посадка на скоростной поезд Сапсан1 778 Отправлением Время отправления: 19:30 Поезд Находится На 9ом пути Просим занять места уважаемые пассажиры заканчивается посадка на скоростной поезд Сапсан1 778 Отправлением Время отправления: 19:30 Поезд Находится На 9ом пути Просим занять места Нумерация с головы желаем вам счастливого пути . Повтор 1 раз.
19:30:00: 	Автоматическое воспроизведение звукового сообщения	1.4 Безопасность
19:30:00: 	Автоматическое воспроизведение расписания	Формирование звукового сообщения: уважаемые пассажиры продолжается посадка на у.э. ласточка Тверь Отправлением Время отправления: 19:45 продолжается посадка на у.э. ласточка Тверь Отправлением Время отправления: 19:45 Электропоезд находится На 2ом пути Электропоезд движется с остановками на станциях: Химки Сходня Крюково Подсолнечная Клин . Повтор 1 раз.
19:32:00: 	Автоматическое воспроизведение расписания	Формирование звукового сообщения: уважаемые пассажиры продолжается посадка на пригород э.п Тверь Отправлением Время отправления: 19:37 продолжается посадка на пригород э.п Тверь Отправлением Время отправления: 19:37 Электропоезд находится На 10ом пути Электропоезд движется с остановками кроме станций: Лазурная . Повтор 1 раз.
19:33:30: 	Автоматическое воспроизведение звукового сообщения	1.5 Чистота
19:34:50: 	Действие оператора	Формирование звукового сообщения: уважаемые пассажиры ускор. ласточка до ст Тверь Отправлением Время отправления: 19:45 будет подан под посадку На 2ой путь ускор. ласточка до ст Тверь Отправлением Время отправления: 19:45 будет подан под посадку На 2ой путь Электропоезд движется с остановками на станциях: Химки Сходня Крюково Подсолнечная Клин . Повтор 1 раз.
19:35:00: 	Автоматическое воспроизведение расписания	Формирование звукового сообщения: уважаемые пассажиры заканчивается посадка на пригород э.п Тверь Отправлением Время отправления: 19:37 Электропоезд находится На 10ом пути заканчивается посадка на пригород э.п Тверь Отправлением Время отправления: 19:37 Электропоезд находится На 10ом пути Электропоезд движется с остановками кроме станций: Лазурная желаем вам счастливого пути . Повтор 1 раз.
19:35:00: 	Автоматическое воспроизведение расписания	Формирование звукового сообщения: уважаемые пассажиры до отправления скорого поезда Сапсан1 780 остается 5 минут Поезд Находится На 7ом пути Просим занять места уважаемые пассажиры до отправления скорого поезда Сапсан1 780 остается 5 минут Поезд Находится На 7ом пути Просим занять места Нумерация с головы . Повтор 1 раз.
19:35:00: 	Автоматическое воспроизведение расписания	Формирование звукового сообщения: уважаемые пассажиры продолжается посадка на у.э. ласточка Тверь Отправлением Время отправления: 19:45 продолжается посадка на у.э. ласточка Тверь Отправлением Время отправления: 19:45 Электропоезд находится На 2ом пути Электропоезд движется с остановками на станциях: Химки Сходня Крюково Подсолнечная Клин . Повтор 1 раз.
19:37:42: 	Действие оператора	Изменение настроек поезда: 6378 Крюково: Путь:  -> 8; 
19:37:54: 	Действие оператора	Изменение настроек поезда: 6614 Конаково: Путь:  -> 12; 
19:38:00: 	Автоматическое воспроизведение расписания	Формирование звукового сообщения: уважаемые пассажиры заканчивается посадка на скоростной поезд Сапсан1 780 Отправлением Время отправления: 19:40 Поезд Находится На 7ом пути Просим занять места уважаемые пассажиры заканчивается посадка на скоростной поезд Сапсан1 780 Отправлением Время отправления: 19:40 Поезд Находится На 7ом пути Просим занять места Нумерация с головы желаем вам счастливого пути . Повтор 1 раз.
19:40:00: 	Автоматическое воспроизведение расписания	Формирование звукового сообщения: уважаемые пассажиры продолжается посадка на скоростной поезд Сапсан1 778 Отправлением Время отправления: 19:30 Поезд Находится уважаемые пассажиры продолжается посадка на скоростной поезд Сапсан1 778 Отправлением Время отправления: 19:30 Поезд Находится Нумерация с головы Благодарим за внимание . Повтор 1 раз.
19:40:00: 	Автоматическое воспроизведение расписания	Формирование звукового сообщения: уважаемые пассажиры продолжается посадка на у.э. ласточка Тверь Отправлением Время отправления: 19:45 продолжается посадка на у.э. ласточка Тверь Отправлением Время отправления: 19:45 Электропоезд находится На 2ом пути Электропоезд движется с остановками на станциях: Химки Сходня Крюково Подсолнечная Клин . Повтор 1 раз.
19:41:00: 	Автоматическое воспроизведение звукового сообщения	1.3 Безопасность
19:41:00: 	Автоматическое воспроизведение расписания	Формирование звукового сообщения: уважаемые пассажиры продолжается посадка на пригород э.п Крюково Отправлением Время отправления: 19:51 продолжается посадка на пригород э.п Крюково Отправлением Время отправления: 19:51 Электропоезд находится На 8ом пути Электропоезд движется со всеми остановками . Повтор 1 раз.
19:41:47: 	Действие оператора	Изменение настроек поезда: 780 Москва - СанктПетербург: Путь: 0 -> ; 
19:42:00: 	Автоматическое воспроизведение расписания	Формирование звукового сообщения: уважаемые пассажиры продолжается посадка на пригород э.п Конаково Отправлением Время отправления: 19:57 продолжается посадка на пригород э.п Конаково Отправлением Время отправления: 19:57 Электропоезд находится На 12ом пути Электропоезд движется с остановками кроме станций: Радишево Сенеж . Повтор 1 раз.
19:43:00: 	Автоматическое воспроизведение расписания	Формирование звукового сообщения: уважаемые пассажиры заканчивается посадка на у.э. ласточка Тверь Отправлением Время отправления: 19:45 Электропоезд находится На 2ом пути заканчивается посадка на у.э. ласточка Тверь Отправлением Время отправления: 19:45 Электропоезд находится На 2ом пути Электропоезд движется с остановками на станциях: Химки Сходня Крюково Подсолнечная Клин желаем вам счастливого пути . Повтор 1 раз.
19:43:00: 	Автоматическое воспроизведение расписания	Формирование звукового сообщения: уважаемые пассажиры Скорый-Фирм. Поезд № 10Ф Отправлением Время отправления: 20:23 будет подан под посадку На 5ый путь уважаемые пассажиры Скорый-Фирм. Поезд № 10Ф Отправлением Время отправления: 20:23 будет подан под посадку На 5ый путь Благодарим за внимание . Повтор 1 раз.
19:43:31: 	Системное сообщение	Программный комплекс включен
19:43:33: 	Действие оператора	Работа разрешена
19:44:43: 	Системное сообщение	Программный комплекс включен
19:44:45: 	Действие оператора	Работа разрешена
19:45:06: 	Действие оператора	Изменение настроек поезда: 7130 Тверь: Путь:  -> 2; 
19:45:11: 	Действие оператора	Изменение настроек поезда: 6378 Крюково: Путь:  -> 8; 
19:45:15: 	Действие оператора	Изменение настроек поезда: 6614 Конаково: Путь:  -> 12; 
19:45:20: 	Действие оператора	Изменение настроек поезда: 7356 Крюково: Путь:  -> 6; 
19:45:25: 	Действие оператора	Изменение настроек поезда: 10Ф Москва - Псков "Псков": Путь:  -> 5; 
19:46:00: 	Автоматическое воспроизведение расписания	Формирование звукового сообщения: уважаемые пассажиры продолжается посадка на пригород э.п Крюково Отправлением Время отправления: 19:51 продолжается посадка на пригород э.п Крюково Отправлением Время отправления: 19:51 Электропоезд находится На 8ом пути Электропоезд движется со всеми остановками . Повтор 1 раз.
19:47:00: 	Автоматическое воспроизведение расписания	Формирование звукового сообщения: уважаемые пассажиры продолжается посадка на пригород э.п Конаково Отправлением Время отправления: 19:57 продолжается посадка на пригород э.п Конаково Отправлением Время отправления: 19:57 Электропоезд находится На 12ом пути Электропоезд движется с остановками кроме станций: Радишево Сенеж . Повтор 1 раз.
19:48:00: 	Автоматическое воспроизведение расписания	Формирование звукового сообщения: уважаемые пассажиры продолжается посадка на у.э. ласточка Крюково Отправлением Время отправления: 20:03 продолжается посадка на у.э. ласточка Крюково Отправлением Время отправления: 20:03 Электропоезд находится На 6ом пути Электропоезд движется с остановками на станциях: Химки Сходня . Повтор 1 раз.
19:49:00: 	Автоматическое воспроизведение расписания	Формирование звукового сообщения: уважаемые пассажиры заканчивается посадка на пригород э.п Крюково Отправлением Время отправления: 19:51 Электропоезд находится На 8ом пути заканчивается посадка на пригород э.п Крюково Отправлением Время отправления: 19:51 Электропоезд находится На 8ом пути Электропоезд движется со всеми остановками желаем вам счастливого пути . Повтор 1 раз.
19:52:00: 	Автоматическое воспроизведение расписания	Формирование звукового сообщения: уважаемые пассажиры продолжается посадка на пригород э.п Конаково Отправлением Время отправления: 19:57 продолжается посадка на пригород э.п Конаково Отправлением Время отправления: 19:57 Электропоезд находится На 12ом пути Электропоезд движется с остановками кроме станций: Радишево Сенеж . Повтор 1 раз.
19:52:30: 	Автоматическое воспроизведение звукового сообщения	1.5 Чистота
19:53:00: 	Автоматическое воспроизведение расписания	Формирование звукового сообщения: уважаемые пассажиры продолжается посадка на у.э. ласточка Крюково Отправлением Время отправления: 20:03 продолжается посадка на у.э. ласточка Крюково Отправлением Время отправления: 20:03 Электропоезд находится На 6ом пути Электропоезд движется с остановками на станциях: Химки Сходня . Повтор 1 раз.
19:53:00: 	Автоматическое воспроизведение расписания	Формирование звукового сообщения: уважаемые пассажиры начинается посадка на скорый фирменный 10Ф Отправлением Время отправления: 20:23 Поезд Находится На 5ом пути уважаемые пассажиры начинается посадка на скорый фирменный 10Ф Отправлением Время отправления: 20:23 Поезд Находится На 5ом пути Благодарим за внимание . Повтор 1 раз.
19:54:00: 	Действие оператора	Работа запрещена
19:56:52: 	Действие оператора	Изменение настроек поезда: 6520 Клин: Путь:  -> 10; 
19:57:46: 	Действие оператора	Изменение настроек поезда: 6614 Конаково: Путь: 0 -> ; 
19:58:40: 	Действие оператора	Изменение настроек поезда: 7130 Тверь: Путь: 2 -> ; 
20:00:13: 	Действие оператора	Изменение настроек поезда: 775 СанктПетербург - Москва: Путь:  -> 7; 
20:00:19: 	Действие оператора	Работа разрешена
20:01:00: 	Автоматическое воспроизведение расписания	Формирование звукового сообщения: уважаемые пассажиры заканчивается посадка на у.э. ласточка Крюково Отправлением Время отправления: 20:03 Электропоезд находится На 6ом пути заканчивается посадка на у.э. ласточка Крюково Отправлением Время отправления: 20:03 Электропоезд находится На 6ом пути Электропоезд движется с остановками на станциях: Химки Сходня желаем вам счастливого пути . Повтор 1 раз.
20:01:00: 	Автоматическое воспроизведение расписания	Формирование звукового сообщения: уважаемые пассажиры продолжается посадка на пригород э.п Клин Отправлением Время отправления: 20:11 продолжается посадка на пригород э.п Клин Отправлением Время отправления: 20:11 Электропоезд находится На 10ом пути Электропоезд движется с остановками кроме станций: Левобережье Планерная Фирсановская Малино Алабушево Покровка Фроловская . Повтор 1 раз.
20:03:00: 	Автоматическое воспроизведение расписания	Формирование звукового сообщения: уважаемые пассажиры продолжается посадка на скорый фирменный 10Ф Отправлением Время отправления: 20:23 Поезд Находится На 5ом пути уважаемые пассажиры продолжается посадка на скорый фирменный 10Ф Отправлением Время отправления: 20:23 Поезд Находится На 5ом пути Благодарим за внимание . Повтор 1 раз.
20:03:37: 	Действие оператора	Изменение настроек поезда: 18Ф Москва - Петрозаводск "Карелия": Путь:  -> 1; 
20:03:56: 	Действие оператора	Изменение настроек поезда: 8Ф Москва - СанктПетербург: Путь:  -> 9; 
20:04:38: 	Действие оператора	Изменение настроек поезда: 42 Москва - В.Новгород: Путь:  -> 3; 
20:06:00: 	Автоматическое воспроизведение расписания	Формирование звукового сообщения: уважаемые пассажиры продолжается посадка на пригород э.п Клин Отправлением Время отправления: 20:11 продолжается посадка на пригород э.п Клин Отправлением Время отправления: 20:11 Электропоезд находится На 10ом пути Электропоезд движется с остановками кроме станций: Левобережье Планерная Фирсановская Малино Алабушево Покровка Фроловская . Повтор 1 раз.
20:09:00: 	Автоматическое воспроизведение расписания	Формирование звукового сообщения: уважаемые пассажиры заканчивается посадка на пригород э.п Клин Отправлением Время отправления: 20:11 Электропоезд находится На 10ом пути заканчивается посадка на пригород э.п Клин Отправлением Время отправления: 20:11 Электропоезд находится На 10ом пути Электропоезд движется с остановками кроме станций: Левобережье Планерная Фирсановская Малино Алабушево Покровка Фроловская желаем вам счастливого пути . Повтор 1 раз.
20:09:30: 	Действие оператора	Изменение настроек поезда: 18Ф Москва - Петрозаводск "Карелия": Путь: 1 -> ; 
20:10:00: 	Автоматическое воспроизведение звукового сообщения	1.3 Безопасность
20:10:55: 	Действие оператора	Изменение настроек поезда: 7358 Крюково: Путь:  -> 4; 
20:11:03: 	Действие оператора	Изменение настроек поезда: 6416 Подсолнечная: Путь:  -> 14; 
20:12:00: 	Автоматическое воспроизведение расписания	Формирование звукового сообщения: уважаемые пассажиры ускор. ласточка до ст Крюково Отправлением Время отправления: 20:32 будет подан под посадку На 4ый путь ускор. ласточка до ст Крюково Отправлением Время отправления: 20:32 будет подан под посадку На 4ый путь Электропоезд движется с остановками на станциях: Химки Сходня . Повтор 1 раз.
20:13:00: 	Автоматическое воспроизведение расписания	Формирование звукового сообщения: уважаемые пассажиры продолжается посадка на скорый фирменный 10Ф Отправлением Время отправления: 20:23 Поезд Находится На 5ом пути уважаемые пассажиры продолжается посадка на скорый фирменный 10Ф Отправлением Время отправления: 20:23 Поезд Находится На 5ом пути Благодарим за внимание . Повтор 1 раз.
20:15:00: 	Автоматическое воспроизведение звукового сообщения	1.2 Безопасность
20:15:00: 	Автоматическое воспроизведение расписания	Формирование звукового сообщения: уважаемые пассажиры продолжается посадка на пригород э.п Подсолнечная Отправлением Время отправления: 20:25 продолжается посадка на пригород э.п Подсолнечная Отправлением Время отправления: 20:25 Электропоезд находится На 14ом пути Электропоезд движется с остановками кроме станций: Планерная Малино Радишево . Повтор 1 раз.
20:17:00: 	Автоматическое воспроизведение расписания	Формирование звукового сообщения: уважаемые пассажиры продолжается посадка на у.э. ласточка Крюково Отправлением Время отправления: 20:32 продолжается посадка на у.э. ласточка Крюково Отправлением Время отправления: 20:32 Электропоезд находится На 4ом пути Электропоезд движется с остановками на станциях: Химки Сходня . Повтор 1 раз.
20:18:00: 	Автоматическое воспроизведение расписания	Формирование звукового сообщения: уважаемые пассажиры до отпр ск ф п 10Ф остается 5 минут Поезд Находится На 5ом пути Просим занять места уважаемые пассажиры до отпр ск ф п 10Ф остается 5 минут Поезд Находится На 5ом пути Просим занять места . Повтор 1 раз.
20:20:00: 	Автоматическое воспроизведение звукового сообщения	1.1 Безопасность
20:20:00: 	Автоматическое воспроизведение расписания	Формирование звукового сообщения: уважаемые пассажиры продолжается посадка на пригород э.п Подсолнечная Отправлением Время отправления: 20:25 продолжается посадка на пригород э.п Подсолнечная Отправлением Время отправления: 20:25 Электропоезд находится На 14ом пути Электропоезд движется с остановками кроме станций: Планерная Малино Радишево . Повтор 1 раз.
20:21:00: 	Автоматическое воспроизведение расписания	Формирование звукового сообщения: уважаемые пассажиры заканчивается посадка на скорый фирменный 10Ф Отправлением Время отправления: 20:23 Поезд Находится На 5ом пути Просим занять места уважаемые пассажиры заканчивается посадка на скорый фирменный 10Ф Отправлением Время отправления: 20:23 Поезд Находится На 5ом пути Просим занять места желаем вам счастливого пути . Повтор 1 раз.
20:21:28: 	Действие оператора	Изменение настроек поезда: 18Ф Москва - Петрозаводск "Карелия": Путь:  -> 1; 
20:22:00: 	Автоматическое воспроизведение расписания	Формирование звукового сообщения: уважаемые пассажиры продолжается посадка на у.э. ласточка Крюково Отправлением Время отправления: 20:32 продолжается посадка на у.э. ласточка Крюково Отправлением Время отправления: 20:32 Электропоезд находится На 4ом пути Электропоезд движется с остановками на станциях: Химки Сходня . Повтор 1 раз.
20:22:00: 	Автоматическое воспроизведение расписания	Формирование звукового сообщения: уважаемые пассажиры Скорый-Фирм. Поезд № 18Ф Отправлением Время отправления: 21:02 будет подан под посадку На 1ый путь уважаемые пассажиры Скорый-Фирм. Поезд № 18Ф Отправлением Время отправления: 21:02 будет подан под посадку На 1ый путь Благодарим за внимание . Повтор 1 раз.
20:23:00: 	Автоматическое воспроизведение расписания	Формирование звукового сообщения: уважаемые пассажиры заканчивается посадка на пригород э.п Подсолнечная Отправлением Время отправления: 20:25 Электропоезд находится На 14ом пути заканчивается посадка на пригород э.п Подсолнечная Отправлением Время отправления: 20:25 Электропоезд находится На 14ом пути Электропоезд движется с остановками кроме станций: Планерная Малино Радишево желаем вам счастливого пути . Повтор 1 раз.
20:30:04: 	Системное сообщение	Программный комплекс включен
20:30:07: 	Действие оператора	Работа разрешена
20:30:10: 	Действие оператора	Работа запрещена
20:30:40: 	Действие оператора	Изменение настроек поезда: 18Ф Москва - Петрозаводск "Карелия": Путь:  -> 1; 
20:30:51: 	Действие оператора	Изменение настроек поезда: 775 СанктПетербург - Москва: Путь:  -> 7; 
20:31:00: 	Действие оператора	Изменение настроек поезда: 8Ф Москва - СанктПетербург: Путь:  -> 9; 
20:31:16: 	Действие оператора	Изменение настроек поезда: 42 Москва - В.Новгород: Путь:  -> 3; 
20:31:52: 	Действие оператора	Изменение настроек поезда: 6720 Тверь: Путь:  -> 12; 
20:32:30: 	Действие оператора	Изменение настроек поезда: 6616 Конаково: Путь:  -> 8; 
20:32:46: 	Действие оператора	Изменение настроек поезда: 7358 Крюково: Путь:  -> 4; 
20:33:58: 	Действие оператора	Работа разрешена
20:34:00: 	Автоматическое воспроизведение расписания	Формирование звукового сообщения: уважаемые пассажиры продолжается посадка на пригород э.п Тверь Отправлением Время отправления: 20:44 продолжается посадка на пригород э.п Тверь Отправлением Время отправления: 20:44 Электропоезд находится На 12ом пути Электропоезд движется с остановками кроме станций: Алабушево Радишево Поваровка Берёзки Головково Ямуга Чуприяновка Лазурная . Повтор 1 раз.
20:34:00: 	Автоматическое воспроизведение расписания	Формирование звукового сообщения: уважаемые пассажиры Пригородный электропоезд до ст Конаково Отправлением Время отправления: 20:54 будет подан под посадку На 8ой путь уважаемые пассажиры Пригородный электропоезд до ст Конаково Отправлением Время отправления: 20:54 будет подан под посадку На 8ой путь Электропоезд движется с остановками кроме станций: Алабушево Радишево Сенеж Фроловская Стриглово Конаковский мох . Повтор 1 раз.
20:35:30: 	Автоматическое воспроизведение звукового сообщения	1.5 Чистота
20:37:55: 	Действие оператора	Формирование звукового сообщения: уважаемые пассажиры продолжается посадка на пригород э.п Тверь Отправлением Время отправления: 20:44 продолжается посадка на пригород э.п Тверь Отправлением Время отправления: 20:44 Электропоезд находится На 12ом пути Электропоезд движется с остановками кроме станций: Алабушево Радишево Поваровка Берёзки Головково Ямуга Чуприяновка Лазурная . Повтор 1 раз.
20:39:00: 	Автоматическое воспроизведение расписания	Формирование звукового сообщения: уважаемые пассажиры продолжается посадка на пригород э.п Тверь Отправлением Время отправления: 20:44 продолжается посадка на пригород э.п Тверь Отправлением Время отправления: 20:44 Электропоезд находится На 12ом пути Электропоезд движется с остановками кроме станций: Алабушево Радишево Поваровка Берёзки Головково Ямуга Чуприяновка Лазурная . Повтор 1 раз.
20:39:00: 	Автоматическое воспроизведение расписания	Формирование звукового сообщения: уважаемые пассажиры продолжается посадка на пригород э.п Конаково Отправлением Время отправления: 20:54 продолжается посадка на пригород э.п Конаково Отправлением Время отправления: 20:54 Электропоезд находится На 8ом пути Электропоезд движется с остановками кроме станций: Алабушево Радишево Сенеж Фроловская Стриглово Конаковский мох . Повтор 1 раз.
20:39:21: 	Действие оператора	Изменение настроек поезда: 7134 Тверь: Путь:  -> 6; 
20:40:00: 	Автоматическое воспроизведение расписания	Формирование звукового сообщения: уважаемые пассажиры ускор. ласточка до ст Тверь Отправлением Время отправления: 21:00 будет подан под посадку На 6ой путь ускор. ласточка до ст Тверь Отправлением Время отправления: 21:00 будет подан под посадку На 6ой путь Электропоезд движется с остановками на станциях: Сходня Крюково Подсолнечная Клин . Повтор 1 раз.
20:40:38: 	Действие оператора	Формирование звукового сообщения: Внимание Встречающие скоростной поезд сапсан 775 Ожидается прибытием На 7ой путь Внимание Встречающие скоростной поезд сапсан 775 Ожидается прибытием На 7ой путь Нумерация с хвоста Благодарим за внимание . Повтор 1 раз.
20:42:00: 	Автоматическое воспроизведение расписания	Формирование звукового сообщения: уважаемые пассажиры заканчивается посадка на пригород э.п Тверь Отправлением Время отправления: 20:44 Электропоезд находится На 12ом пути заканчивается посадка на пригород э.п Тверь Отправлением Время отправления: 20:44 Электропоезд находится На 12ом пути Электропоезд движется с остановками кроме станций: Алабушево Радишево Поваровка Берёзки Головково Ямуга Чуприяновка Лазурная желаем вам счастливого пути . Повтор 1 раз.
20:42:00: 	Автоматическое воспроизведение расписания	Формирование звукового сообщения: уважаемые пассажиры продолжается посадка на скорый фирменный 18Ф Отправлением Время отправления: 21:02 Поезд Находится На 1ом пути уважаемые пассажиры продолжается посадка на скорый фирменный 18Ф Отправлением Время отправления: 21:02 Поезд Находится На 1ом пути Благодарим за внимание . Повтор 1 раз.
20:44:00: 	Автоматическое воспроизведение расписания	Формирование звукового сообщения: уважаемые пассажиры продолжается посадка на пригород э.п Конаково Отправлением Время отправления: 20:54 продолжается посадка на пригород э.п Конаково Отправлением Время отправления: 20:54 Электропоезд находится На 8ом пути Электропоезд движется с остановками кроме станций: Алабушево Радишево Сенеж Фроловская Стриглово Конаковский мох . Повтор 1 раз.
20:45:00: 	Автоматическое воспроизведение расписания	Формирование звукового сообщения: уважаемые пассажиры продолжается посадка на у.э. ласточка Тверь Отправлением Время отправления: 21:00 продолжается посадка на у.э. ласточка Тверь Отправлением Время отправления: 21:00 Электропоезд находится На 6ом пути Электропоезд движется с остановками на станциях: Сходня Крюково Подсолнечная Клин . Повтор 1 раз.
20:49:00: 	Автоматическое воспроизведение расписания	Формирование звукового сообщения: уважаемые пассажиры продолжается посадка на пригород э.п Конаково Отправлением Время отправления: 20:54 продолжается посадка на пригород э.п Конаково Отправлением Время отправления: 20:54 Электропоезд находится На 8ом пути Электропоезд движется с остановками кроме станций: Алабушево Радишево Сенеж Фроловская Стриглово Конаковский мох . Повтор 1 раз.
20:50:00: 	Автоматическое воспроизведение расписания	Формирование звукового сообщения: уважаемые пассажиры продолжается посадка на у.э. ласточка Тверь Отправлением Время отправления: 21:00 продолжается посадка на у.э. ласточка Тверь Отправлением Время отправления: 21:00 Электропоезд находится На 6ом пути Электропоезд движется с остановками на станциях: Сходня Крюково Подсолнечная Клин . Повтор 1 раз.
20:50:30: 	Действие оператора	Изменение настроек поезда: 6722 Клин: Путь:  -> 12; 
20:51:00: 	Автоматическое воспроизведение расписания	Формирование звукового сообщения: уважаемые пассажиры продолжается посадка на пригород э.п Клин Отправлением Время отправления: 21:06 продолжается посадка на пригород э.п Клин Отправлением Время отправления: 21:06 Электропоезд находится На 12ом пути Электропоезд движется с остановками кроме станций: Радишево Поваровка Берёзки Сенеж Фроловская Стриглово . Повтор 1 раз.
20:52:00: 	Автоматическое воспроизведение расписания	Формирование звукового сообщения: уважаемые пассажиры заканчивается посадка на пригород э.п Конаково Отправлением Время отправления: 20:54 Электропоезд находится На 8ом пути заканчивается посадка на пригород э.п Конаково Отправлением Время отправления: 20:54 Электропоезд находится На 8ом пути Электропоезд движется с остановками кроме станций: Алабушево Радишево Сенеж Фроловская Стриглово Конаковский мох желаем вам счастливого пути . Повтор 1 раз.
20:52:00: 	Автоматическое воспроизведение расписания	Формирование звукового сообщения: уважаемые пассажиры продолжается посадка на скорый фирменный 18Ф Отправлением Время отправления: 21:02 Поезд Находится На 1ом пути уважаемые пассажиры продолжается посадка на скорый фирменный 18Ф Отправлением Время отправления: 21:02 Поезд Находится На 1ом пути Благодарим за внимание . Повтор 1 раз.
20:55:00: 	Автоматическое воспроизведение расписания	Формирование звукового сообщения: уважаемые пассажиры продолжается посадка на у.э. ласточка Тверь Отправлением Время отправления: 21:00 продолжается посадка на у.э. ласточка Тверь Отправлением Время отправления: 21:00 Электропоезд находится На 6ом пути Электропоезд движется с остановками на станциях: Сходня Крюково Подсолнечная Клин . Повтор 1 раз.
20:56:00: 	Автоматическое воспроизведение расписания	Формирование звукового сообщения: уважаемые пассажиры продолжается посадка на пригород э.п Клин Отправлением Время отправления: 21:06 продолжается посадка на пригород э.п Клин Отправлением Время отправления: 21:06 Электропоезд находится На 12ом пути Электропоезд движется с остановками кроме станций: Радишево Поваровка Берёзки Сенеж Фроловская Стриглово . Повтор 1 раз.
20:56:45: 	Действие оператора	Формирование звукового сообщения: Внимание Встречающие скоростной поезд сапсан 775 Ожидается прибытием На 7ой путь Внимание Встречающие скоростной поезд сапсан 775 Ожидается прибытием На 7ой путь Нумерация с хвоста Благодарим за внимание . Повтор 1 раз.
20:57:00: 	Автоматическое воспроизведение расписания	Формирование звукового сообщения: Внимание Встречающие скоростной поезд сапсан 775 Прибывает На 7ой путь Внимание Встречающие скоростной поезд сапсан 775 Прибывает На 7ой путь Нумерация с хвоста Благодарим за внимание . Повтор 1 раз.
20:57:00: 	Автоматическое воспроизведение расписания	Формирование звукового сообщения: уважаемые пассажиры до отпр ск ф п 18Ф остается 5 минут Поезд Находится На 1ом пути Просим занять места уважаемые пассажиры до отпр ск ф п 18Ф остается 5 минут Поезд Находится На 1ом пути Просим занять места . Повтор 1 раз.
20:58:00: 	Автоматическое воспроизведение расписания	Формирование звукового сообщения: уважаемые пассажиры заканчивается посадка на у.э. ласточка Тверь Отправлением Время отправления: 21:00 Электропоезд находится На 6ом пути заканчивается посадка на у.э. ласточка Тверь Отправлением Время отправления: 21:00 Электропоезд находится На 6ом пути Электропоезд движется с остановками на станциях: Сходня Крюково Подсолнечная Клин желаем вам счастливого пути . Повтор 1 раз.
20:59:55: 	Действие оператора	Изменение настроек поезда: 6380 Крюково: Путь:  -> 14; 
21:00:00: 	Автоматическое воспроизведение звукового сообщения	1.4 Безопасность
21:00:00: 	Автоматическое воспроизведение расписания	Формирование звукового сообщения: уважаемые пассажиры заканчивается посадка на скорый фирменный 18Ф Отправлением Время отправления: 21:02 Поезд Находится На 1ом пути Просим занять места уважаемые пассажиры заканчивается посадка на скорый фирменный 18Ф Отправлением Время отправления: 21:02 Поезд Находится На 1ом пути Просим занять места желаем вам счастливого пути . Повтор 1 раз.
21:00:38: 	Действие оператора	Формирование звукового сообщения: Внимание Встречающие скоростной поезд сапсан 775 Прибыл На 7ой путь Внимание Встречающие скоростной поезд сапсан 775 Прибыл На 7ой путь Нумерация с хвоста Благодарим за внимание . Повтор 1 раз.
21:00:49: 	Действие оператора	Изменение настроек поезда: 775 СанктПетербург - Москва: Путь: 0 -> 7; 
21:01:00: 	Автоматическое воспроизведение звукового сообщения	1.1 Безопасность
21:01:00: 	Автоматическое воспроизведение расписания	Формирование звукового сообщения: уважаемые пассажиры продолжается посадка на пригород э.п Клин Отправлением Время отправления: 21:06 продолжается посадка на пригород э.п Клин Отправлением Время отправления: 21:06 Электропоезд находится На 12ом пути Электропоезд движется с остановками кроме станций: Радишево Поваровка Берёзки Сенеж Фроловская Стриглово . Повтор 1 раз.
21:02:00: 	Автоматическое воспроизведение расписания	Формирование звукового сообщения: уважаемые пассажиры продолжается посадка на пригород э.п Крюково Отправлением Время отправления: 21:17 продолжается посадка на пригород э.п Крюково Отправлением Время отправления: 21:17 Электропоезд находится На 14ом пути Электропоезд движется со всеми остановками . Повтор 1 раз.
21:04:00: 	Автоматическое воспроизведение расписания	Формирование звукового сообщения: уважаемые пассажиры заканчивается посадка на пригород э.п Клин Отправлением Время отправления: 21:06 Электропоезд находится На 12ом пути заканчивается посадка на пригород э.п Клин Отправлением Время отправления: 21:06 Электропоезд находится На 12ом пути Электропоезд движется с остановками кроме станций: Радишево Поваровка Берёзки Сенеж Фроловская Стриглово желаем вам счастливого пути . Повтор 1 раз.
21:07:00: 	Автоматическое воспроизведение расписания	Формирование звукового сообщения: уважаемые пассажиры продолжается посадка на пригород э.п Крюково Отправлением Время отправления: 21:17 продолжается посадка на пригород э.п Крюково Отправлением Время отправления: 21:17 Электропоезд находится На 14ом пути Электропоезд движется со всеми остановками . Повтор 1 раз.
21:10:00: 	Автоматическое воспроизведение расписания	Формирование звукового сообщения: уважаемые пассажиры Скорый-Фирм. Поезд № 8Ф Отправлением Время отправления: 21:50 будет подан под посадку На 9ый путь уважаемые пассажиры Скорый-Фирм. Поезд № 8Ф Отправлением Время отправления: 21:50 будет подан под посадку На 9ый путь Благодарим за внимание . Повтор 1 раз.
21:12:00: 	Автоматическое воспроизведение расписания	Формирование звукового сообщения: уважаемые пассажиры продолжается посадка на пригород э.п Крюково Отправлением Время отправления: 21:17 продолжается посадка на пригород э.п Крюково Отправлением Время отправления: 21:17 Электропоезд находится На 14ом пути Электропоезд движется со всеми остановками . Повтор 1 раз.
21:12:30: 	Автоматическое воспроизведение звукового сообщения	1.5 Чистота
21:15:00: 	Автоматическое воспроизведение расписания	Формирование звукового сообщения: уважаемые пассажиры заканчивается посадка на пригород э.п Крюково Отправлением Время отправления: 21:17 Электропоезд находится На 14ом пути заканчивается посадка на пригород э.п Крюково Отправлением Время отправления: 21:17 Электропоезд находится На 14ом пути Электропоезд движется со всеми остановками желаем вам счастливого пути . Повтор 1 раз.
21:18:54: 	Действие оператора	Изменение настроек поезда: 6382 Крюково: Путь:  -> 8; 
21:20:00: 	Автоматическое воспроизведение расписания	Формирование звукового сообщения: уважаемые пассажиры начинается посадка на скорый фирменный 8Ф Отправлением Время отправления: 21:50 Поезд Находится На 9ом пути уважаемые пассажиры начинается посадка на скорый фирменный 8Ф Отправлением Время отправления: 21:50 Поезд Находится На 9ом пути Благодарим за внимание . Повтор 1 раз.
21:20:10: 	Действие оператора	Формирование звукового сообщения: уважаемые пассажиры продолжается посадка на пригород э.п Крюково Отправлением Время отправления: 21:27 продолжается посадка на пригород э.п Крюково Отправлением Время отправления: 21:27 Электропоезд находится На 8ом пути Электропоезд движется с остановками кроме станций: Планерная Малино . Повтор 1 раз.
21:20:30: 	Автоматическое воспроизведение звукового сообщения	1.5 Чистота
21:21:11: 	Действие оператора	Изменение настроек поезда: 34Ф Москва - Таллинн "Балтийский Экспресс": Путь:  -> 1; 
21:22:00: 	Автоматическое воспроизведение расписания	Формирование звукового сообщения: уважаемые пассажиры продолжается посадка на пригород э.п Крюково Отправлением Время отправления: 21:27 продолжается посадка на пригород э.п Крюково Отправлением Время отправления: 21:27 Электропоезд находится На 8ом пути Электропоезд движется с остановками кроме станций: Планерная Малино . Повтор 1 раз.
21:24:37: 	Действие оператора	Изменение настроек поезда: 26Ф Москва - СанктПетербург "Смена": Путь:  -> 5; 
21:25:00: 	Автоматическое воспроизведение расписания	Формирование звукового сообщения: уважаемые пассажиры заканчивается посадка на пригород э.п Крюково Отправлением Время отправления: 21:27 Электропоезд находится На 8ом пути заканчивается посадка на пригород э.п Крюково Отправлением Время отправления: 21:27 Электропоезд находится На 8ом пути Электропоезд движется с остановками кроме станций: Планерная Малино желаем вам счастливого пути . Повтор 1 раз.
21:25:00: 	Автоматическое воспроизведение расписания	Формирование звукового сообщения: уважаемые пассажиры скорый поезд 42 Отправлением Время отправления: 22:05 будет подан под посадку На 3ий путь уважаемые пассажиры скорый поезд 42 Отправлением Время отправления: 22:05 будет подан под посадку На 3ий путь Благодарим за внимание . Повтор 1 раз.
21:25:17: 	Действие оператора	Изменение настроек поезда: 7362 Крюково: Путь:  -> 6; 
21:26:09: 	Действие оператора	Формирование звукового сообщения: уважаемые пассажиры продолжается посадка на у.э. ласточка Крюково Отправлением Время отправления: 21:34 продолжается посадка на у.э. ласточка Крюково Отправлением Время отправления: 21:34 Электропоезд находится На 6ом пути Электропоезд движется с остановками на станциях: Химки Сходня . Повтор 1 раз.
21:28:24: 	Действие оператора	Формирование звукового сообщения: уважаемые пассажиры продолжается посадка на у.э. ласточка Крюково Отправлением Время отправления: 21:34 продолжается посадка на у.э. ласточка Крюково Отправлением Время отправления: 21:34 Электропоезд находится На 6ом пути Электропоезд движется с остановками на станциях: Химки Сходня . Повтор 1 раз.
21:29:00: 	Автоматическое воспроизведение расписания	Формирование звукового сообщения: уважаемые пассажиры продолжается посадка на у.э. ласточка Крюково Отправлением Время отправления: 21:34 продолжается посадка на у.э. ласточка Крюково Отправлением Время отправления: 21:34 Электропоезд находится На 6ом пути Электропоезд движется с остановками на станциях: Химки Сходня . Повтор 1 раз.
21:29:42: 	Действие оператора	Изменение настроек поезда: 6724 Тверь: Путь:  -> 12; 
21:30:00: 	Автоматическое воспроизведение звукового сообщения	1.4 Безопасность
21:30:00: 	Автоматическое воспроизведение расписания	Формирование звукового сообщения: уважаемые пассажиры продолжается посадка на пригород э.п Тверь Отправлением Время отправления: 21:45 продолжается посадка на пригород э.п Тверь Отправлением Время отправления: 21:45 Электропоезд находится На 12ом пути Электропоезд движется с остановками кроме станций: Алабушево Радишево Берёзки Головково Стриглово Ямуга Московское море Лазурная . Повтор 1 раз.
21:30:00: 	Автоматическое воспроизведение расписания	Формирование звукового сообщения: уважаемые пассажиры продолжается посадка на скорый фирменный 8Ф Отправлением Время отправления: 21:50 Поезд Находится На 9ом пути уважаемые пассажиры продолжается посадка на скорый фирменный 8Ф Отправлением Время отправления: 21:50 Поезд Находится На 9ом пути Благодарим за внимание . Повтор 1 раз.
21:30:01: 	Действие оператора	Изменение настроек поезда: 6618 Конаково: Путь:  -> 10; 
21:32:00: 	Автоматическое воспроизведение расписания	Формирование звукового сообщения: уважаемые пассажиры заканчивается посадка на у.э. ласточка Крюково Отправлением Время отправления: 21:34 Электропоезд находится На 6ом пути заканчивается посадка на у.э. ласточка Крюково Отправлением Время отправления: 21:34 Электропоезд находится На 6ом пути Электропоезд движется с остановками на станциях: Химки Сходня желаем вам счастливого пути . Повтор 1 раз.
21:35:00: 	Автоматическое воспроизведение расписания	Формирование звукового сообщения: уважаемые пассажиры продолжается посадка на пригород э.п Тверь Отправлением Время отправления: 21:45 продолжается посадка на пригород э.п Тверь Отправлением Время отправления: 21:45 Электропоезд находится На 12ом пути Электропоезд движется с остановками кроме станций: Алабушево Радишево Берёзки Головково Стриглово Ямуга Московское море Лазурная . Повтор 1 раз.
21:35:00: 	Автоматическое воспроизведение расписания	Формирование звукового сообщения: уважаемые пассажиры начинается посадка на скорый поезд 42 Отправлением Время отправления: 22:05 Поезд Находится На 3ем пути уважаемые пассажиры начинается посадка на скорый поезд 42 Отправлением Время отправления: 22:05 Поезд Находится На 3ем пути Благодарим за внимание . Повтор 1 раз.
21:35:00: 	Автоматическое воспроизведение расписания	Формирование звукового сообщения: уважаемые пассажиры Скорый-Фирм. Поезд № 34Ф Отправлением Время отправления: 22:15 будет подан под посадку На 1ый путь уважаемые пассажиры Скорый-Фирм. Поезд № 34Ф Отправлением Время отправления: 22:15 будет подан под посадку На 1ый путь Благодарим за внимание . Повтор 1 раз.
21:36:51: 	Действие оператора	Работа запрещена
21:37:04: 	Действие оператора	Изменение настроек поезда: 6724 Тверь: Путь:  -> 12; 
21:37:10: 	Действие оператора	Изменение настроек поезда: 8Ф Москва - СанктПетербург: Путь:  -> 9; 
21:37:15: 	Действие оператора	Изменение настроек поезда: 6618 Конаково: Путь:  -> 10; 
21:37:19: 	Действие оператора	Изменение настроек поезда: 42 Москва - В.Новгород: Путь:  -> 3; 
21:37:26: 	Действие оператора	Изменение настроек поезда: 34Ф Москва - Таллинн "Балтийский Экспресс": Путь:  -> 1; 
21:37:37: 	Действие оператора	Изменение настроек поезда: 26Ф Москва - СанктПетербург "Смена": Путь:  -> 5; 
21:38:29: 	Действие оператора	Работа разрешена
21:39:30: 	Автоматическое воспроизведение звукового сообщения	Посадка за 30 минут
21:40:00: 	Автоматическое воспроизведение расписания	Формирование звукового сообщения: уважаемые пассажиры продолжается посадка на пригород э.п Тверь Отправлением Время отправления: 21:45 продолжается посадка на пригород э.п Тверь Отправлением Время отправления: 21:45 Электропоезд находится На 12ом пути Электропоезд движется с остановками кроме станций: Алабушево Радишево Берёзки Головково Стриглово Ямуга Московское море Лазурная . Повтор 1 раз.
21:40:00: 	Автоматическое воспроизведение расписания	Формирование звукового сообщения: уважаемые пассажиры продолжается посадка на скорый фирменный 8Ф Отправлением Время отправления: 21:50 Поезд Находится На 9ом пути уважаемые пассажиры продолжается посадка на скорый фирменный 8Ф Отправлением Время отправления: 21:50 Поезд Находится На 9ом пути Благодарим за внимание . Повтор 1 раз.
21:40:20: 	Автоматическое воспроизведение звукового сообщения	2 этажный поезд
21:40:30: 	Автоматическое воспроизведение звукового сообщения	Пригородные билеты
21:41:30: 	Автоматическое воспроизведение звукового сообщения	Проезд на крыше
21:42:00: 	Автоматическое воспроизведение расписания	Формирование звукового сообщения: уважаемые пассажиры Пригородный электропоезд до ст Конаково Отправлением Время отправления: 22:02 будет подан под посадку На 10ый путь уважаемые пассажиры Пригородный электропоезд до ст Конаково Отправлением Время отправления: 22:02 будет подан под посадку На 10ый путь Электропоезд движется с остановками кроме станций: Алабушево Радишево Сенеж Покровка Фроловская Ямуга . Повтор 1 раз.
21:43:00: 	Автоматическое воспроизведение расписания	Формирование звукового сообщения: уважаемые пассажиры заканчивается посадка на пригород э.п Тверь Отправлением Время отправления: 21:45 Электропоезд находится На 12ом пути заканчивается посадка на пригород э.п Тверь Отправлением Время отправления: 21:45 Электропоезд находится На 12ом пути Электропоезд движется с остановками кроме станций: Алабушево Радишево Берёзки Головково Стриглово Ямуга Московское море Лазурная желаем вам счастливого пути . Повтор 1 раз.
21:43:58: 	Действие оператора	Изменение настроек поезда: 6Ф Москва - СанктПетербург: Путь:  -> 7; 
21:44:33: 	Действие оператора	Изменение настроек поезда: 6384 Крюково: Путь:  -> 4; 
21:45:00: 	Автоматическое воспроизведение расписания	Формирование звукового сообщения: уважаемые пассажиры до отпр ск ф п 8Ф остается 5 минут Поезд Находится На 9ом пути Просим занять места уважаемые пассажиры до отпр ск ф п 8Ф остается 5 минут Поезд Находится На 9ом пути Просим занять места . Повтор 1 раз.
21:45:00: 	Автоматическое воспроизведение расписания	Формирование звукового сообщения: уважаемые пассажиры продолжается посадка на скорый поезд 42 Отправлением Время отправления: 22:05 Поезд Находится На 3ем пути уважаемые пассажиры продолжается посадка на скорый поезд 42 Отправлением Время отправления: 22:05 Поезд Находится На 3ем пути Благодарим за внимание . Повтор 1 раз.
21:45:00: 	Автоматическое воспроизведение расписания	Формирование звукового сообщения: уважаемые пассажиры начинается посадка на скорый фирменный 34Ф Отправлением Время отправления: 22:15 Поезд Находится На 1ом пути уважаемые пассажиры начинается посадка на скорый фирменный 34Ф Отправлением Время отправления: 22:15 Поезд Находится На 1ом пути Благодарим за внимание . Повтор 1 раз.
21:45:30: 	Автоматическое воспроизведение звукового сообщения	Сбор мусора
21:47:00: 	Автоматическое воспроизведение расписания	Формирование звукового сообщения: уважаемые пассажиры продолжается посадка на пригород э.п Конаково Отправлением Время отправления: 22:02 продолжается посадка на пригород э.п Конаково Отправлением Время отправления: 22:02 Электропоезд находится На 10ом пути Электропоезд движется с остановками кроме станций: Алабушево Радишево Сенеж Покровка Фроловская Ямуга . Повтор 1 раз.
21:47:30: 	Автоматическое воспроизведение звукового сообщения	Объявления по громкой связи
21:48:00: 	Автоматическое воспроизведение расписания	Формирование звукового сообщения: уважаемые пассажиры заканчивается посадка на скорый фирменный 8Ф Отправлением Время отправления: 21:50 Поезд Находится На 9ом пути Просим занять места уважаемые пассажиры заканчивается посадка на скорый фирменный 8Ф Отправлением Время отправления: 21:50 Поезд Находится На 9ом пути Просим занять места желаем вам счастливого пути . Повтор 1 раз.
21:48:00: 	Автоматическое воспроизведение расписания	Формирование звукового сообщения: уважаемые пассажиры Скорый-Фирм. Поезд № 26Ф Отправлением Время отправления: 22:28 будет подан под посадку На 5ый путь уважаемые пассажиры Скорый-Фирм. Поезд № 26Ф Отправлением Время отправления: 22:28 будет подан под посадку На 5ый путь Благодарим за внимание . Повтор 1 раз.
21:48:53: 	Действие оператора	Формирование звукового сообщения: уважаемые пассажиры продолжается посадка на пригород э.п Конаково Отправлением Время отправления: 22:02 продолжается посадка на пригород э.п Конаково Отправлением Время отправления: 22:02 Электропоезд находится На 10ом пути Электропоезд движется с остановками кроме станций: Алабушево Радишево Сенеж Покровка Фроловская Ямуга . Повтор 1 раз.
21:50:00: 	Автоматическое воспроизведение расписания	Формирование звукового сообщения: уважаемые пассажиры Пригородный электропоезд до ст Крюково Отправлением Время отправления: 22:10 будет подан под посадку На 4ый путь уважаемые пассажиры Пригородный электропоезд до ст Крюково Отправлением Время отправления: 22:10 будет подан под посадку На 4ый путь Электропоезд движется со всеми остановками . Повтор 1 раз.
21:50:30: 	Автоматическое воспроизведение звукового сообщения	Безхозные весчи
21:52:00: 	Автоматическое воспроизведение расписания	Формирование звукового сообщения: уважаемые пассажиры продолжается посадка на пригород э.п Конаково Отправлением Время отправления: 22:02 продолжается посадка на пригород э.п Конаково Отправлением Время отправления: 22:02 Электропоезд находится На 10ом пути Электропоезд движется с остановками кроме станций: Алабушево Радишево Сенеж Покровка Фроловская Ямуга . Повтор 1 раз.
21:53:30: 	Автоматическое воспроизведение звукового сообщения	Услуги носильиков
21:55:00: 	Автоматическое воспроизведение расписания	Формирование звукового сообщения: уважаемые пассажиры продолжается посадка на скорый поезд 42 Отправлением Время отправления: 22:05 Поезд Находится На 3ем пути уважаемые пассажиры продолжается посадка на скорый поезд 42 Отправлением Время отправления: 22:05 Поезд Находится На 3ем пути Благодарим за внимание . Повтор 1 раз.
21:55:00: 	Автоматическое воспроизведение расписания	Формирование звукового сообщения: уважаемые пассажиры продолжается посадка на пригород э.п Крюково Отправлением Время отправления: 22:10 продолжается посадка на пригород э.п Крюково Отправлением Время отправления: 22:10 Электропоезд находится На 4ом пути Электропоезд движется со всеми остановками . Повтор 1 раз.
21:55:00: 	Автоматическое воспроизведение расписания	Формирование звукового сообщения: уважаемые пассажиры продолжается посадка на скорый фирменный 34Ф Отправлением Время отправления: 22:15 Поезд Находится На 1ом пути уважаемые пассажиры продолжается посадка на скорый фирменный 34Ф Отправлением Время отправления: 22:15 Поезд Находится На 1ом пути Благодарим за внимание . Повтор 1 раз.
21:55:30: 	Автоматическое воспроизведение звукового сообщения	ЧС
21:57:00: 	Автоматическое воспроизведение расписания	Формирование звукового сообщения: уважаемые пассажиры продолжается посадка на пригород э.п Конаково Отправлением Время отправления: 22:02 продолжается посадка на пригород э.п Конаково Отправлением Время отправления: 22:02 Электропоезд находится На 10ом пути Электропоезд движется с остановками кроме станций: Алабушево Радишево Сенеж Покровка Фроловская Ямуга . Повтор 1 раз.
21:58:00: 	Автоматическое воспроизведение расписания	Формирование звукового сообщения: уважаемые пассажиры начинается посадка на скорый фирменный 26Ф Отправлением Время отправления: 22:28 Поезд Находится На 5ом пути уважаемые пассажиры начинается посадка на скорый фирменный 26Ф Отправлением Время отправления: 22:28 Поезд Находится На 5ом пути Благодарим за внимание . Повтор 1 раз.
22:00:00: 	Автоматическое воспроизведение расписания	Формирование звукового сообщения: уважаемые пассажиры заканчивается посадка на пригород э.п Конаково Отправлением Время отправления: 22:02 Электропоезд находится На 10ом пути заканчивается посадка на пригород э.п Конаково Отправлением Время отправления: 22:02 Электропоезд находится На 10ом пути Электропоезд движется с остановками кроме станций: Алабушево Радишево Сенеж Покровка Фроловская Ямуга желаем вам счастливого пути . Повтор 1 раз.
22:00:00: 	Автоматическое воспроизведение расписания	Формирование звукового сообщения: уважаемые пассажиры до отправления скорого поезда 42 остается 5 минут Поезд Находится На 3ем пути Просим занять места уважаемые пассажиры до отправления скорого поезда 42 остается 5 минут Поезд Находится На 3ем пути Просим занять места . Повтор 1 раз.
22:00:00: 	Автоматическое воспроизведение расписания	Формирование звукового сообщения: уважаемые пассажиры продолжается посадка на пригород э.п Крюково Отправлением Время отправления: 22:10 продолжается посадка на пригород э.п Крюково Отправлением Время отправления: 22:10 Электропоезд находится На 4ом пути Электропоезд движется со всеми остановками . Повтор 1 раз.
22:03:00: 	Автоматическое воспроизведение расписания	Формирование звукового сообщения: уважаемые пассажиры заканчивается посадка на скорый поезд 42 Отправлением Время отправления: 22:05 Поезд Находится На 3ем пути Просим занять места уважаемые пассажиры заканчивается посадка на скорый поезд 42 Отправлением Время отправления: 22:05 Поезд Находится На 3ем пути Просим занять места желаем вам счастливого пути . Повтор 1 раз.
22:03:13: 	Действие оператора	Изменение настроек поезда: 6726 Тверь: Путь:  -> 12; 
22:03:30: 	Автоматическое воспроизведение звукового сообщения	Пограничная станция
22:05:00: 	Автоматическое воспроизведение расписания	Формирование звукового сообщения: уважаемые пассажиры продолжается посадка на пригород э.п Крюково Отправлением Время отправления: 22:10 продолжается посадка на пригород э.п Крюково Отправлением Время отправления: 22:10 Электропоезд находится На 4ом пути Электропоезд движется со всеми остановками . Повтор 1 раз.
22:05:00: 	Автоматическое воспроизведение расписания	Формирование звукового сообщения: уважаемые пассажиры продолжается посадка на скорый фирменный 34Ф Отправлением Время отправления: 22:15 Поезд Находится На 1ом пути уважаемые пассажиры продолжается посадка на скорый фирменный 34Ф Отправлением Время отправления: 22:15 Поезд Находится На 1ом пути Благодарим за внимание . Повтор 1 раз.
22:05:00: 	Автоматическое воспроизведение расписания	Формирование звукового сообщения: уважаемые пассажиры продолжается посадка на пригород э.п Тверь Отправлением Время отправления: 22:20 продолжается посадка на пригород э.п Тверь Отправлением Время отправления: 22:20 Электропоезд находится На 12ом пути Электропоезд движется с остановками кроме станций: Планерная Поваровка Берёзки Головково Межево Лазурная . Повтор 1 раз.
22:05:30: 	Автоматическое воспроизведение звукового сообщения	Выход через турникеты
22:05:31: 	Автоматическое воспроизведение звукового сообщения	Пожарная безопастность
22:06:30: 	Автоматическое воспроизведение звукового сообщения	Документы при посадке
22:08:00: 	Автоматическое воспроизведение расписания	Формирование звукового сообщения: уважаемые пассажиры заканчивается посадка на пригород э.п Крюково Отправлением Время отправления: 22:10 Электропоезд находится На 4ом пути заканчивается посадка на пригород э.п Крюково Отправлением Время отправления: 22:10 Электропоезд находится На 4ом пути Электропоезд движется со всеми остановками желаем вам счастливого пути . Повтор 1 раз.
22:08:00: 	Автоматическое воспроизведение расписания	Формирование звукового сообщения: уважаемые пассажиры продолжается посадка на скорый фирменный 26Ф Отправлением Время отправления: 22:28 Поезд Находится На 5ом пути уважаемые пассажиры продолжается посадка на скорый фирменный 26Ф Отправлением Время отправления: 22:28 Поезд Находится На 5ом пути Благодарим за внимание . Повтор 1 раз.
22:09:32: 	Действие оператора	Изменение настроек поезда: 6386 Крюково: Путь:  -> 6; 
22:10:00: 	Автоматическое воспроизведение расписания	Формирование звукового сообщения: уважаемые пассажиры до отпр ск ф п 34Ф остается 5 минут Поезд Находится На 1ом пути Просим занять места уважаемые пассажиры до отпр ск ф п 34Ф остается 5 минут Поезд Находится На 1ом пути Просим занять места . Повтор 1 раз.
22:10:00: 	Автоматическое воспроизведение расписания	Формирование звукового сообщения: уважаемые пассажиры продолжается посадка на пригород э.п Тверь Отправлением Время отправления: 22:20 продолжается посадка на пригород э.п Тверь Отправлением Время отправления: 22:20 Электропоезд находится На 12ом пути Электропоезд движется с остановками кроме станций: Планерная Поваровка Берёзки Головково Межево Лазурная . Повтор 1 раз.
22:10:00: 	Автоматическое воспроизведение расписания	Формирование звукового сообщения: уважаемые пассажиры Скорый-Фирм. Поезд № 6Ф Отправлением Время отправления: 22:50 будет подан под посадку На 7ой путь уважаемые пассажиры Скорый-Фирм. Поезд № 6Ф Отправлением Время отправления: 22:50 будет подан под посадку На 7ой путь Благодарим за внимание . Повтор 1 раз.
22:10:30: 	Автоматическое воспроизведение звукового сообщения	Курение Табака
22:11:00: 	Автоматическое воспроизведение расписания	Формирование звукового сообщения: уважаемые пассажиры продолжается посадка на пригород э.п Крюково Отправлением Время отправления: 22:26 продолжается посадка на пригород э.п Крюково Отправлением Время отправления: 22:26 Электропоезд находится На 6ом пути Электропоезд движется со всеми остановками . Повтор 1 раз.
22:13:00: 	Автоматическое воспроизведение расписания	Формирование звукового сообщения: уважаемые пассажиры заканчивается посадка на скорый фирменный 34Ф Отправлением Время отправления: 22:15 Поезд Находится На 1ом пути Просим занять места уважаемые пассажиры заканчивается посадка на скорый фирменный 34Ф Отправлением Время отправления: 22:15 Поезд Находится На 1ом пути Просим занять места желаем вам счастливого пути . Повтор 1 раз.
22:15:00: 	Автоматическое воспроизведение расписания	Формирование звукового сообщения: уважаемые пассажиры продолжается посадка на пригород э.п Тверь Отправлением Время отправления: 22:20 продолжается посадка на пригород э.п Тверь Отправлением Время отправления: 22:20 Электропоезд находится На 12ом пути Электропоезд движется с остановками кроме станций: Планерная Поваровка Берёзки Головково Межево Лазурная . Повтор 1 раз.
22:15:30: 	Автоматическое воспроизведение звукового сообщения	КХР
22:16:00: 	Автоматическое воспроизведение расписания	Формирование звукового сообщения: уважаемые пассажиры продолжается посадка на пригород э.п Крюково Отправлением Время отправления: 22:26 продолжается посадка на пригород э.п Крюково Отправлением Время отправления: 22:26 Электропоезд находится На 6ом пути Электропоезд движется со всеми остановками . Повтор 1 раз.
22:18:00: 	Автоматическое воспроизведение расписания	Формирование звукового сообщения: уважаемые пассажиры заканчивается посадка на пригород э.п Тверь Отправлением Время отправления: 22:20 Электропоезд находится На 12ом пути заканчивается посадка на пригород э.п Тверь Отправлением Время отправления: 22:20 Электропоезд находится На 12ом пути Электропоезд движется с остановками кроме станций: Планерная Поваровка Берёзки Головково Межево Лазурная желаем вам счастливого пути . Повтор 1 раз.
22:18:00: 	Автоматическое воспроизведение расписания	Формирование звукового сообщения: уважаемые пассажиры продолжается посадка на скорый фирменный 26Ф Отправлением Время отправления: 22:28 Поезд Находится На 5ом пути уважаемые пассажиры продолжается посадка на скорый фирменный 26Ф Отправлением Время отправления: 22:28 Поезд Находится На 5ом пути Благодарим за внимание . Повтор 1 раз.
22:18:30: 	Автоматическое воспроизведение звукового сообщения	Пограничная станция
22:20:00: 	Автоматическое воспроизведение расписания	Формирование звукового сообщения: уважаемые пассажиры начинается посадка на скорый фирменный 6Ф Отправлением Время отправления: 22:50 Поезд Находится На 7ом пути уважаемые пассажиры начинается посадка на скорый фирменный 6Ф Отправлением Время отправления: 22:50 Поезд Находится На 7ом пути Благодарим за внимание . Повтор 1 раз.
22:21:00: 	Автоматическое воспроизведение расписания	Формирование звукового сообщения: уважаемые пассажиры продолжается посадка на пригород э.п Крюково Отправлением Время отправления: 22:26 продолжается посадка на пригород э.п Крюково Отправлением Время отправления: 22:26 Электропоезд находится На 6ом пути Электропоезд движется со всеми остановками . Повтор 1 раз.
22:22:23: 	Действие оператора	Работа запрещена
22:22:25: 	Действие оператора	Работа разрешена
22:23:00: 	Автоматическое воспроизведение расписания	Формирование звукового сообщения: уважаемые пассажиры до отпр ск ф п 26Ф остается 5 минут Поезд Находится На 5ом пути Просим занять места уважаемые пассажиры до отпр ск ф п 26Ф остается 5 минут Поезд Находится На 5ом пути Просим занять места . Повтор 1 раз.
22:24:00: 	Автоматическое воспроизведение расписания	Формирование звукового сообщения: уважаемые пассажиры заканчивается посадка на пригород э.п Крюково Отправлением Время отправления: 22:26 Электропоезд находится На 6ом пути заканчивается посадка на пригород э.п Крюково Отправлением Время отправления: 22:26 Электропоезд находится На 6ом пути Электропоезд движется со всеми остановками желаем вам счастливого пути . Повтор 1 раз.
22:24:32: 	Действие оператора	Изменение настроек поезда: 6522 Клин: Путь:  -> 8; 
22:25:30: 	Автоматическое воспроизведение звукового сообщения	Маломабильные пассажиры зал
22:26:00: 	Автоматическое воспроизведение расписания	Формирование звукового сообщения: уважаемые пассажиры заканчивается посадка на скорый фирменный 26Ф Отправлением Время отправления: 22:28 Поезд Находится На 5ом пути Просим занять места уважаемые пассажиры заканчивается посадка на скорый фирменный 26Ф Отправлением Время отправления: 22:28 Поезд Находится На 5ом пути Просим занять места желаем вам счастливого пути . Повтор 1 раз.
22:26:02: 	Действие оператора	Изменение настроек поезда: 7366 Крюково: Путь:  -> 4; 
22:27:00: 	Автоматическое воспроизведение расписания	Формирование звукового сообщения: уважаемые пассажиры продолжается посадка на пригород э.п Клин Отправлением Время отправления: 22:32 продолжается посадка на пригород э.п Клин Отправлением Время отправления: 22:32 Электропоезд находится На 8ом пути Электропоезд движется с остановками кроме станций: Сенеж Фроловская . Повтор 1 раз.
22:29:00: 	Автоматическое воспроизведение расписания	Формирование звукового сообщения: уважаемые пассажиры продолжается посадка на у.э. ласточка Крюково Отправлением Время отправления: 22:39 продолжается посадка на у.э. ласточка Крюково Отправлением Время отправления: 22:39 Электропоезд находится На 4ом пути Электропоезд движется с остановками на станциях: Химки Сходня . Повтор 1 раз.
22:30:00: 	Автоматическое воспроизведение расписания	Формирование звукового сообщения: уважаемые пассажиры заканчивается посадка на пригород э.п Клин Отправлением Время отправления: 22:32 Электропоезд находится На 8ом пути заканчивается посадка на пригород э.п Клин Отправлением Время отправления: 22:32 Электропоезд находится На 8ом пути Электропоезд движется с остановками кроме станций: Сенеж Фроловская желаем вам счастливого пути . Повтор 1 раз.
22:30:00: 	Автоматическое воспроизведение расписания	Формирование звукового сообщения: уважаемые пассажиры продолжается посадка на скорый фирменный 6Ф Отправлением Время отправления: 22:50 Поезд Находится На 7ом пути уважаемые пассажиры продолжается посадка на скорый фирменный 6Ф Отправлением Время отправления: 22:50 Поезд Находится На 7ом пути Благодарим за внимание . Повтор 1 раз.
22:30:30: 	Автоматическое воспроизведение звукового сообщения	Залы ожидания
22:30:31: 	Автоматическое воспроизведение звукового сообщения	Места для инвалидов с коляской
22:33:30: 	Автоматическое воспроизведение звукового сообщения	Пограничная станция
22:34:00: 	Автоматическое воспроизведение расписания	Формирование звукового сообщения: уважаемые пассажиры продолжается посадка на у.э. ласточка Крюково Отправлением Время отправления: 22:39 продолжается посадка на у.э. ласточка Крюково Отправлением Время отправления: 22:39 Электропоезд находится На 4ом пути Электропоезд движется с остановками на станциях: Химки Сходня . Повтор 1 раз.
22:35:30: 	Автоматическое воспроизведение звукового сообщения	Пожарная безопастность
22:37:00: 	Автоматическое воспроизведение расписания	Формирование звукового сообщения: уважаемые пассажиры заканчивается посадка на у.э. ласточка Крюково Отправлением Время отправления: 22:39 Электропоезд находится На 4ом пути заканчивается посадка на у.э. ласточка Крюково Отправлением Время отправления: 22:39 Электропоезд находится На 4ом пути Электропоезд движется с остановками на станциях: Химки Сходня желаем вам счастливого пути . Повтор 1 раз.
22:37:17: 	Действие оператора	Изменение настроек поезда: 777 СанктПетербург - Москва: Путь:  -> 9; 
22:37:30: 	Действие оператора	Изменение настроек поезда: 54Ф Москва - СанктПетербург "Гранд Экспресс": Путь:  -> 5; 
22:37:42: 	Действие оператора	Изменение настроек поезда: 4Ф Москва - СанктПетербург: Путь:  -> 1; 
22:38:10: 	Действие оператора	Изменение настроек поезда: 32Ф Москва - Хельсинки "Лев Толстой": Путь:  -> 3; 
22:40:00: 	Автоматическое воспроизведение расписания	Формирование звукового сообщения: уважаемые пассажиры продолжается посадка на скорый фирменный 6Ф Отправлением Время отправления: 22:50 Поезд Находится На 7ом пути уважаемые пассажиры продолжается посадка на скорый фирменный 6Ф Отправлением Время отправления: 22:50 Поезд Находится На 7ом пути Благодарим за внимание . Повтор 1 раз.
22:40:00: 	Автоматическое воспроизведение расписания	Формирование звукового сообщения: уважаемые пассажиры начинается посадка на скорый фирменный 32Ф Отправлением Время отправления: 23:10 Поезд Находится На 3ем пути уважаемые пассажиры начинается посадка на скорый фирменный 32Ф Отправлением Время отправления: 23:10 Поезд Находится На 3ем пути Благодарим за внимание . Повтор 1 раз.
22:40:30: 	Автоматическое воспроизведение звукового сообщения	Пригородные билеты
22:41:30: 	Автоматическое воспроизведение звукового сообщения	Проезд на крыше
22:43:30: 	Автоматическое воспроизведение звукового сообщения	Пункт срочной помои детям
22:43:55: 	Действие оператора	Изменение настроек поезда: 6388 Крюково: Путь:  -> 12; 
22:44:19: 	Действие оператора	Изменение настроек поезда: 6390 Крюково: Путь:  -> 10; 
22:45:00: 	Автоматическое воспроизведение расписания	Формирование звукового сообщения: уважаемые пассажиры до отпр ск ф п 6Ф остается 5 минут Поезд Находится На 7ом пути Просим занять места уважаемые пассажиры до отпр ск ф п 6Ф остается 5 минут Поезд Находится На 7ом пути Просим занять места . Повтор 1 раз.
22:46:00: 	Автоматическое воспроизведение расписания	Формирование звукового сообщения: уважаемые пассажиры продолжается посадка на пригород э.п Крюково Отправлением Время отправления: 23:01 продолжается посадка на пригород э.п Крюково Отправлением Время отправления: 23:01 Электропоезд находится На 12ом пути Электропоезд движется со всеми остановками . Повтор 1 раз.
22:47:05: 	Действие оператора	Работа запрещена
22:47:43: 	Действие оператора	Работа разрешена
22:48:00: 	Автоматическое воспроизведение расписания	Формирование звукового сообщения: уважаемые пассажиры заканчивается посадка на скорый фирменный 6Ф Отправлением Время отправления: 22:50 Поезд Находится На 7ом пути Просим занять места уважаемые пассажиры заканчивается посадка на скорый фирменный 6Ф Отправлением Время отправления: 22:50 Поезд Находится На 7ом пути Просим занять места желаем вам счастливого пути . Повтор 1 раз.
22:48:53: 	Действие оператора	Работа запрещена
22:49:17: 	Действие оператора	Работа разрешена
22:49:30: 	Автоматическое воспроизведение звукового сообщения	Пограничная станция
22:50:00: 	Автоматическое воспроизведение расписания	Формирование звукового сообщения: Внимание Встречающие скоростной поезд сапсан 777 Ожидается прибытием На 9ый путь Внимание Встречающие скоростной поезд сапсан 777 Ожидается прибытием На 9ый путь Нумерация с хвоста Благодарим за внимание . Повтор 1 раз.
22:50:00: 	Автоматическое воспроизведение расписания	Формирование звукового сообщения: уважаемые пассажиры продолжается посадка на скорый фирменный 32Ф Отправлением Время отправления: 23:10 Поезд Находится На 3ем пути уважаемые пассажиры продолжается посадка на скорый фирменный 32Ф Отправлением Время отправления: 23:10 Поезд Находится На 3ем пути Благодарим за внимание . Повтор 1 раз.
22:50:00: 	Автоматическое воспроизведение расписания	Формирование звукового сообщения: уважаемые пассажиры Скорый-Фирм. Поезд № 4Ф Отправлением Время отправления: 23:30 будет подан под посадку На 1ый путь уважаемые пассажиры Скорый-Фирм. Поезд № 4Ф Отправлением Время отправления: 23:30 будет подан под посадку На 1ый путь Благодарим за внимание . Повтор 1 раз.
22:51:00: 	Автоматическое воспроизведение расписания	Формирование звукового сообщения: уважаемые пассажиры продолжается посадка на пригород э.п Крюково Отправлением Время отправления: 23:01 продолжается посадка на пригород э.п Крюково Отправлением Время отправления: 23:01 Электропоезд находится На 12ом пути Электропоезд движется со всеми остановками . Повтор 1 раз.
22:53:30: 	Автоматическое воспроизведение звукового сообщения	Услуги носильиков
22:54:00: 	Автоматическое воспроизведение расписания	Формирование звукового сообщения: уважаемые пассажиры продолжается посадка на пригород э.п Крюково Отправлением Время отправления: 23:09 продолжается посадка на пригород э.п Крюково Отправлением Время отправления: 23:09 Электропоезд находится На 10ом пути Электропоезд движется со всеми остановками . Повтор 1 раз.
22:55:19: 	Действие оператора	Формирование звукового сообщения: Внимание Встречающие скоростной поезд сапсан 777 Прибывает На 9ый путь Внимание Встречающие скоростной поезд сапсан 777 Прибывает На 9ый путь Нумерация с хвоста Благодарим за внимание . Повтор 1 раз.
22:55:28: 	Действие оператора	Изменение настроек поезда: 779 СанктПетербург - Москва: Путь:  -> 7; 
22:56:00: 	Автоматическое воспроизведение расписания	Формирование звукового сообщения: уважаемые пассажиры продолжается посадка на пригород э.п Крюково Отправлением Время отправления: 23:01 продолжается посадка на пригород э.п Крюково Отправлением Время отправления: 23:01 Электропоезд находится На 12ом пути Электропоезд движется со всеми остановками . Повтор 1 раз.
22:56:30: 	Действие оператора	Изменение настроек поезда: 6392 Крюково: Путь:  -> 6; 
22:58:00: 	Автоматическое воспроизведение расписания	Формирование звукового сообщения: уважаемые пассажиры Пригородный электропоезд до ст Крюково Отправлением Время отправления: 23:18 будет подан под посадку На 6ой путь уважаемые пассажиры Пригородный электропоезд до ст Крюково Отправлением Время отправления: 23:18 будет подан под посадку На 6ой путь Электропоезд движется со всеми остановками . Повтор 1 раз.
22:59:00: 	Автоматическое воспроизведение расписания	Формирование звукового сообщения: уважаемые пассажиры заканчивается посадка на пригород э.п Крюково Отправлением Время отправления: 23:01 Электропоезд находится На 12ом пути заканчивается посадка на пригород э.п Крюково Отправлением Время отправления: 23:01 Электропоезд находится На 12ом пути Электропоезд движется со всеми остановками желаем вам счастливого пути . Повтор 1 раз.
22:59:00: 	Автоматическое воспроизведение расписания	Формирование звукового сообщения: уважаемые пассажиры продолжается посадка на пригород э.п Крюково Отправлением Время отправления: 23:09 продолжается посадка на пригород э.п Крюково Отправлением Время отправления: 23:09 Электропоезд находится На 10ом пути Электропоезд движется со всеми остановками . Повтор 1 раз.
22:59:54: 	Действие оператора	Формирование звукового сообщения: Внимание Встречающие скоростной поезд сапсан 777 Прибыл На 9ый путь Внимание Встречающие скоростной поезд сапсан 777 Прибыл На 9ый путь Нумерация с хвоста Благодарим за внимание . Повтор 1 раз.
23:00:00: 	Автоматическое воспроизведение расписания	Формирование звукового сообщения: Внимание Встречающие скоростной поезд сапсан 779 Ожидается прибытием На 7ой путь Внимание Встречающие скоростной поезд сапсан 779 Ожидается прибытием На 7ой путь Нумерация с хвоста Благодарим за внимание . Повтор 1 раз.
23:00:00: 	Автоматическое воспроизведение расписания	Формирование звукового сообщения: уважаемые пассажиры продолжается посадка на скорый фирменный 32Ф Отправлением Время отправления: 23:10 Поезд Находится На 3ем пути уважаемые пассажиры продолжается посадка на скорый фирменный 32Ф Отправлением Время отправления: 23:10 Поезд Находится На 3ем пути Благодарим за внимание . Повтор 1 раз.
23:00:00: 	Автоматическое воспроизведение расписания	Формирование звукового сообщения: уважаемые пассажиры начинается посадка на скорый фирменный 4Ф Отправлением Время отправления: 23:30 Поезд Находится На 1ом пути уважаемые пассажиры начинается посадка на скорый фирменный 4Ф Отправлением Время отправления: 23:30 Поезд Находится На 1ом пути Благодарим за внимание . Повтор 1 раз.
23:00:00: 	Автоматическое воспроизведение расписания	Формирование звукового сообщения: уважаемые пассажиры Скорый-Фирм. Поезд № 54Ф Отправлением Время отправления: 23:40 будет подан под посадку На 5ый путь уважаемые пассажиры Скорый-Фирм. Поезд № 54Ф Отправлением Время отправления: 23:40 будет подан под посадку На 5ый путь Благодарим за внимание . Повтор 1 раз.
23:00:30: 	Автоматическое воспроизведение звукового сообщения	Алкогольное опьянение
23:01:30: 	Автоматическое воспроизведение звукового сообщения	Видео наблюдение
23:03:00: 	Автоматическое воспроизведение расписания	Формирование звукового сообщения: уважаемые пассажиры продолжается посадка на пригород э.п Крюково Отправлением Время отправления: 23:18 продолжается посадка на пригород э.п Крюково Отправлением Время отправления: 23:18 Электропоезд находится На 6ом пути Электропоезд движется со всеми остановками . Повтор 1 раз.
23:04:00: 	Автоматическое воспроизведение расписания	Формирование звукового сообщения: уважаемые пассажиры продолжается посадка на пригород э.п Крюково Отправлением Время отправления: 23:09 продолжается посадка на пригород э.п Крюково Отправлением Время отправления: 23:09 Электропоезд находится На 10ом пути Электропоезд движется со всеми остановками . Повтор 1 раз.
23:05:00: 	Автоматическое воспроизведение расписания	Формирование звукового сообщения: уважаемые пассажиры до отпр ск ф п 32Ф остается 5 минут Поезд Находится На 3ем пути Просим занять места уважаемые пассажиры до отпр ск ф п 32Ф остается 5 минут Поезд Находится На 3ем пути Просим занять места . Повтор 1 раз.
23:06:37: 	Действие оператора	Формирование звукового сообщения: Внимание Встречающие скоростной поезд сапсан 779 Прибывает На 7ой путь Внимание Встречающие скоростной поезд сапсан 779 Прибывает На 7ой путь Нумерация с хвоста Благодарим за внимание . Повтор 1 раз.
23:07:00: 	Автоматическое воспроизведение расписания	Формирование звукового сообщения: уважаемые пассажиры заканчивается посадка на пригород э.п Крюково Отправлением Время отправления: 23:09 Электропоезд находится На 10ом пути заканчивается посадка на пригород э.п Крюково Отправлением Время отправления: 23:09 Электропоезд находится На 10ом пути Электропоезд движется со всеми остановками желаем вам счастливого пути . Повтор 1 раз.
23:08:00: 	Автоматическое воспроизведение расписания	Формирование звукового сообщения: уважаемые пассажиры заканчивается посадка на скорый фирменный 32Ф Отправлением Время отправления: 23:10 Поезд Находится На 3ем пути Просим занять места уважаемые пассажиры заканчивается посадка на скорый фирменный 32Ф Отправлением Время отправления: 23:10 Поезд Находится На 3ем пути Просим занять места желаем вам счастливого пути . Повтор 1 раз.
23:08:00: 	Автоматическое воспроизведение расписания	Формирование звукового сообщения: уважаемые пассажиры продолжается посадка на пригород э.п Крюково Отправлением Время отправления: 23:18 продолжается посадка на пригород э.п Крюково Отправлением Время отправления: 23:18 Электропоезд находится На 6ом пути Электропоезд движется со всеми остановками . Повтор 1 раз.
23:10:00: 	Автоматическое воспроизведение расписания	Формирование звукового сообщения: уважаемые пассажиры продолжается посадка на скорый фирменный 4Ф Отправлением Время отправления: 23:30 Поезд Находится На 1ом пути уважаемые пассажиры продолжается посадка на скорый фирменный 4Ф Отправлением Время отправления: 23:30 Поезд Находится На 1ом пути Благодарим за внимание . Повтор 1 раз.
23:10:00: 	Автоматическое воспроизведение расписания	Формирование звукового сообщения: уважаемые пассажиры начинается посадка на скорый фирменный 54Ф Отправлением Время отправления: 23:40 Поезд Находится На 5ом пути уважаемые пассажиры начинается посадка на скорый фирменный 54Ф Отправлением Время отправления: 23:40 Поезд Находится На 5ом пути Благодарим за внимание . Повтор 1 раз.
23:10:17: 	Действие оператора	Формирование звукового сообщения: Внимание Встречающие скоростной поезд сапсан 779 Прибыл На 1ом пути Внимание Встречающие скоростной поезд сапсан 779 Прибыл На 1ом пути Нумерация с хвоста Благодарим за внимание . Повтор 1 раз.
23:10:19: 	Действие оператора	Изменение настроек поезда: 779 СанктПетербург - Москва: Путь: 0 -> ; 
23:10:27: 	Действие оператора	Изменение настроек поезда: 779 СанктПетербург - Москва: Путь:  -> 7; 
23:10:30: 	Автоматическое воспроизведение звукового сообщения	Курение Табака
23:10:32: 	Действие оператора	Формирование звукового сообщения: Внимание Встречающие скоростной поезд сапсан 779 Прибыл На 7ой путь Внимание Встречающие скоростной поезд сапсан 779 Прибыл На 7ой путь Нумерация с хвоста Благодарим за внимание . Повтор 1 раз.
23:10:50: 	Действие оператора	Формирование звукового сообщения: Внимание Встречающие скоростной поезд сапсан 779 Прибыл На 7ой путь Внимание Встречающие скоростной поезд сапсан 779 Прибыл На 7ой путь Нумерация с хвоста Благодарим за внимание . Повтор 1 раз.
23:10:53: 	Действие оператора	Формирование звукового сообщения: Внимание Встречающие скоростной поезд сапсан 779 Прибыл На 7ой путь Внимание Встречающие скоростной поезд сапсан 779 Прибыл На 7ой путь Нумерация с хвоста Благодарим за внимание . Повтор 1 раз.
23:11:04: 	Действие оператора	Формирование звукового сообщения: Внимание Встречающие скоростной поезд сапсан 779 Прибыл На 7ой путь Внимание Встречающие скоростной поезд сапсан 779 Прибыл На 7ой путь Нумерация с хвоста Благодарим за внимание . Повтор 1 раз.
23:11:27: 	Действие оператора	Работа запрещена
23:11:29: 	Действие оператора	Работа разрешена
23:11:38: 	Действие оператора	Формирование звукового сообщения: Внимание Встречающие скоростной поезд сапсан 779 Прибыл На 7ой путь Внимание Встречающие скоростной поезд сапсан 779 Прибыл На 7ой путь Нумерация с хвоста Благодарим за внимание . Повтор 1 раз.
23:11:41: 	Действие оператора	Формирование звукового сообщения: Внимание Встречающие скоростной поезд сапсан 779 Прибыл На 7ой путь Внимание Встречающие скоростной поезд сапсан 779 Прибыл На 7ой путь Нумерация с хвоста Благодарим за внимание . Повтор 1 раз.
23:11:42: 	Действие оператора	Формирование звукового сообщения: Внимание Встречающие скоростной поезд сапсан 779 Прибыл На 7ой путь Внимание Встречающие скоростной поезд сапсан 779 Прибыл На 7ой путь Нумерация с хвоста Благодарим за внимание . Повтор 1 раз.
23:11:42: 	Действие оператора	Формирование звукового сообщения: Внимание Встречающие скоростной поезд сапсан 779 Прибыл На 7ой путь Внимание Встречающие скоростной поезд сапсан 779 Прибыл На 7ой путь Нумерация с хвоста Благодарим за внимание . Повтор 1 раз.
23:11:45: 	Действие оператора	Формирование звукового сообщения: Внимание Встречающие скоростной поезд сапсан 779 Прибыл На 7ой путь Внимание Встречающие скоростной поезд сапсан 779 Прибыл На 7ой путь Нумерация с хвоста Благодарим за внимание . Повтор 1 раз.
23:11:46: 	Действие оператора	Формирование звукового сообщения: Внимание Встречающие скоростной поезд сапсан 779 Прибыл На 7ой путь Внимание Встречающие скоростной поезд сапсан 779 Прибыл На 7ой путь Нумерация с хвоста Благодарим за внимание . Повтор 1 раз.
23:11:46: 	Действие оператора	Формирование звукового сообщения: Внимание Встречающие скоростной поезд сапсан 779 Прибыл На 7ой путь Внимание Встречающие скоростной поезд сапсан 779 Прибыл На 7ой путь Нумерация с хвоста Благодарим за внимание . Повтор 1 раз.
23:11:46: 	Действие оператора	Формирование звукового сообщения: Внимание Встречающие скоростной поезд сапсан 779 Прибыл На 7ой путь Внимание Встречающие скоростной поезд сапсан 779 Прибыл На 7ой путь Нумерация с хвоста Благодарим за внимание . Повтор 1 раз.
23:11:46: 	Действие оператора	Формирование звукового сообщения: Внимание Встречающие скоростной поезд сапсан 779 Прибыл На 7ой путь Внимание Встречающие скоростной поезд сапсан 779 Прибыл На 7ой путь Нумерация с хвоста Благодарим за внимание . Повтор 1 раз.
23:11:55: 	Действие оператора	Формирование звукового сообщения: Внимание Встречающие скоростной поезд сапсан 779 Прибыл На 7ой путь Внимание Встречающие скоростной поезд сапсан 779 Прибыл На 7ой путь Нумерация с хвоста Благодарим за внимание . Повтор 1 раз.
23:12:03: 	Действие оператора	Формирование звукового сообщения: Внимание Встречающие скоростной поезд сапсан 779 Прибыл На 7ой путь Внимание Встречающие скоростной поезд сапсан 779 Прибыл На 7ой путь Нумерация с хвоста Благодарим за внимание . Повтор 1 раз.
23:12:11: 	Действие оператора	Формирование звукового сообщения: Внимание Встречающие скоростной поезд сапсан 779 Прибыл На 7ой путь Внимание Встречающие скоростной поезд сапсан 779 Прибыл На 7ой путь Нумерация с хвоста Благодарим за внимание . Повтор 1 раз.
23:13:00: 	Автоматическое воспроизведение расписания	Формирование звукового сообщения: уважаемые пассажиры продолжается посадка на пригород э.п Крюково Отправлением Время отправления: 23:18 продолжается посадка на пригород э.п Крюково Отправлением Время отправления: 23:18 Электропоезд находится На 6ом пути Электропоезд движется со всеми остановками . Повтор 1 раз.
23:13:44: 	Действие оператора	Работа запрещена
23:14:15: 	Действие оператора	Работа разрешена
23:14:21: 	Действие оператора	Работа запрещена
23:14:21: 	Действие оператора	Работа разрешена
23:14:40: 	Действие оператора	Формирование звукового сообщения: уважаемые пассажиры продолжается посадка на пригород э.п Крюково Отправлением Время отправления: 23:18 продолжается посадка на пригород э.п Крюково Отправлением Время отправления: 23:18 Электропоезд находится На 6ом пути Электропоезд движется со всеми остановками . Повтор 1 раз.
23:15:30: 	Автоматическое воспроизведение звукового сообщения	КХР
23:16:00: 	Автоматическое воспроизведение расписания	Формирование звукового сообщения: уважаемые пассажиры заканчивается посадка на пригород э.п Крюково Отправлением Время отправления: 23:18 Электропоезд находится На 6ом пути заканчивается посадка на пригород э.п Крюково Отправлением Время отправления: 23:18 Электропоезд находится На 6ом пути Электропоезд движется со всеми остановками желаем вам счастливого пути . Повтор 1 раз.
23:17:24: 	Действие оператора	Изменение настроек поезда: 2Ф Москва - СанктПетербург"Красная Стрела": Путь:  -> 3; 
23:17:30: 	Автоматическое воспроизведение звукового сообщения	Объявления по громкой связи
23:20:00: 	Автоматическое воспроизведение расписания	Формирование звукового сообщения: уважаемые пассажиры продолжается посадка на скорый фирменный 4Ф Отправлением Время отправления: 23:30 Поезд Находится На 1ом пути уважаемые пассажиры продолжается посадка на скорый фирменный 4Ф Отправлением Время отправления: 23:30 Поезд Находится На 1ом пути Благодарим за внимание . Повтор 1 раз.
23:20:00: 	Автоматическое воспроизведение расписания	Формирование звукового сообщения: уважаемые пассажиры продолжается посадка на скорый фирменный 54Ф Отправлением Время отправления: 23:40 Поезд Находится На 5ом пути уважаемые пассажиры продолжается посадка на скорый фирменный 54Ф Отправлением Время отправления: 23:40 Поезд Находится На 5ом пути Благодарим за внимание . Повтор 1 раз.
23:20:09: 	Действие оператора	Изменение настроек поезда: 6394 Крюково: Путь:  -> 8; 
23:25:00: 	Автоматическое воспроизведение расписания	Формирование звукового сообщения: уважаемые пассажиры до отпр ск ф п 4Ф остается 5 минут Поезд Находится На 1ом пути Просим занять места уважаемые пассажиры до отпр ск ф п 4Ф остается 5 минут Поезд Находится На 1ом пути Просим занять места . Повтор 1 раз.
23:25:00: 	Автоматическое воспроизведение расписания	Формирование звукового сообщения: уважаемые пассажиры начинается посадка на скорый фирменный 2Ф Отправлением Время отправления: 23:55 Поезд Находится На 3ем пути уважаемые пассажиры начинается посадка на скорый фирменный 2Ф Отправлением Время отправления: 23:55 Поезд Находится На 3ем пути Благодарим за внимание . Повтор 1 раз.
23:25:17: 	Действие оператора	Изменение настроек поезда: 6524 Клин: Путь:  -> 14; 
23:25:30: 	Автоматическое воспроизведение звукового сообщения	Маломабильные пассажиры зал
23:27:00: 	Автоматическое воспроизведение расписания	Формирование звукового сообщения: уважаемые пассажиры продолжается посадка на пригород э.п Клин Отправлением Время отправления: 23:42 продолжается посадка на пригород э.п Клин Отправлением Время отправления: 23:42 Электропоезд находится На 14ом пути Электропоезд движется с остановками кроме станций: Алабушево Радишево Сенеж Головково Фроловская Стриглово . Повтор 1 раз.
23:28:00: 	Автоматическое воспроизведение расписания	Формирование звукового сообщения: уважаемые пассажиры заканчивается посадка на скорый фирменный 4Ф Отправлением Время отправления: 23:30 Поезд Находится На 1ом пути Просим занять места уважаемые пассажиры заканчивается посадка на скорый фирменный 4Ф Отправлением Время отправления: 23:30 Поезд Находится На 1ом пути Просим занять места желаем вам счастливого пути . Повтор 1 раз.
23:28:24: 	Действие оператора	Формирование звукового сообщения: уважаемые пассажиры продолжается посадка на пригород э.п Клин Отправлением Время отправления: 23:42 продолжается посадка на пригород э.п Клин Отправлением Время отправления: 23:42 Электропоезд находится На 14ом пути Электропоезд движется с остановками кроме станций: Алабушево Радишево Сенеж Головково Фроловская Стриглово . Повтор 1 раз.
23:30:00: 	Автоматическое воспроизведение расписания	Формирование звукового сообщения: уважаемые пассажиры продолжается посадка на скорый фирменный 54Ф Отправлением Время отправления: 23:40 Поезд Находится На 5ом пути уважаемые пассажиры продолжается посадка на скорый фирменный 54Ф Отправлением Время отправления: 23:40 Поезд Находится На 5ом пути Благодарим за внимание . Повтор 1 раз.
23:31:36: 	Действие оператора	Формирование звукового сообщения: уважаемые пассажиры продолжается посадка на пригород э.п Клин Отправлением Время отправления: 23:42 продолжается посадка на пригород э.п Клин Отправлением Время отправления: 23:42 Электропоезд находится На 14ом пути Электропоезд движется с остановками кроме станций: Алабушево Радишево Сенеж Головково Фроловская Стриглово . Повтор 1 раз.
23:33:30: 	Автоматическое воспроизведение звукового сообщения	Мост Тонель
23:35:00: 	Автоматическое воспроизведение расписания	Формирование звукового сообщения: уважаемые пассажиры до отпр ск ф п 54Ф остается 5 минут Поезд Находится На 5ом пути Просим занять места уважаемые пассажиры до отпр ск ф п 54Ф остается 5 минут Поезд Находится На 5ом пути Просим занять места . Повтор 1 раз.
23:35:00: 	Автоматическое воспроизведение расписания	Формирование звукового сообщения: уважаемые пассажиры продолжается посадка на скорый фирменный 2Ф Отправлением Время отправления: 23:55 Поезд Находится На 3ем пути уважаемые пассажиры продолжается посадка на скорый фирменный 2Ф Отправлением Время отправления: 23:55 Поезд Находится На 3ем пути Благодарим за внимание . Повтор 1 раз.
23:37:00: 	Автоматическое воспроизведение расписания	Формирование звукового сообщения: уважаемые пассажиры продолжается посадка на пригород э.п Клин Отправлением Время отправления: 23:42 продолжается посадка на пригород э.п Клин Отправлением Время отправления: 23:42 Электропоезд находится На 14ом пути Электропоезд движется с остановками кроме станций: Алабушево Радишево Сенеж Головково Фроловская Стриглово . Повтор 1 раз.
23:37:00: 	Автоматическое воспроизведение расписания	Формирование звукового сообщения: уважаемые пассажиры Пригородный электропоезд до ст Крюково Отправлением Время отправления: 23:57 будет подан под посадку На 8ой путь уважаемые пассажиры Пригородный электропоезд до ст Крюково Отправлением Время отправления: 23:57 будет подан под посадку На 8ой путь Электропоезд движется со всеми остановками . Повтор 1 раз.
23:38:00: 	Автоматическое воспроизведение расписания	Формирование звукового сообщения: уважаемые пассажиры заканчивается посадка на скорый фирменный 54Ф Отправлением Время отправления: 23:40 Поезд Находится На 5ом пути Просим занять места уважаемые пассажиры заканчивается посадка на скорый фирменный 54Ф Отправлением Время отправления: 23:40 Поезд Находится На 5ом пути Просим занять места желаем вам счастливого пути . Повтор 1 раз.
23:39:30: 	Автоматическое воспроизведение звукового сообщения	Посадка за 30 минут
23:40:00: 	Автоматическое воспроизведение расписания	Формирование звукового сообщения: уважаемые пассажиры заканчивается посадка на пригород э.п Клин Отправлением Время отправления: 23:42 Электропоезд находится На 14ом пути заканчивается посадка на пригород э.п Клин Отправлением Время отправления: 23:42 Электропоезд находится На 14ом пути Электропоезд движется с остановками кроме станций: Алабушево Радишево Сенеж Головково Фроловская Стриглово желаем вам счастливого пути . Повтор 1 раз.
23:42:00: 	Автоматическое воспроизведение расписания	Формирование звукового сообщения: уважаемые пассажиры продолжается посадка на пригород э.п Крюково Отправлением Время отправления: 23:57 продолжается посадка на пригород э.п Крюково Отправлением Время отправления: 23:57 Электропоезд находится На 8ом пути Электропоезд движется со всеми остановками . Повтор 1 раз.
23:45:00: 	Автоматическое воспроизведение расписания	Формирование звукового сообщения: уважаемые пассажиры продолжается посадка на скорый фирменный 2Ф Отправлением Время отправления: 23:55 Поезд Находится На 3ем пути уважаемые пассажиры продолжается посадка на скорый фирменный 2Ф Отправлением Время отправления: 23:55 Поезд Находится На 3ем пути Благодарим за внимание . Повтор 1 раз.
23:45:30: 	Автоматическое воспроизведение звукового сообщения	Сбор мусора
23:47:00: 	Автоматическое воспроизведение расписания	Формирование звукового сообщения: уважаемые пассажиры продолжается посадка на пригород э.п Крюково Отправлением Время отправления: 23:57 продолжается посадка на пригород э.п Крюково Отправлением Время отправления: 23:57 Электропоезд находится На 8ом пути Электропоезд движется со всеми остановками . Повтор 1 раз.
23:50:00: 	Автоматическое воспроизведение расписания	Формирование звукового сообщения: уважаемые пассажиры до отпр ск ф п 2Ф остается 5 минут Поезд Находится На 3ем пути Просим занять места уважаемые пассажиры до отпр ск ф п 2Ф остается 5 минут Поезд Находится На 3ем пути Просим занять места . Повтор 1 раз.
23:50:30: 	Автоматическое воспроизведение звукового сообщения	Безхозные весчи
23:51:10: 	Действие оператора	Работа запрещена
23:52:46: 	Действие оператора	Работа разрешена
23:53:00: 	Автоматическое воспроизведение расписания	Формирование звукового сообщения: уважаемые пассажиры заканчивается посадка на скорый фирменный 2Ф Отправлением Время отправления: 23:55 Поезд Находится На 3ем пути Просим занять места уважаемые пассажиры заканчивается посадка на скорый фирменный 2Ф Отправлением Время отправления: 23:55 Поезд Находится На 3ем пути Просим занять места желаем вам счастливого пути . Повтор 1 раз.
23:53:10: 	Действие оператора	Формирование звукового сообщения: уважаемые пассажиры продолжается посадка на пригород э.п Крюково Отправлением Время отправления: 23:57 продолжается посадка на пригород э.п Крюково Отправлением Время отправления: 23:57 Электропоезд находится На 8ом пути Электропоезд движется со всеми остановками . Повтор 1 раз.
23:53:30: 	Автоматическое воспроизведение звукового сообщения	Услуги носильиков
23:55:00: 	Автоматическое воспроизведение расписания	Формирование звукового сообщения: уважаемые пассажиры заканчивается посадка на пригород э.п Крюково Отправлением Время отправления: 23:57 Электропоезд находится На 8ом пути заканчивается посадка на пригород э.п Крюково Отправлением Время отправления: 23:57 Электропоезд находится На 8ом пути Электропоезд движется со всеми остановками желаем вам счастливого пути . Повтор 1 раз.
