11:38:32: 	Системное сообщение	Программный комплекс включен
11:40:14: 	Системное сообщение	Программный комплекс включен
15:59:06: 	Системное сообщение	Программный комплекс включен
16:00:58: 	Системное сообщение	Программный комплекс включен
16:02:30: 	Системное сообщение	Программный комплекс включен
16:03:43: 	Системное сообщение	Программный комплекс включен
16:04:27: 	Системное сообщение	Программный комплекс включен
16:05:35: 	Системное сообщение	Программный комплекс включен
16:06:00: 	Системное сообщение	Программный комплекс включен
16:08:07: 	Системное сообщение	Программный комплекс включен
16:08:54: 	Системное сообщение	Программный комплекс включен
16:11:24: 	Действие оператора	Изменение настроек поезда: 661 Москва - Великие Луки: Поезд: Москва - Великие Луки -> Москва - ; Ст.Назн.: Великие Луки -> ; 
16:12:37: 	Действие оператора	Изменение настроек поезда: 6600 Нахабино - : Поезд: Нахабино -  -> ; Ст.Отпр.: Нахабино -> ; Прибытие: 05:52 -> 05:54; 
16:15:44: 	Системное сообщение	Программный комплекс включен
16:26:47: 	Системное сообщение	Программный комплекс включен
16:39:41: 	Системное сообщение	Программный комплекс включен
16:40:07: 	Действие оператора	Изменение настроек поезда: 6600 Нахабино - : Поезд: Нахабино -  -> ; Ст.Отпр.: Нахабино -> ; 
16:41:17: 	Системное сообщение	Программный комплекс включен
17:12:43: 	Системное сообщение	Программный комплекс включен
17:12:54: 	Действие оператора	Изменение настроек поезда: 6217 Румянцево: Поезд: Румянцево -> ; Ст.Назн.: Румянцево -> ; Отправление: 18:00 -> 18:02; 
17:13:16: 	Системное сообщение	Программный комплекс включен
17:13:26: 	Действие оператора	Изменение настроек поезда: 6617 Нахабино: Поезд: Нахабино -> ; Ст.Назн.: Нахабино -> ; Отправление: 17:40 -> 17:42; 
17:13:50: 	Действие оператора	Изменение настроек поезда: 6217 Румянцево: Поезд: Румянцево -> ; Ст.Назн.: Румянцево -> ; Отправление: 18:00 -> 21:00; 
17:15:29: 	Системное сообщение	Программный комплекс включен
17:16:41: 	Действие оператора	Изменение настроек поезда: 5 СанктПетербург - Москва: Прибытие: 06:45 -> 06:47; 
17:17:27: 	Системное сообщение	Программный комплекс включен
17:24:33: 	Системное сообщение	Программный комплекс включен
17:27:36: 	Системное сообщение	Программный комплекс включен
17:27:46: 	Действие оператора	Изменение настроек поезда: 6304 Крюково: Отправление: 06:41 -> 06:50; 
17:30:56: 	Системное сообщение	Программный комплекс включен
17:31:07: 	Системное сообщение	Программный комплекс включен
17:37:06: 	Системное сообщение	Программный комплекс включен
17:37:20: 	Действие оператора	Изменение настроек поезда: 6316 Крюково: Отправление: 08:17 -> 08:44; 
17:38:11: 	Системное сообщение	Программный комплекс включен
17:38:41: 	Действие оператора	Изменение настроек поезда: 25 СанктПетербург - Москва "Смена": Прибытие: 07:19 -> 11:19; 
17:40:44: 	Системное сообщение	Программный комплекс включен
17:41:03: 	Действие оператора	Изменение настроек поезда: 6704 Тверь: Отправление: 07:28 -> 10:28; 
17:41:34: 	Действие оператора	Работа разрешена
17:42:01: 	Действие оператора	Изменение настроек поезда: 6612 Конаково: Путь:  -> 1; 
17:42:04: 	Действие оператора	Изменение настроек поезда: 6414 Подсолнечная: Путь:  -> 3; 
17:42:06: 	Действие оператора	Изменение настроек поезда: 6362 Крюково: Путь:  -> 4; 
17:42:08: 	Автоматическое воспроизведение звукового сообщения	Пригородные билеты
17:53:21: 	Системное сообщение	Программный комплекс включен
17:53:39: 	Действие оператора	Изменение настроек поезда: 6338 Крюково: Отправление: 10:54 -> 18:16; 
17:53:48: 	Действие оператора	Изменение настроек поезда: 6338 Крюково: Путь:  -> 3; 
17:54:01: 	Действие оператора	Изменение настроек поезда: 6342 Крюково: Отправление: 12:11 -> 18:16; 
17:54:08: 	Действие оператора	Изменение настроек поезда: 6342 Крюково: Путь:  -> 4; 
18:09:54: 	Системное сообщение	Программный комплекс включен
18:10:54: 	Системное сообщение	Программный комплекс включен
19:16:18: 	Системное сообщение	Программный комплекс включен
19:16:25: 	Действие оператора	Изменение настроек поезда: 6374 Крюково: Путь:  -> 4; 
19:16:52: 	Системное сообщение	Программный комплекс включен
19:16:58: 	Действие оператора	Изменение настроек поезда: 780 Москва - СанктПетербург: Путь:  -> 1; 
