11:39:28: 	Системное сообщение	Программный комплекс включен
11:40:14: 	Действие оператора	Изменение настроек поезда: 7326 Крюково ЛАСТОЧКА: Путь:  -> 1; 
11:40:39: 	Действие оператора	Изменение настроек поезда: 6342 Крюково: Путь:  -> 3; 
23:41:10: 	Действие оператора	Изменение настроек поезда: 20 Москва - СанктПетербург: Путь:  -> 3; 
23:41:27: 	Действие оператора	Изменение настроек поезда: 6394 Крюково: Путь:  -> 4; 
23:42:27: 	Действие оператора	Изменение настроек поезда: 6377 Крюково - Москва: Путь:  -> 3; 
23:42:34: 	Действие оператора	Изменение настроек поезда: 20 Москва - СанктПетербург "Мегаполис": Путь:  -> 7; 
23:42:50: 	Действие оператора	Изменение настроек поезда: 6396 Крюково: Путь:  -> 3; 
23:56:31: 	Действие оператора	Изменение настроек поезда: 6398 Крюково: Путь:  -> 3; 
23:56:53: 	Действие оператора	Работа разрешена
23:40:46: 	Системное сообщение	Программный комплекс включен
23:41:08: 	Действие оператора	Изменение настроек поезда: 6524 Клин: Путь:  -> 4; 
23:41:18: 	Действие оператора	Изменение настроек поезда: 2 Москва - СанктПетербург "Красная Стрела": Путь:  -> 2; 
23:41:30: 	Действие оператора	Работа разрешена
23:41:50: 	Действие оператора	Изменение настроек поезда: 6394 Крюково: Путь:  -> 4; 
23:42:00: 	Автоматическое воспроизведение расписания	Формирование звукового сообщения: уважаемые пассажиры продолжается посадка на пригород э.п 6394 Отправлением Время отправления: 23:57 продолжается посадка на пригород э.п 6394 Отправлением Время отправления: 23:57 Электропоезд находится На 4ом пути Электропоезд движется со всеми остановками . Повтор 1 раз.
23:44:10: 	Системное сообщение	Программный комплекс включен
23:44:36: 	Действие оператора	Изменение настроек поезда: 6394 Крюково: Путь:  -> 2; 
23:44:49: 	Действие оператора	Изменение настроек поезда: 20 Москва - СанктПетербург: Путь:  -> 2; 
23:44:54: 	Действие оператора	Изменение настроек поезда: 6377 Крюково - Москва: Путь:  -> 4; 
23:45:11: 	Действие оператора	Изменение настроек поезда: 20 Москва - СанктПетербург "Мегаполис": Путь:  -> 2; 
23:01:24: 	Действие оператора	Изменение настроек поезда: 6390 Крюково: Путь:  -> 1; 
23:01:54: 	Действие оператора	Изменение настроек поезда: 6392 Крюково: Путь:  -> 3; 
23:11:30: 	Системное сообщение	Программный комплекс включен
23:11:36: 	Действие оператора	Изменение настроек поезда: 6377 Крюково - Москва: Путь:  -> 2; 
23:11:38: 	Действие оператора	Изменение настроек поезда: 20 Москва - СанктПетербург "Мегаполис": Путь:  -> 4; 
23:11:40: 	Действие оператора	Изменение настроек поезда: 6396 Крюково: Путь:  -> 3; 
23:11:42: 	Действие оператора	Изменение настроек поезда: 16 Москва - Мурманск "Арктика": Путь:  -> 3; 
23:11:43: 	Действие оператора	Изменение настроек поезда: 6398 Крюково: Путь:  -> 3; 
23:13:19: 	Действие оператора	Изменение настроек поезда: 20 Москва - СанктПетербург "Мегаполис": Путь:  -> 2; 
23:13:22: 	Действие оператора	Изменение настроек поезда: 6396 Крюково: Путь:  -> 2; 
23:13:37: 	Действие оператора	Изменение настроек поезда: 16 Москва - Мурманск "Арктика": Путь:  -> 2; 
23:13:41: 	Действие оператора	Изменение настроек поезда: 6398 Крюково: Путь:  -> 3; 
23:15:26: 	Действие оператора	Изменение настроек поезда: 20 Москва - СанктПетербург "Мегаполис": Путь:  -> 2; 
23:15:30: 	Действие оператора	Изменение настроек поезда: 6396 Крюково: Путь:  -> 4; 
23:15:31: 	Действие оператора	Изменение настроек поезда: 16 Москва - Мурманск "Арктика": Путь:  -> 3; 
23:15:32: 	Действие оператора	Изменение настроек поезда: 6398 Крюково: Путь:  -> 3; 
23:15:34: 	Действие оператора	Изменение настроек поезда: 6300 Крюково: Путь:  -> 1; 
23:34:52: 	Системное сообщение	Программный комплекс включен
23:44:17: 	Системное сообщение	Программный комплекс включен
23:44:46: 	Системное сообщение	Программный комплекс включен
23:45:44: 	Системное сообщение	Программный комплекс включен
23:47:09: 	Системное сообщение	Программный комплекс включен
23:48:39: 	Системное сообщение	Программный комплекс включен
23:48:57: 	Действие оператора	Изменение настроек поезда: 20 Москва - СанктПетербург: Путь:  -> 2; 
23:48:59: 	Действие оператора	Изменение настроек поезда: 6377 Крюково - Москва: Путь:  -> 3; 
23:49:01: 	Действие оператора	Изменение настроек поезда: 20 Москва - СанктПетербург "Мегаполис": Путь:  -> 3; 
23:49:02: 	Действие оператора	Изменение настроек поезда: 6396 Крюково: Путь:  -> 3; 
23:49:26: 	Действие оператора	Изменение настроек поезда: 16 Москва - Мурманск "Арктика": Путь:  -> 2; 
23:49:32: 	Действие оператора	Изменение настроек поезда: 6398 Крюково: Путь:  -> 3; 
23:52:18: 	Действие оператора	Изменение настроек поезда: 6396 Крюково: Путь:  -> 2; 
23:52:20: 	Действие оператора	Изменение настроек поезда: 20 Москва - СанктПетербург "Мегаполис": Путь:  -> 2; 
23:52:21: 	Действие оператора	Изменение настроек поезда: 6377 Крюково - Москва: Путь:  -> 2; 
23:59:14: 	Действие оператора	Изменение настроек поезда: 6398 Крюково: Путь:  -> 1; 
23:59:16: 	Действие оператора	Изменение настроек поезда: 6300 Крюково: Путь:  -> 2; 
23:59:18: 	Действие оператора	Изменение настроек поезда: 6727 Тверь - Москва: Путь:  -> 2; 
23:59:20: 	Действие оператора	Изменение настроек поезда: 6396 Крюково: Путь:  -> 4; 
23:59:22: 	Действие оператора	Изменение настроек поезда: 20 Москва - СанктПетербург "Мегаполис": Путь:  -> 4; 
23:59:24: 	Действие оператора	Изменение настроек поезда: 6377 Крюково - Москва: Путь:  -> 2; 
23:59:41: 	Действие оператора	Изменение настроек поезда: 30 Москва - СанктПетербург: Путь:  -> 3; 
