17:00:12: 	Системное сообщение	Программный комплекс включен
17:00:30: 	Действие оператора	Изменение настроек поезда: 15 Мурманск - Москва "Арктика": Путь:  -> 4; 
17:00:33: 	Действие оператора	Изменение настроек поезда: 15 Мурманск - Москва "Арктика": Путь: 4 -> 6; 
17:00:35: 	Действие оператора	Изменение настроек поезда: 15 Мурманск - Москва "Арктика": Путь: 6 -> 10; 
17:01:09: 	Системное сообщение	Программный комплекс включен
17:08:48: 	Системное сообщение	Программный комплекс включен
17:08:51: 	Действие оператора	Изменение настроек поезда: 62 Москва - СанктПетербург: Путь:  -> 7; 
17:08:53: 	Действие оператора	Изменение настроек поезда: 62 Москва - СанктПетербург: Путь: 7 -> 6; 
17:13:45: 	Системное сообщение	Программный комплекс включен
17:15:42: 	Системное сообщение	Программный комплекс включен
17:15:48: 	Действие оператора	Изменение настроек поезда: 6727 Тверь - Москва: Путь:  -> 1; 
17:15:51: 	Действие оператора	Изменение настроек поезда: 6727 Тверь - Москва: Путь: 1 -> 2; 
17:16:12: 	Системное сообщение	Программный комплекс включен
17:16:17: 	Действие оператора	Изменение настроек поезда: 6362 Крюково: Путь:  -> 1; 
17:16:18: 	Действие оператора	Изменение настроек поезда: 6362 Крюково: Путь: 1 -> 4; 
17:16:20: 	Действие оператора	Изменение настроек поезда: 6362 Крюково: Путь: 4 -> 7; 
17:16:21: 	Действие оператора	Изменение настроек поезда: 6362 Крюково: Путь: 7 -> 5; 
17:16:25: 	Действие оператора	Изменение настроек поезда: 6362 Крюково: Путь: 5 -> 2; 
17:17:14: 	Системное сообщение	Программный комплекс включен
17:17:35: 	Системное сообщение	Программный комплекс включен
