13:30:11: 	Системное сообщение	Программный комплекс включен
13:31:03: 	Системное сообщение	Программный комплекс включен
16:56:32: 	Системное сообщение	Программный комплекс включен
16:58:03: 	Системное сообщение	Программный комплекс включен
17:05:15: 	Системное сообщение	Программный комплекс включен
17:07:04: 	Системное сообщение	Программный комплекс включен
17:07:27: 	Действие оператора	Изменение настроек поезда: 6203 Румянцево: Нум.пути: 0 -> 1; 
17:14:40: 	Системное сообщение	Программный комплекс включен
17:14:58: 	Действие оператора	Изменение настроек поезда: 6203 Румянцево: Путь:  -> 2; 
17:15:01: 	Действие оператора	Изменение настроек поезда: 6203 Румянцево: Путь:  -> 4; 
17:15:05: 	Действие оператора	Изменение настроек поезда: 6217 Румянцево: Путь: 4 -> 1; 
17:15:39: 	Системное сообщение	Программный комплекс включен
17:15:44: 	Действие оператора	Изменение настроек поезда: 6203 Румянцево: Путь:  -> 2; 
17:15:47: 	Действие оператора	Изменение настроек поезда: 664 Псков - Москва: Путь:  -> 4; 
17:15:49: 	Действие оператора	Изменение настроек поезда: 6209 Румянцево: Путь:  -> 1т; 
17:15:54: 	Действие оператора	Изменение настроек поезда: 6103 Волоколамск: Кол.повт.: 1 -> 2; 
17:15:58: 	Действие оператора	Изменение настроек поезда: 6003 Шаховская: Нум.пути: 0 -> 2; 
17:17:54: 	Системное сообщение	Программный комплекс включен
17:18:23: 	Действие оператора	Изменение настроек поезда: 6501 Новоиерусалимская: Путь:  -> 1; 
17:33:29: 	Системное сообщение	Программный комплекс включен
17:34:23: 	Системное сообщение	Программный комплекс включен
17:36:12: 	Действие оператора	Изменение настроек поезда: 6603 Нахабино: Путь:  -> 6; 
17:44:41: 	Системное сообщение	Программный комплекс включен
17:44:52: 	Действие оператора	Изменение настроек поезда: 6605 Нахабино: Путь:  -> 3; 
17:48:24: 	Системное сообщение	Программный комплекс включен
17:51:59: 	Системное сообщение	Программный комплекс включен
17:52:01: 	Действие оператора	Изменение настроек поезда: 6203 Румянцево: Путь:  -> 2; 
17:52:03: 	Действие оператора	Изменение настроек поезда: 6203 Румянцево: Путь: 2 -> 4; 
17:52:05: 	Действие оператора	Изменение настроек поезда: 6203 Румянцево: Путь: 4 -> 3; 
17:56:13: 	Системное сообщение	Программный комплекс включен
17:56:16: 	Действие оператора	Изменение настроек поезда: 6001 Шаховская: Путь:  -> 3; 
17:56:27: 	Системное сообщение	Программный комплекс включен
17:56:30: 	Действие оператора	Изменение настроек поезда: 6102 Волоколамск - : Путь:  -> 5; 
17:56:33: 	Действие оператора	Изменение настроек поезда: 6102 Волоколамск - : Путь: 5 -> 8; 
18:01:06: 	Системное сообщение	Программный комплекс включен
18:01:43: 	Системное сообщение	Программный комплекс включен
18:03:01: 	Системное сообщение	Программный комплекс включен
18:07:57: 	Системное сообщение	Программный комплекс включен
18:08:54: 	Системное сообщение	Программный комплекс включен
18:10:25: 	Системное сообщение	Программный комплекс включен
18:10:44: 	Действие оператора	Изменение настроек поезда: 661 Москва - Великие Луки: Путь: 2 -> 3; 
18:11:10: 	Действие оператора	Изменение настроек поезда: 6119 Волоколамск: Путь: 3 -> 10; 
