11:28:05: 	Системное сообщение	Программный комплекс включен
12:01:27: 	Системное сообщение	Программный комплекс включен
12:01:37: 	Действие оператора	Изменение настроек поезда: 6346 Крюково: Путь:  -> 2; 
12:01:39: 	Действие оператора	Изменение настроек поезда: 6344 Крюково: Путь:  -> 3; 
12:16:31: 	Системное сообщение	Программный комплекс включен
12:16:41: 	Действие оператора	Изменение настроек поезда: 6348 Крюково: Путь:  -> 2; 
12:16:43: 	Действие оператора	Изменение настроек поезда: 757 СанктПетербург - Москва: Путь:  -> 2; 
12:38:47: 	Системное сообщение	Программный комплекс включен
12:38:59: 	Действие оператора	Изменение настроек поезда: 768 Москва - СанктПетербург: Путь:  -> 2; 
12:42:10: 	Системное сообщение	Программный комплекс включен
12:42:22: 	Действие оператора	Изменение настроек поезда: 768 Москва - СанктПетербург: Путь:  -> 2; 
13:21:44: 	Системное сообщение	Программный комплекс включен
13:21:53: 	Действие оператора	Изменение настроек поезда: 7118 Тверь ЛАСТОЧКА: Путь:  -> 3; 
13:21:56: 	Действие оператора	Изменение настроек поезда: 6610 Конаково: Путь:  -> 2; 
13:48:55: 	Системное сообщение	Программный комплекс включен
14:16:40: 	Системное сообщение	Программный комплекс включен
14:17:12: 	Действие оператора	Изменение настроек поезда: 7336 Крюково ЛАСТОЧКА: Путь:  -> 4; 
14:24:38: 	Системное сообщение	Программный комплекс включен
14:24:48: 	Действие оператора	Изменение настроек поезда: 6410 Подсолнечная: Путь:  -> 4; 
14:25:05: 	Действие оператора	Изменение настроек поезда: 7338 Крюково ЛАСТОЧКА: Путь:  -> 2; 
14:58:01: 	Системное сообщение	Программный комплекс включен
14:59:14: 	Системное сообщение	Программный комплекс включен
14:59:40: 	Системное сообщение	Программный комплекс включен
15:03:34: 	Системное сообщение	Программный комплекс включен
15:03:54: 	Действие оператора	Изменение настроек поезда: 6410 Подсолнечная: Путь:  -> 2; 
15:15:29: 	Системное сообщение	Программный комплекс включен
15:15:38: 	Действие оператора	Изменение настроек поезда: 6354 Крюково: Путь:  -> 1; 
15:15:40: 	Действие оператора	Изменение настроек поезда: 7122 Тверь ЛАСТОЧКА: Путь:  -> 2; 
15:35:28: 	Системное сообщение	Программный комплекс включен
15:36:00: 	Действие оператора	Изменение настроек поезда: 7122 Тверь ЛАСТОЧКА: Путь:  -> 4; 
15:43:01: 	Системное сообщение	Программный комплекс включен
15:43:08: 	Действие оператора	Изменение настроек поезда: 6412 Подсолнечная: Путь:  -> 1; 
15:43:17: 	Действие оператора	Изменение настроек поезда: 6356 Крюково: Путь:  -> 2; 
16:02:21: 	Действие оператора	Формирование звукового сообщения: уважаемые пассажиры продолжается посадка на пригород э.п 6356 Отправлением Время отправления: 16:17 продолжается посадка на пригород э.п 6356 Отправлением Время отправления: 16:17 Электропоезд находится На 2ом пути Электропоезд движется со всеми остановками . Повтор 1 раз.
16:02:22: 	Действие оператора	Формирование звукового сообщения: уважаемые пассажиры продолжается посадка на пригород э.п 6356 Отправлением Время отправления: 16:17 продолжается посадка на пригород э.п 6356 Отправлением Время отправления: 16:17 Электропоезд находится На 2ом пути Электропоезд движется со всеми остановками . Повтор 1 раз.
16:02:26: 	Действие оператора	Формирование звукового сообщения: уважаемые пассажиры продолжается посадка на пригород э.п 6356 Отправлением Время отправления: 16:17 продолжается посадка на пригород э.п 6356 Отправлением Время отправления: 16:17 Электропоезд находится На 2ом пути Электропоезд движется со всеми остановками . Повтор 1 раз.
16:02:41: 	Системное сообщение	Программный комплекс включен
16:02:57: 	Действие оператора	Изменение настроек поезда: 7124 Тверь ЛАСТОЧКА: Путь:  -> 3; 
16:03:25: 	Действие оператора	Формирование звукового сообщения: уважаемые пассажиры заканчивается посадка на у.э. ласточка 7124 Отправлением Время отправления: 16:32 Электропоезд находится На 3ем пути заканчивается посадка на у.э. ласточка 7124 Отправлением Время отправления: 16:32 Электропоезд находится На 3ем пути Электропоезд движется с остановками на станциях: Сходня Крюково Подсолнечная Клин желаем вам счастливого пути . Повтор 1 раз.
16:06:28: 	Системное сообщение	Программный комплекс включен
16:06:49: 	Действие оператора	Воспроизведение звукового сообщения: Курение Табака
16:10:01: 	Системное сообщение	Программный комплекс включен
16:10:14: 	Действие оператора	Изменение настроек поезда: 6358 Крюково: Путь:  -> 2; 
16:10:17: 	Действие оператора	Изменение настроек поезда: 7342 Крюково ЛАСТОЧКА: Путь:  -> 2; 
16:28:38: 	Системное сообщение	Программный комплекс включен
16:28:49: 	Действие оператора	Изменение настроек поезда: 6516 Клин: Путь:  -> 4; 
17:00:29: 	Системное сообщение	Программный комплекс включен
17:00:43: 	Действие оператора	Формирование звукового сообщения: уважаемые пассажиры Пригородный электропоезд до ст 6304 Отправлением Время отправления: 06:41 будет подан под посадку уважаемые пассажиры Пригородный электропоезд до ст 6304 Отправлением Время отправления: 06:41 будет подан под посадку Электропоезд движется со всеми остановками . Повтор 1 раз.
17:06:02: 	Системное сообщение	Программный комплекс включен
17:18:01: 	Действие оператора	Работа разрешена
17:22:35: 	Автоматическое воспроизведение звукового сообщения	Пограничная станция
17:56:39: 	Системное сообщение	Программный комплекс включен
17:57:45: 	Системное сообщение	Программный комплекс включен
17:58:09: 	Системное сообщение	Программный комплекс включен
17:58:43: 	Системное сообщение	Программный комплекс включен
18:03:23: 	Системное сообщение	Программный комплекс включен
18:03:53: 	Системное сообщение	Программный комплекс включен
